org.osgi:core:4.3.0 not selected for indexing.
org.osgi:org.amdatu.remote.admin.http:0.1.2 not selected for indexing.
org.osgi:org.amdatu.remote.discovery.bonjour:0.1.2 not selected for indexing.
org.osgi:org.amdatu.remote.topology.promiscuous:0.1.2 not selected for indexing.
org.osgi:org.eclipse.equinox.coordinator:1.3.100.v20150410-1453 not selected for indexing.
org.osgi:org.eclipse.equinox.event:1.3.100.v20140115-1647 not selected for indexing.
org.osgi:org.eclipse.equinox.metatype:1.4.100.v20150408-1437 not selected for indexing.
org.osgi:org.eclipse.osgi:3.10.100.v20150529-1857 not selected for indexing.
org.osgi:org.knopflerfish.bundle.useradmin:4.1.1 not selected for indexing.
org.osgi:org.osgi:2.0.0 not selected for indexing.
org.osgi:org.osgi:3.0.0 not selected for indexing.
org.osgi:org.osgi.annotation:6.0.0 not selected for indexing.
org.osgi:org.osgi.annotation:6.0.0 is dependency of org.apache.felix:org.apache.felix.framework:7.0.0, indexing...
org.osgi:org.osgi.annotation:6.0.0 indexed.
org.osgi:org.osgi.annotation:6.0.0 is dependency of org.apache.felix:org.apache.felix.framework:7.0.1, indexing...
org.osgi:org.osgi.annotation:6.0.0 is dependency of org.apache.felix:org.apache.felix.framework:7.0.3, indexing...
org.osgi:org.osgi.annotation.bundle:1.0.0 not selected for indexing.
org.osgi:org.osgi.annotation.bundle:1.1.0 not selected for indexing.
org.osgi:org.osgi.annotation.bundle:1.1.1 not selected for indexing.
org.osgi:org.osgi.annotation.versioning:1.0.0 not selected for indexing.
org.osgi:org.osgi.annotation.versioning:1.1.0 not selected for indexing.
org.osgi:org.osgi.annotation.versioning:1.1.1 not selected for indexing.
org.osgi:org.osgi.annotation.versioning:1.1.2 not selected for indexing.
org.osgi:org.osgi.application:1.0.0 not selected for indexing.
org.osgi:org.osgi.compendium:4.0.0 is dependency of org.apache.felix:org.apache.felix.gogo.runtime:0.10.0, indexing...
org.osgi:org.osgi.compendium:4.0.0 indexed.
org.osgi:org.osgi.compendium:4.0.0 not selected for indexing.
org.osgi:org.osgi.compendium:4.0.1 not selected for indexing.
org.osgi:org.osgi.compendium:4.1.0 not selected for indexing.
org.osgi:org.osgi.compendium:4.2.0 not selected for indexing.
org.osgi:org.osgi.compendium:4.3.0 not selected for indexing.
org.osgi:org.osgi.compendium:4.3.1 is dependency of org.apache.felix:org.apache.felix.gogo.runtime:1.0.0, indexing...
org.osgi:org.osgi.compendium:4.3.1 indexed.
org.osgi:org.osgi.compendium:4.3.1 not selected for indexing.
org.osgi:org.osgi.compendium:5.0.0 not selected for indexing.
org.osgi:org.osgi.core:4.0.0 is dependency of org.apache.felix:org.apache.felix.gogo.runtime:0.10.0, indexing...
org.osgi:org.osgi.core:4.0.0 indexed.
org.osgi:org.osgi.core:4.0.0 not selected for indexing.
org.osgi:org.osgi.core:4.0.1 not selected for indexing.
org.osgi:org.osgi.core:4.1.0 not selected for indexing.
org.osgi:org.osgi.core:4.2.0 not selected for indexing.
org.osgi:org.osgi.core:4.3.0 not selected for indexing.
org.osgi:org.osgi.core:4.3.1 is dependency of org.apache.felix:org.apache.felix.gogo.runtime:1.0.0, indexing...
org.osgi:org.osgi.core:4.3.1 indexed.
org.osgi:org.osgi.core:4.3.1 is dependency of org.apache.logging.log4j:log4j-api:2.11.2, indexing...
org.osgi:org.osgi.core:4.3.1 is dependency of org.apache.logging.log4j:log4j-api:2.16.0, indexing...
org.osgi:org.osgi.core:4.3.1 not selected for indexing.
org.osgi:org.osgi.core:5.0.0 not selected for indexing.
org.osgi:org.osgi.core:5.0.0 is dependency of org.apache.felix:org.apache.felix.resolver:2.0.2, indexing...
org.osgi:org.osgi.core:5.0.0 indexed.
org.osgi:org.osgi.core:5.0.0 is dependency of org.apache.felix:org.apache.felix.resolver:2.0.4, indexing...
org.osgi:org.osgi.core:6.0.0 is dependency of de.dentrassi.osgi:net.luminis.cmc:0.5.0, indexing...
org.osgi:org.osgi.core:6.0.0 indexed.
org.osgi:org.osgi.core:6.0.0 is dependency of de.dentrassi.osgi:net.luminis.cmc:0.6.0, indexing...
org.osgi:org.osgi.core:6.0.0 is dependency of org.apache.logging.log4j:log4j-api:2.9.0, indexing...
org.osgi:org.osgi.core:6.0.0 not selected for indexing.
org.osgi:org.osgi.dto:1.0.0 not selected for indexing.
org.osgi:org.osgi.dto:1.1.0 not selected for indexing.
org.osgi:org.osgi.dto:1.1.1 not selected for indexing.
org.osgi:org.osgi.enterprise:4.2.0 not selected for indexing.
org.osgi:org.osgi.enterprise:5.0.0 not selected for indexing.
org.osgi:org.osgi.framework:1.8.0 not selected for indexing.
org.osgi:org.osgi.framework:1.9.0 not selected for indexing.
org.osgi:org.osgi.framework:1.10.0 not selected for indexing.
org.osgi:org.osgi.jmx:1.1.0 not selected for indexing.
org.osgi:org.osgi.namespace.contract:1.0.0 not selected for indexing.
org.osgi:org.osgi.namespace.extender:1.0.1 not selected for indexing.
org.osgi:org.osgi.namespace.implementation:1.0.0 not selected for indexing.
org.osgi:org.osgi.namespace.service:1.0.0 not selected for indexing.
org.osgi:org.osgi.namespace.unresolvable:1.0.0 not selected for indexing.
org.osgi:org.osgi.resource:1.0.0 not selected for indexing.
org.osgi:org.osgi.resource:1.0.1 not selected for indexing.
org.osgi:org.osgi.service.application:1.1.0 not selected for indexing.
org.osgi:org.osgi.service.async:1.0.0 not selected for indexing.
org.osgi:org.osgi.service.blueprint:1.0.2 not selected for indexing.
org.osgi:org.osgi.service.cdi:1.0.0 not selected for indexing.
org.osgi:org.osgi.service.cdi:1.0.1 not selected for indexing.
org.osgi:org.osgi.service.clusterinfo:1.0.0 not selected for indexing.
org.osgi:org.osgi.service.cm:1.5.0 is dependency of de.dentrassi.osgi:net.luminis.cmc:0.5.0, indexing...
org.osgi:org.osgi.service.cm:1.5.0 indexed.
org.osgi:org.osgi.service.cm:1.5.0 is dependency of de.dentrassi.osgi:net.luminis.cmc:0.6.0, indexing...
org.osgi:org.osgi.service.cm:1.5.0 not selected for indexing.
org.osgi:org.osgi.service.cm:1.6.0 not selected for indexing.
org.osgi:org.osgi.service.cm:1.6.1 not selected for indexing.
org.osgi:org.osgi.service.component:1.3.0 not selected for indexing.
org.osgi:org.osgi.service.component:1.4.0 not selected for indexing.
org.osgi:org.osgi.service.component:1.5.0-RC1 not selected for indexing.
org.osgi:org.osgi.service.component:1.5.0 not selected for indexing.
org.osgi:org.osgi.service.component.annotations:1.3.0 is dependency of de.dentrassi.osgi:net.luminis.cmc:0.5.0, indexing...
org.osgi:org.osgi.service.component.annotations:1.3.0 indexed.
org.osgi:org.osgi.service.component.annotations:1.3.0 is dependency of de.dentrassi.osgi:net.luminis.cmc:0.6.0, indexing...
org.osgi:org.osgi.service.component.annotations:1.3.0 not selected for indexing.
org.osgi:org.osgi.service.component.annotations:1.4.0 not selected for indexing.
org.osgi:org.osgi.service.component.annotations:1.5.0-RC1 not selected for indexing.
org.osgi:org.osgi.service.component.annotations:1.5.0 not selected for indexing.
org.osgi:org.osgi.service.condition:1.0.0 not selected for indexing.
org.osgi:org.osgi.service.condpermadmin:1.1.1 not selected for indexing.
org.osgi:org.osgi.service.condpermadmin:1.1.2 not selected for indexing.
org.osgi:org.osgi.service.configurator:1.0.0 not selected for indexing.
org.osgi:org.osgi.service.configurator:1.0.1 not selected for indexing.
org.osgi:org.osgi.service.coordinator:1.0.2 not selected for indexing.
org.osgi:org.osgi.service.dal:1.0.0 not selected for indexing.
org.osgi:org.osgi.service.dal:1.0.1 not selected for indexing.
org.osgi:org.osgi.service.dal:1.0.2-RC1 not selected for indexing.
org.osgi:org.osgi.service.dal:1.0.2 not selected for indexing.
org.osgi:org.osgi.service.dal.functions:1.0.0 not selected for indexing.
org.osgi:org.osgi.service.dal.functions:1.0.1-RC1 not selected for indexing.
org.osgi:org.osgi.service.dal.functions:1.0.1 not selected for indexing.
org.osgi:org.osgi.service.deploymentadmin:1.1.0 not selected for indexing.
org.osgi:org.osgi.service.device:1.1.0 not selected for indexing.
org.osgi:org.osgi.service.device:1.1.1-RC1 not selected for indexing.
org.osgi:org.osgi.service.device:1.1.1 not selected for indexing.
org.osgi:org.osgi.service.dmt:2.0.1 not selected for indexing.
org.osgi:org.osgi.service.dmt:2.0.2 not selected for indexing.
org.osgi:org.osgi.service.enocean:1.0.0 not selected for indexing.
org.osgi:org.osgi.service.enocean:1.0.1 not selected for indexing.
org.osgi:org.osgi.service.event:1.3.1 not selected for indexing.
org.osgi:org.osgi.service.event:1.4.0 not selected for indexing.
org.osgi:org.osgi.service.event:1.4.1 not selected for indexing.
org.osgi:org.osgi.service.feature:1.0.0-RC1 not selected for indexing.
org.osgi:org.osgi.service.feature:1.0.0 not selected for indexing.
org.osgi:org.osgi.service.http:1.2.1 not selected for indexing.
org.osgi:org.osgi.service.http:1.2.2-RC1 not selected for indexing.
org.osgi:org.osgi.service.http:1.2.2 not selected for indexing.
org.osgi:org.osgi.service.http.whiteboard:1.0.0 not selected for indexing.
org.osgi:org.osgi.service.http.whiteboard:1.1.0 not selected for indexing.
org.osgi:org.osgi.service.http.whiteboard:1.1.1 not selected for indexing.
org.osgi:org.osgi.service.io:1.0.0 not selected for indexing.
org.osgi:org.osgi.service.jaxrs:1.0.0 not selected for indexing.
org.osgi:org.osgi.service.jaxrs:1.0.1 not selected for indexing.
org.osgi:org.osgi.service.jdbc:1.0.0 not selected for indexing.
org.osgi:org.osgi.service.jdbc:1.0.1 not selected for indexing.
org.osgi:org.osgi.service.jndi:1.0.0 not selected for indexing.
org.osgi:org.osgi.service.jndi:1.0.1-RC1 not selected for indexing.
org.osgi:org.osgi.service.jndi:1.0.1 not selected for indexing.
org.osgi:org.osgi.service.jpa:1.0.0 not selected for indexing.
org.osgi:org.osgi.service.jpa:1.1.0 not selected for indexing.
org.osgi:org.osgi.service.jpa:1.1.1 not selected for indexing.
org.osgi:org.osgi.service.log:1.3.0 not selected for indexing.
org.osgi:org.osgi.service.log:1.4.0 is dependency of de.mnl.osgi:de.mnl.osgi.log4j2osgi:1.0.1, indexing...
org.osgi:org.osgi.service.log:1.4.0 is dependency of de.mnl.osgi:de.mnl.osgi.lf4osgi:2.1.3, indexing...
org.osgi:org.osgi.service.log:1.4.0 is dependency of de.mnl.osgi:de.mnl.osgi.lf4osgi:2.1.1, indexing...
org.osgi:org.osgi.service.log:1.4.0 indexed.
org.osgi:org.osgi.service.log:1.4.0 is dependency of de.mnl.osgi:de.mnl.osgi.lf4osgi:2.1.2, indexing...
org.osgi:org.osgi.service.log:1.4.0 is dependency of de.mnl.osgi:de.mnl.osgi.lf4osgi:2.1.4, indexing...
org.osgi:org.osgi.service.log:1.4.0 is dependency of de.mnl.osgi:de.mnl.osgi.lf4osgi:2.1.5, indexing...
org.osgi:org.osgi.service.log:1.4.0 is dependency of de.mnl.osgi:de.mnl.osgi.slf4j2osgi:2.1.4, indexing...
org.osgi:org.osgi.service.log:1.4.0 is dependency of de.mnl.osgi:de.mnl.osgi.jul2osgi:1.4.1, indexing...
org.osgi:org.osgi.service.log:1.4.0 is dependency of de.mnl.osgi:de.mnl.osgi.jul2osgi:1.4.2, indexing...
org.osgi:org.osgi.service.log:1.4.0 is dependency of de.mnl.osgi:de.mnl.osgi.slf4j2osgi:2.1.5, indexing...
org.osgi:org.osgi.service.log:1.4.0 is dependency of de.mnl.osgi:de.mnl.osgi.jul2osgi:1.4.3, indexing...
org.osgi:org.osgi.service.log:1.4.0 is dependency of de.mnl.osgi:de.mnl.osgi.jul2osgi:1.5.0, indexing...
org.osgi:org.osgi.service.log:1.4.0 is dependency of de.mnl.osgi:de.mnl.osgi.jul2osgi:1.5.1, indexing...
org.osgi:org.osgi.service.log:1.4.0 is dependency of de.mnl.osgi:de.mnl.osgi.slf4j2osgi:2.1.6, indexing...
org.osgi:org.osgi.service.log:1.4.0 is dependency of de.mnl.osgi:de.mnl.osgi.osgi2jul:1.1.3, indexing...
org.osgi:org.osgi.service.log:1.4.0 is dependency of de.mnl.osgi:de.mnl.osgi.osgi2jul:1.1.5, indexing...
org.osgi:org.osgi.service.log:1.4.0 is dependency of de.mnl.osgi:de.mnl.osgi.osgi2jul:1.1.6, indexing...
org.osgi:org.osgi.service.log:1.4.0 is dependency of de.mnl.osgi:de.mnl.osgi.log4j2osgi:1.0.2, indexing...
org.osgi:org.osgi.service.log:1.4.0 is dependency of de.mnl.osgi:de.mnl.osgi.log4j2osgi:1.0.3, indexing...
org.osgi:org.osgi.service.log:1.4.0 is dependency of de.mnl.osgi:de.mnl.osgi.log4j2osgi:1.1.0, indexing...
org.osgi:org.osgi.service.log:1.4.0 is dependency of de.mnl.osgi:de.mnl.osgi.log4j2osgi:1.1.1, indexing...
org.osgi:org.osgi.service.log:1.4.0 is dependency of de.mnl.osgi:de.mnl.osgi.log4j2osgi:1.1.2, indexing...
org.osgi:org.osgi.service.log:1.4.0 is dependency of de.mnl.osgi:de.mnl.osgi.log4j2osgi:1.1.3, indexing...
org.osgi:org.osgi.service.log:1.4.0 not selected for indexing.
org.osgi:org.osgi.service.log:1.5.0 not selected for indexing.
org.osgi:org.osgi.service.log.stream:1.0.0-RC1 not selected for indexing.
org.osgi:org.osgi.service.log.stream:1.0.0 not selected for indexing.
org.osgi:org.osgi.service.metatype:1.3.0 not selected for indexing.
org.osgi:org.osgi.service.metatype:1.4.0 not selected for indexing.
org.osgi:org.osgi.service.metatype:1.4.1 not selected for indexing.
org.osgi:org.osgi.service.metatype.annotations:1.3.0 not selected for indexing.
org.osgi:org.osgi.service.metatype.annotations:1.4.0 not selected for indexing.
org.osgi:org.osgi.service.metatype.annotations:1.4.1 not selected for indexing.
org.osgi:org.osgi.service.monitor:1.0.0 not selected for indexing.
org.osgi:org.osgi.service.networkadapter:1.0.0 not selected for indexing.
org.osgi:org.osgi.service.networkadapter:1.0.1 not selected for indexing.
org.osgi:org.osgi.service.onem2m:1.0.0-RC1 not selected for indexing.
org.osgi:org.osgi.service.onem2m:1.0.0 not selected for indexing.
org.osgi:org.osgi.service.packageadmin:1.2.0 not selected for indexing.
org.osgi:org.osgi.service.packageadmin:1.2.1 not selected for indexing.
org.osgi:org.osgi.service.permissionadmin:1.2.0 not selected for indexing.
org.osgi:org.osgi.service.permissionadmin:1.2.1 not selected for indexing.
org.osgi:org.osgi.service.prefs:1.1.1 not selected for indexing.
org.osgi:org.osgi.service.prefs:1.1.2 not selected for indexing.
org.osgi:org.osgi.service.provisioning:1.2.0 not selected for indexing.
org.osgi:org.osgi.service.remoteserviceadmin:1.1.0 not selected for indexing.
org.osgi:org.osgi.service.repository:1.1.0 not selected for indexing.
org.osgi:org.osgi.service.resolver:1.0.1 not selected for indexing.
org.osgi:org.osgi.service.resolver:1.1.0 not selected for indexing.
org.osgi:org.osgi.service.resolver:1.1.1 not selected for indexing.
org.osgi:org.osgi.service.resourcemonitoring:1.0.0 not selected for indexing.
org.osgi:org.osgi.service.resourcemonitoring:1.0.1 not selected for indexing.
org.osgi:org.osgi.service.rest:1.0.0 not selected for indexing.
org.osgi:org.osgi.service.serial:1.0.0 not selected for indexing.
org.osgi:org.osgi.service.serial:1.0.1 not selected for indexing.
org.osgi:org.osgi.service.serviceloader:1.0.0 not selected for indexing.
org.osgi:org.osgi.service.startlevel:1.1.0 not selected for indexing.
org.osgi:org.osgi.service.startlevel:1.1.1 not selected for indexing.
org.osgi:org.osgi.service.subsystem:1.1.0 not selected for indexing.
org.osgi:org.osgi.service.tr069todmt:1.0.1 not selected for indexing.
org.osgi:org.osgi.service.tr069todmt:1.0.2 not selected for indexing.
org.osgi:org.osgi.service.transaction.control:1.0.0 not selected for indexing.
org.osgi:org.osgi.service.typedevent:1.0.0-RC1 not selected for indexing.
org.osgi:org.osgi.service.typedevent:1.0.0 not selected for indexing.
org.osgi:org.osgi.service.upnp:1.2.0 not selected for indexing.
org.osgi:org.osgi.service.upnp:1.2.1-RC1 not selected for indexing.
org.osgi:org.osgi.service.upnp:1.2.1 not selected for indexing.
org.osgi:org.osgi.service.url:1.0.0 not selected for indexing.
org.osgi:org.osgi.service.url:1.0.1 not selected for indexing.
org.osgi:org.osgi.service.usbinfo:1.0.0 not selected for indexing.
org.osgi:org.osgi.service.usbinfo:1.0.1 not selected for indexing.
org.osgi:org.osgi.service.useradmin:1.1.0 not selected for indexing.
org.osgi:org.osgi.service.useradmin:1.1.1-RC1 not selected for indexing.
org.osgi:org.osgi.service.useradmin:1.1.1 not selected for indexing.
org.osgi:org.osgi.service.wireadmin:1.0.1 not selected for indexing.
org.osgi:org.osgi.service.wireadmin:1.0.2-RC1 not selected for indexing.
org.osgi:org.osgi.service.wireadmin:1.0.2 not selected for indexing.
org.osgi:org.osgi.service.zigbee:1.0.0 not selected for indexing.
org.osgi:org.osgi.service.zigbee:1.0.1-RC1 not selected for indexing.
org.osgi:org.osgi.service.zigbee:1.0.1 not selected for indexing.
org.osgi:org.osgi.test.assertj.framework:0.9.0 not selected for indexing.
org.osgi:org.osgi.test.assertj.framework:0.10.0 not selected for indexing.
org.osgi:org.osgi.test.assertj.framework:1.0.0 not selected for indexing.
org.osgi:org.osgi.test.assertj.framework:1.0.1 not selected for indexing.
org.osgi:org.osgi.test.assertj.promise:0.9.0 not selected for indexing.
org.osgi:org.osgi.test.assertj.promise:0.10.0 not selected for indexing.
org.osgi:org.osgi.test.assertj.promise:1.0.0 not selected for indexing.
org.osgi:org.osgi.test.assertj.promise:1.0.1 not selected for indexing.
org.osgi:org.osgi.test.bom:1.0.0 not selected for indexing.
org.osgi:org.osgi.test.bom:1.0.1 not selected for indexing.
org.osgi:org.osgi.test.common:0.9.0 not selected for indexing.
org.osgi:org.osgi.test.common:0.10.0 not selected for indexing.
org.osgi:org.osgi.test.common:1.0.0 not selected for indexing.
org.osgi:org.osgi.test.common:1.0.1 not selected for indexing.
org.osgi:org.osgi.test.junit4:0.9.0 not selected for indexing.
org.osgi:org.osgi.test.junit4:0.10.0 not selected for indexing.
org.osgi:org.osgi.test.junit4:1.0.0 not selected for indexing.
org.osgi:org.osgi.test.junit4:1.0.1 not selected for indexing.
org.osgi:org.osgi.test.junit5:0.9.0 not selected for indexing.
org.osgi:org.osgi.test.junit5:0.10.0 not selected for indexing.
org.osgi:org.osgi.test.junit5:1.0.0 not selected for indexing.
org.osgi:org.osgi.test.junit5:1.0.1 not selected for indexing.
org.osgi:org.osgi.test.junit5.cm:0.10.0 not selected for indexing.
org.osgi:org.osgi.test.junit5.cm:1.0.0 not selected for indexing.
org.osgi:org.osgi.test.junit5.cm:1.0.1 not selected for indexing.
org.osgi:org.osgi.test.parent:0.9.0 not selected for indexing.
org.osgi:org.osgi.test.parent:0.10.0 not selected for indexing.
org.osgi:org.osgi.test.parent:1.0.0 not selected for indexing.
org.osgi:org.osgi.test.parent:1.0.1 not selected for indexing.
org.osgi:org.osgi.util.converter:1.0.0 not selected for indexing.
org.osgi:org.osgi.util.converter:1.0.1 not selected for indexing.
org.osgi:org.osgi.util.converter:1.0.8-RC1 not selected for indexing.
org.osgi:org.osgi.util.converter:1.0.8 not selected for indexing.
org.osgi:org.osgi.util.function:1.0.0 not selected for indexing.
org.osgi:org.osgi.util.function:1.1.0 not selected for indexing.
org.osgi:org.osgi.util.function:1.2.0-RC1 not selected for indexing.
org.osgi:org.osgi.util.function:1.2.0 not selected for indexing.
org.osgi:org.osgi.util.measurement:1.0.1 not selected for indexing.
org.osgi:org.osgi.util.measurement:1.0.2 not selected for indexing.
org.osgi:org.osgi.util.position:1.0.1 not selected for indexing.
org.osgi:org.osgi.util.promise:1.0.0 not selected for indexing.
org.osgi:org.osgi.util.promise:1.1.0 not selected for indexing.
org.osgi:org.osgi.util.promise:1.1.1 not selected for indexing.
org.osgi:org.osgi.util.promise:1.2.0-RC1 not selected for indexing.
org.osgi:org.osgi.util.promise:1.2.0 not selected for indexing.
org.osgi:org.osgi.util.pushstream:1.0.0 not selected for indexing.
org.osgi:org.osgi.util.pushstream:1.0.1 not selected for indexing.
org.osgi:org.osgi.util.pushstream:1.0.2-RC1 not selected for indexing.
org.osgi:org.osgi.util.pushstream:1.0.2 not selected for indexing.
org.osgi:org.osgi.util.tracker:1.5.1 not selected for indexing.
org.osgi:org.osgi.util.tracker:1.5.2 not selected for indexing.
org.osgi:org.osgi.util.tracker:1.5.3 not selected for indexing.
org.osgi:org.osgi.util.tracker:1.5.4 not selected for indexing.
org.osgi:org.osgi.util.xml:1.0.1 not selected for indexing.
org.osgi:org.osgi.util.xml:1.0.2-RC1 not selected for indexing.
org.osgi:org.osgi.util.xml:1.0.2 not selected for indexing.
org.osgi:osgi.annotation:6.0.0 in list, indexing...
org.osgi:osgi.annotation:6.0.0 indexed.
org.osgi:osgi.annotation:6.0.1 in list, indexing...
org.osgi:osgi.annotation:6.0.1 indexed.
org.osgi:osgi.annotation:6.0.1 is dependency of org.apache.felix:org.apache.felix.resolver:2.0.2, indexing...
org.osgi:osgi.annotation:6.0.1 is dependency of org.apache.felix:org.apache.felix.resolver:2.0.4, indexing...
org.osgi:osgi.annotation:7.0.0 in list, indexing...
org.osgi:osgi.annotation:7.0.0 indexed.
org.osgi:osgi.annotation:7.0.0 is dependency of org.osgi:osgi.core:8.0.0, indexing...
org.osgi:osgi.annotation:8.0.0 in list, indexing...
org.osgi:osgi.annotation:8.0.0 indexed.
org.osgi:osgi.annotation:8.0.1 in list, indexing...
org.osgi:osgi.annotation:8.0.1 indexed.
org.osgi:osgi.cmpn:4.3.1 in list, indexing...
org.osgi:osgi.cmpn:4.3.1 indexed.
org.osgi:osgi.cmpn:5.0.0 in list, indexing...
org.osgi:osgi.cmpn:5.0.0 indexed.
org.osgi:osgi.cmpn:6.0.0 in list, indexing...
org.osgi:osgi.cmpn:6.0.0 indexed.
org.osgi:osgi.cmpn:7.0.0 in list, indexing...
org.osgi:osgi.cmpn:7.0.0 indexed.
org.osgi:osgi.core:4.3.1 in list, indexing...
org.osgi:osgi.core:4.3.1 indexed.
org.osgi:osgi.core:5.0.0 in list, indexing...
org.osgi:osgi.core:5.0.0 indexed.
org.osgi:osgi.core:6.0.0 in list, indexing...
org.osgi:osgi.core:6.0.0 indexed.
org.osgi:osgi.core:7.0.0 in list, indexing...
org.osgi:osgi.core:7.0.0 indexed.
org.osgi:osgi.core:8.0.0 in list, indexing...
org.osgi:osgi.core:8.0.0 has dependencies: org.osgi:osgi.annotation:7.0.0
org.osgi:osgi.core:8.0.0 indexed.
org.osgi:osgi.enroute.authenticator.github.provider:2.0.0 not selected for indexing.
org.osgi:osgi.enroute.authenticator.github.provider:2.1.0 not selected for indexing.
org.osgi:osgi.enroute.authenticator.simple.provider:2.0.0 not selected for indexing.
org.osgi:osgi.enroute.authenticator.simple.provider:2.1.0 not selected for indexing.
org.osgi:osgi.enroute.authorization.simple.provider:2.0.0 not selected for indexing.
org.osgi:osgi.enroute.authorization.simple.provider:2.1.0 not selected for indexing.
org.osgi:osgi.enroute.base.api:2.0.0 not selected for indexing.
org.osgi:osgi.enroute.base.api:2.1.0 not selected for indexing.
org.osgi:osgi.enroute.base.debug.provider:2.0.0 not selected for indexing.
org.osgi:osgi.enroute.base.debug.provider:2.1.0 not selected for indexing.
org.osgi:osgi.enroute.base.guard:2.0.0 not selected for indexing.
org.osgi:osgi.enroute.base.guard:2.1.0 not selected for indexing.
org.osgi:osgi.enroute.base.provider:2.0.0 not selected for indexing.
org.osgi:osgi.enroute.base.provider:2.1.0 not selected for indexing.
org.osgi:osgi.enroute.base.test:2.0.0 not selected for indexing.
org.osgi:osgi.enroute.base.test:2.1.0 not selected for indexing.
org.osgi:osgi.enroute.bndtools.templates:2.1.0 not selected for indexing.
org.osgi:osgi.enroute.bostock.d3.webresource:3.5.6 not selected for indexing.
org.osgi:osgi.enroute.configurer.simple.provider:2.0.0 not selected for indexing.
org.osgi:osgi.enroute.configurer.simple.provider:2.1.0 not selected for indexing.
org.osgi:osgi.enroute.dtos.bndlib.provider:2.0.0 not selected for indexing.
org.osgi:osgi.enroute.dtos.bndlib.provider:2.1.0 not selected for indexing.
org.osgi:osgi.enroute.easse.simple.adapter:2.0.0 not selected for indexing.
org.osgi:osgi.enroute.easse.simple.adapter:2.1.0 not selected for indexing.
org.osgi:osgi.enroute.equinox.log.adapter:2.0.0 not selected for indexing.
org.osgi:osgi.enroute.equinox.log.adapter:2.1.0 not selected for indexing.
org.osgi:osgi.enroute.executor.simple.provider:2.0.0 not selected for indexing.
org.osgi:osgi.enroute.executor.simple.provider:2.1.0 not selected for indexing.
org.osgi:osgi.enroute.github.angular-ui.webresource:0.13.3 not selected for indexing.
org.osgi:osgi.enroute.gogo.shell.provider:2.0.0 not selected for indexing.
org.osgi:osgi.enroute.gogo.shell.provider:2.1.0 not selected for indexing.
org.osgi:osgi.enroute.google.angular.webresource:1.5.7 not selected for indexing.
org.osgi:osgi.enroute.hamcrest.wrapper:1.3.0 not selected for indexing.
org.osgi:osgi.enroute.iot.circuit.application:2.0.0 not selected for indexing.
org.osgi:osgi.enroute.iot.circuit.application:2.1.0 not selected for indexing.
org.osgi:osgi.enroute.iot.circuit.command:2.0.0 not selected for indexing.
org.osgi:osgi.enroute.iot.circuit.command:2.1.0 not selected for indexing.
org.osgi:osgi.enroute.iot.circuit.provider:2.0.0 not selected for indexing.
org.osgi:osgi.enroute.iot.circuit.provider:2.1.0 not selected for indexing.
org.osgi:osgi.enroute.iot.lego.adapter:2.0.0 not selected for indexing.
org.osgi:osgi.enroute.iot.lego.adapter:2.1.0 not selected for indexing.
org.osgi:osgi.enroute.iot.pi.command:2.0.0 not selected for indexing.
org.osgi:osgi.enroute.iot.pi.command:2.1.0 not selected for indexing.
org.osgi:osgi.enroute.iot.pi.provider:2.0.0 not selected for indexing.
org.osgi:osgi.enroute.iot.pi.provider:2.1.0 not selected for indexing.
org.osgi:osgi.enroute.jsonrpc.simple.provider:2.0.0 not selected for indexing.
org.osgi:osgi.enroute.jsonrpc.simple.provider:2.1.0 not selected for indexing.
org.osgi:osgi.enroute.jsplumb.webresource:1.7.6 not selected for indexing.
org.osgi:osgi.enroute.junit.wrapper:4.12.0 not selected for indexing.
org.osgi:osgi.enroute.logger.simple.provider:2.0.0 not selected for indexing.
org.osgi:osgi.enroute.logger.simple.provider:2.1.0 not selected for indexing.
org.osgi:osgi.enroute.logreader.rolling.provider:2.0.0 not selected for indexing.
org.osgi:osgi.enroute.logreader.rolling.provider:2.1.0 not selected for indexing.
org.osgi:osgi.enroute.maven:2.0.0 not selected for indexing.
org.osgi:osgi.enroute.polymer.app.webresource:2.1.0 not selected for indexing.
org.osgi:osgi.enroute.polymer.demo.application:2.1.0 not selected for indexing.
org.osgi:osgi.enroute.polymer.iron.webresource:2.1.0 not selected for indexing.
org.osgi:osgi.enroute.pom.distro:2.0.0 not selected for indexing.
org.osgi:osgi.enroute.pom.distro:2.1.0 not selected for indexing.
org.osgi:osgi.enroute.rest.simple.provider:2.0.0 not selected for indexing.
org.osgi:osgi.enroute.rest.simple.provider:2.1.0 not selected for indexing.
org.osgi:osgi.enroute.rest.simple.test:2.0.0 not selected for indexing.
org.osgi:osgi.enroute.rest.simple.test:2.1.0 not selected for indexing.
org.osgi:osgi.enroute.scheduler.simple.provider:2.0.0 not selected for indexing.
org.osgi:osgi.enroute.scheduler.simple.provider:2.1.0 not selected for indexing.
org.osgi:osgi.enroute.stackexchange.pagedown.webresource:1.1.1 not selected for indexing.
org.osgi:osgi.enroute.twitter.bootstrap.webresource:3.3.5 not selected for indexing.
org.osgi:osgi.enroute.verify:2.0.0 not selected for indexing.
org.osgi:osgi.enroute.web.simple.provider:2.0.0 not selected for indexing.
org.osgi:osgi.enroute.web.simple.provider:2.1.0 not selected for indexing.
org.osgi:osgi.enroute.web.simple.test:2.0.0 not selected for indexing.
org.osgi:osgi.enroute.web.simple.test:2.1.0 not selected for indexing.
org.osgi:osgi.enroute.webcomponentsjs.webresource:0.7.2 not selected for indexing.
org.osgi:osgi.enroute.webconsole.xray.provider:2.0.0 not selected for indexing.
org.osgi:osgi.enroute.webconsole.xray.provider:2.1.0 not selected for indexing.
org.osgi:osgi.enroute.websecurity.adapter:2.0.0 not selected for indexing.
org.osgi:osgi.enroute.websecurity.adapter:2.1.0 not selected for indexing.
org.osgi:osgi.enterprise:5.0.0 not selected for indexing.
org.osgi:osgi.enterprise:6.0.0 not selected for indexing.
org.osgi:osgi.enterprise:7.0.0 not selected for indexing.
org.osgi:osgi.promise:6.0.0 not selected for indexing.
org.osgi:osgi.promise:7.0.0 not selected for indexing.
org.osgi:osgi.promise:7.0.1 not selected for indexing.
org.osgi:osgi.promise:8.0.0 not selected for indexing.
org.osgi:osgi.residential:6.0.0 not selected for indexing.
org.osgi:osgi_R4_compendium:1.0 not selected for indexing.
org.osgi:osgi_R4_core:1.0 not selected for indexing.
org.osgi:slf4j.osgi:1.7.0 not selected for indexing.
