org.apache.ant:ant:1.7.0 is dependency of org.apache.felix:org.apache.felix.scr.ant:1.1.0, indexing...
org.apache.ant:ant:1.7.0 has dependencies: org.apache.ant:ant-launcher:1.7.0
org.apache.ant:ant:1.7.0 indexed.
org.apache.ant:ant:1.7.0 is dependency of org.apache.felix:org.apache.felix.scr.ant:1.1.2, indexing...
org.apache.ant:ant:1.7.0 is dependency of org.apache.felix:org.apache.felix.scr.ant:1.1.4, indexing...
org.apache.ant:ant:1.7.0 is dependency of org.apache.felix:org.apache.felix.scr.ant:1.2.0, indexing...
org.apache.ant:ant:1.7.0 is dependency of org.apache.felix:org.apache.felix.scr.ant:1.3.0, indexing...
org.apache.ant:ant:1.7.0 is dependency of org.apache.felix:org.apache.felix.scr.ant:1.4.0, indexing...
org.apache.ant:ant:1.7.0 is dependency of org.apache.felix:org.apache.felix.scr.ant:1.5.0, indexing...
org.apache.ant:ant:1.7.0 is dependency of org.apache.felix:org.apache.felix.scr.ant:1.6.0, indexing...
org.apache.ant:ant:1.7.0 is dependency of org.apache.felix:org.apache.felix.scr.ant:1.7.0, indexing...
org.apache.ant:ant:1.7.0 is dependency of org.apache.felix:org.apache.felix.scr.ant:1.8.0, indexing...
org.apache.ant:ant:1.7.0 is dependency of org.apache.felix:org.apache.felix.scr.ant:1.9.0, indexing...
org.apache.ant:ant:1.7.0 is dependency of org.apache.felix:org.apache.felix.scr.ant:1.10.0, indexing...
org.apache.ant:ant:1.7.0 is dependency of org.apache.felix:org.apache.felix.scr.ant:1.11.0, indexing...
org.apache.ant:ant:1.7.0 is dependency of org.apache.felix:org.apache.felix.scr.ant:1.13.0, indexing...
org.apache.ant:ant:1.7.0 is dependency of org.apache.felix:org.apache.felix.scr.ant:1.14.0, indexing...
org.apache.ant:ant:1.7.0 is dependency of org.apache.felix:org.apache.felix.scr.ant:1.15.0, indexing...
org.apache.ant:ant:1.7.0 is dependency of org.apache.felix:org.apache.felix.scr.ant:1.16.0, indexing...
org.apache.ant:ant:1.7.0 is dependency of org.apache.felix:org.apache.felix.scr.ant:1.17.0, indexing...
org.apache.ant:ant:1.7.0 is dependency of org.apache.felix:org.apache.felix.scr.ant:1.18.0, indexing...
org.apache.ant:ant-launcher:1.7.0 is dependency of org.apache.ant:ant:1.7.0, indexing...
org.apache.ant:ant-launcher:1.7.0 indexed.
