org.ops4j.base:ops4j-base-lang:1.2.3 is dependency of org.apache.felix:org.apache.felix.scr:2.0.14, indexing...
org.ops4j.base:ops4j-base-lang:1.2.3 indexed.
org.ops4j.base:ops4j-base-lang:1.2.3 is dependency of org.ops4j.base:ops4j-base-net:1.2.3, indexing...
org.ops4j.base:ops4j-base-lang:1.2.3 is dependency of org.apache.felix:org.apache.felix.scr:2.1.0, indexing...
org.ops4j.base:ops4j-base-lang:1.2.3 is dependency of org.apache.felix:org.apache.felix.scr:2.1.2, indexing...
org.ops4j.base:ops4j-base-lang:1.2.3 is dependency of org.apache.felix:org.apache.felix.scr:2.1.6, indexing...
org.ops4j.base:ops4j-base-lang:1.2.3 is dependency of org.apache.felix:org.apache.felix.scr:2.1.8, indexing...
org.ops4j.base:ops4j-base-lang:1.2.3 is dependency of org.apache.felix:org.apache.felix.scr:2.1.10, indexing...
org.ops4j.base:ops4j-base-lang:1.2.3 is dependency of org.apache.felix:org.apache.felix.scr:2.1.12, indexing...
org.ops4j.base:ops4j-base-lang:1.2.3 is dependency of org.apache.felix:org.apache.felix.scr:2.1.14, indexing...
org.ops4j.base:ops4j-base-lang:1.2.3 is dependency of org.apache.felix:org.apache.felix.scr:2.1.16, indexing...
org.ops4j.base:ops4j-base-lang:1.2.3 is dependency of org.apache.felix:org.apache.felix.scr:2.1.18, indexing...
org.ops4j.base:ops4j-base-lang:1.2.3 is dependency of org.apache.felix:org.apache.felix.scr:2.1.20, indexing...
org.ops4j.base:ops4j-base-lang:1.2.3 is dependency of org.apache.felix:org.apache.felix.scr:2.1.22, indexing...
org.ops4j.base:ops4j-base-lang:1.2.3 is dependency of org.apache.felix:org.apache.felix.scr:2.1.24, indexing...
org.ops4j.base:ops4j-base-lang:1.2.3 is dependency of org.apache.felix:org.apache.felix.scr:2.1.26, indexing...
org.ops4j.base:ops4j-base-lang:1.2.3 is dependency of org.apache.felix:org.apache.felix.scr:2.1.28, indexing...
org.ops4j.base:ops4j-base-lang:1.2.3 is dependency of org.apache.felix:org.apache.felix.scr:2.1.30, indexing...
org.ops4j.base:ops4j-base-lang:1.2.3 is dependency of org.apache.felix:org.apache.felix.scr:2.2.0-RC1, indexing...
org.ops4j.base:ops4j-base-monitors:1.2.3 is dependency of org.ops4j.base:ops4j-base-net:1.2.3, indexing...
org.ops4j.base:ops4j-base-monitors:1.2.3 indexed.
org.ops4j.base:ops4j-base-net:1.2.3 is dependency of org.apache.felix:org.apache.felix.scr:2.0.14, indexing...
org.ops4j.base:ops4j-base-net:1.2.3 has dependencies: org.ops4j.base:ops4j-base-lang:1.2.3, org.ops4j.base:ops4j-base-monitors:1.2.3
org.ops4j.base:ops4j-base-net:1.2.3 indexed.
org.ops4j.base:ops4j-base-net:1.2.3 is dependency of org.apache.felix:org.apache.felix.scr:2.1.0, indexing...
org.ops4j.base:ops4j-base-net:1.2.3 is dependency of org.apache.felix:org.apache.felix.scr:2.1.2, indexing...
org.ops4j.base:ops4j-base-net:1.2.3 is dependency of org.apache.felix:org.apache.felix.scr:2.1.6, indexing...
org.ops4j.base:ops4j-base-net:1.2.3 is dependency of org.apache.felix:org.apache.felix.scr:2.1.8, indexing...
org.ops4j.base:ops4j-base-net:1.2.3 is dependency of org.apache.felix:org.apache.felix.scr:2.1.10, indexing...
org.ops4j.base:ops4j-base-net:1.2.3 is dependency of org.apache.felix:org.apache.felix.scr:2.1.12, indexing...
org.ops4j.base:ops4j-base-net:1.2.3 is dependency of org.apache.felix:org.apache.felix.scr:2.1.14, indexing...
org.ops4j.base:ops4j-base-net:1.2.3 is dependency of org.apache.felix:org.apache.felix.scr:2.1.16, indexing...
org.ops4j.base:ops4j-base-net:1.2.3 is dependency of org.apache.felix:org.apache.felix.scr:2.1.18, indexing...
org.ops4j.base:ops4j-base-net:1.2.3 is dependency of org.apache.felix:org.apache.felix.scr:2.1.20, indexing...
org.ops4j.base:ops4j-base-net:1.2.3 is dependency of org.apache.felix:org.apache.felix.scr:2.1.22, indexing...
org.ops4j.base:ops4j-base-net:1.2.3 is dependency of org.apache.felix:org.apache.felix.scr:2.1.24, indexing...
org.ops4j.base:ops4j-base-net:1.2.3 is dependency of org.apache.felix:org.apache.felix.scr:2.1.26, indexing...
org.ops4j.base:ops4j-base-net:1.2.3 is dependency of org.apache.felix:org.apache.felix.scr:2.1.28, indexing...
org.ops4j.base:ops4j-base-net:1.2.3 is dependency of org.apache.felix:org.apache.felix.scr:2.1.30, indexing...
org.ops4j.base:ops4j-base-net:1.2.3 is dependency of org.apache.felix:org.apache.felix.scr:2.2.0-RC1, indexing...
