org.apache.maven:maven-aether-provider:3.0 is dependency of org.apache.maven:maven-core:3.0, indexing...
org.apache.maven:maven-aether-provider:3.0 has dependencies: org.sonatype.aether:aether-impl:1.7, org.apache.maven:maven-repository-metadata:3.0, org.apache.maven:maven-model-builder:3.0, org.codehaus.plexus:plexus-component-annotations:1.5.5, org.sonatype.aether:aether-util:1.7, org.sonatype.aether:aether-api:1.7
org.apache.maven:maven-aether-provider:3.0 indexed.
org.apache.maven:maven-artifact:2.0.7 is dependency of org.apache.maven:maven-project:2.0.7, indexing...
org.apache.maven:maven-artifact:2.0.7 has dependencies: org.codehaus.plexus:plexus-utils:1.4.1
org.apache.maven:maven-artifact:2.0.7 indexed.
org.apache.maven:maven-artifact:2.0.7 is dependency of org.apache.maven:maven-artifact-manager:2.0.7, indexing...
org.apache.maven:maven-artifact:2.0.7 is dependency of org.apache.felix:org.apache.felix.dependencymanager.annotation:3.0.0, indexing...
org.apache.maven:maven-artifact:2.0.7 is dependency of org.apache.felix:org.apache.felix.dependencymanager.annotation:3.1.0, indexing...
org.apache.maven:maven-artifact:2.0.7 is dependency of org.apache.felix:org.apache.felix.dependencymanager.annotation:3.2.0, indexing...
org.apache.maven:maven-artifact:2.0.7 is dependency of org.apache.felix:maven-obr-plugin:1.2.0, indexing...
org.apache.maven:maven-artifact:3.0 is dependency of org.apache.maven.plugin-tools:maven-plugin-annotations:3.5, indexing...
org.apache.maven:maven-artifact:3.0 has dependencies: org.codehaus.plexus:plexus-utils:2.0.4
org.apache.maven:maven-artifact:3.0 indexed.
org.apache.maven:maven-artifact:3.0 is dependency of org.apache.maven:maven-plugin-api:3.0, indexing...
org.apache.maven:maven-artifact:3.0 is dependency of org.apache.maven:maven-core:3.0, indexing...
org.apache.maven:maven-artifact:3.5.0 is dependency of org.apache.maven:maven-plugin-api:3.5.0, indexing...
org.apache.maven:maven-artifact:3.5.0 has dependencies: org.apache.commons:commons-lang3:3.5, org.codehaus.plexus:plexus-utils:3.0.24
org.apache.maven:maven-artifact:3.5.0 indexed.
org.apache.maven:maven-artifact:3.5.0 is dependency of org.apache.maven:maven-core:3.5.0, indexing...
org.apache.maven:maven-artifact:3.5.0 is dependency of org.apache.maven:maven-model-builder:3.5.0, indexing...
org.apache.maven:maven-artifact:3.5.0 is dependency of org.apache.felix:osgicheck-maven-plugin:0.1.0, indexing...
org.apache.maven:maven-artifact:3.5.0 is dependency of org.apache.maven:maven-compat:3.5.0, indexing...
org.apache.maven:maven-artifact:3.6.3 is dependency of org.apache.maven:maven-model-builder:3.6.3, indexing...
org.apache.maven:maven-artifact:3.6.3 has dependencies: org.codehaus.plexus:plexus-utils:3.2.1, org.apache.commons:commons-lang3:3.8.1
org.apache.maven:maven-artifact:3.6.3 indexed.
org.apache.maven:maven-artifact:3.6.3 is dependency of org.apache.maven:maven-core:3.6.3, indexing...
org.apache.maven:maven-artifact:3.6.3 is dependency of org.apache.maven:maven-plugin-api:3.6.3, indexing...
org.apache.maven:maven-artifact-manager:2.0.7 is dependency of org.apache.maven:maven-project:2.0.7, indexing...
org.apache.maven:maven-artifact-manager:2.0.7 has dependencies: org.codehaus.plexus:plexus-container-default:1.0-alpha-9-stable-1, org.apache.maven.wagon:wagon-provider-api:1.0-beta-2, org.codehaus.plexus:plexus-utils:1.4.1, org.apache.maven:maven-repository-metadata:2.0.7, org.apache.maven:maven-artifact:2.0.7
org.apache.maven:maven-artifact-manager:2.0.7 indexed.
org.apache.maven:maven-artifact-manager:2.0.7 is dependency of org.apache.felix:maven-obr-plugin:1.2.0, indexing...
org.apache.maven:maven-builder-support:3.5.0 is dependency of org.apache.maven:maven-settings-builder:3.5.0, indexing...
org.apache.maven:maven-builder-support:3.5.0 has dependencies: org.codehaus.plexus:plexus-utils:3.0.24, org.apache.commons:commons-lang3:3.5
org.apache.maven:maven-builder-support:3.5.0 indexed.
org.apache.maven:maven-builder-support:3.5.0 is dependency of org.apache.maven:maven-model-builder:3.5.0, indexing...
org.apache.maven:maven-builder-support:3.6.3 is dependency of org.apache.maven:maven-model-builder:3.6.3, indexing...
org.apache.maven:maven-builder-support:3.6.3 indexed.
org.apache.maven:maven-builder-support:3.6.3 is dependency of org.apache.maven:maven-settings-builder:3.6.3, indexing...
org.apache.maven:maven-builder-support:3.6.3 is dependency of org.apache.maven:maven-core:3.6.3, indexing...
org.apache.maven:maven-compat:3.5.0 is dependency of org.apache.felix:osgicheck-maven-plugin:0.1.0, indexing...
org.apache.maven:maven-compat:3.5.0 has dependencies: org.apache.maven.wagon:wagon-provider-api:2.12, org.apache.maven.resolver:maven-resolver-api:1.0.3, org.apache.maven:maven-core:3.5.0, org.apache.maven:maven-settings:3.5.0, org.apache.maven.resolver:maven-resolver-impl:1.0.3, org.apache.maven:maven-artifact:3.5.0, org.apache.maven:maven-model-builder:3.5.0, org.eclipse.sisu:org.eclipse.sisu.plexus:0.3.3, org.apache.maven:maven-resolver-provider:3.5.0, org.codehaus.plexus:plexus-interpolation:1.24, org.apache.maven:maven-model:3.5.0, org.codehaus.plexus:plexus-utils:3.0.24, org.codehaus.plexus:plexus-component-annotations:1.7.1, org.apache.maven.resolver:maven-resolver-util:1.0.3
org.apache.maven:maven-compat:3.5.0 indexed.
org.apache.maven:maven-core:3.0 is dependency of org.apache.maven.shared:maven-filtering:3.1.1, indexing...
org.apache.maven:maven-core:3.0 has dependencies: org.codehaus.plexus:plexus-classworlds:2.2.3, org.apache.maven:maven-repository-metadata:3.0, org.apache.maven:maven-plugin-api:3.0, org.apache.maven:maven-artifact:3.0, org.sonatype.aether:aether-impl:1.7, org.sonatype.plexus:plexus-sec-dispatcher:1.3, org.apache.maven:maven-model:3.0, org.sonatype.sisu:sisu-inject-plexus:1.4.2, org.sonatype.aether:aether-api:1.7, org.codehaus.plexus:plexus-interpolation:1.14, org.apache.maven:maven-settings-builder:3.0, org.apache.maven:maven-settings:3.0, org.apache.maven:maven-model-builder:3.0, org.codehaus.plexus:plexus-utils:2.0.4, org.sonatype.aether:aether-util:1.7, org.codehaus.plexus:plexus-component-annotations:1.5.5, org.apache.maven:maven-aether-provider:3.0
org.apache.maven:maven-core:3.0 indexed.
org.apache.maven:maven-core:3.0 is dependency of org.apache.maven.shared:maven-shared-utils:3.0.0, indexing...
org.apache.maven:maven-core:3.5.0 is dependency of org.apache.felix:osgicheck-maven-plugin:0.1.0, indexing...
org.apache.maven:maven-core:3.5.0 has dependencies: org.apache.maven:maven-repository-metadata:3.5.0, com.google.inject:guice:4.0, org.codehaus.plexus:plexus-utils:3.0.24, org.apache.maven:maven-model:3.5.0, org.codehaus.plexus:plexus-classworlds:2.5.2, org.codehaus.plexus:plexus-component-annotations:1.7.1, org.apache.maven.shared:maven-shared-utils:3.1.0, org.apache.maven:maven-plugin-api:3.5.0, org.apache.maven:maven-settings:3.5.0, org.apache.maven.resolver:maven-resolver-impl:1.0.3, org.apache.maven.resolver:maven-resolver-spi:1.0.3, org.apache.maven.resolver:maven-resolver-util:1.0.3, org.codehaus.plexus:plexus-interpolation:1.24, org.apache.maven:maven-artifact:3.5.0, org.apache.maven:maven-settings-builder:3.5.0, org.apache.maven:maven-model-builder:3.5.0, org.sonatype.plexus:plexus-sec-dispatcher:1.4, org.apache.maven.resolver:maven-resolver-api:1.0.3, org.apache.commons:commons-lang3:3.5, org.apache.maven:maven-resolver-provider:3.5.0, org.eclipse.sisu:org.eclipse.sisu.plexus:0.3.3
org.apache.maven:maven-core:3.5.0 indexed.
org.apache.maven:maven-core:3.5.0 is dependency of org.apache.maven:maven-compat:3.5.0, indexing...
org.apache.maven:maven-core:3.6.3 is dependency of org.apache.felix:atomos-maven-plugin:0.9.0, indexing...
org.apache.maven:maven-core:3.6.3 has dependencies: org.codehaus.plexus:plexus-component-annotations:2.1.0, org.codehaus.plexus:plexus-classworlds:2.6.0, org.apache.maven.resolver:maven-resolver-spi:1.4.1, org.apache.maven:maven-settings:3.6.3, com.google.inject:guice:4.2.1, org.apache.commons:commons-lang3:3.8.1, org.apache.maven:maven-model:3.6.3, org.apache.maven:maven-model-builder:3.6.3, org.eclipse.sisu:org.eclipse.sisu.plexus:0.3.4, javax.inject:javax.inject:1, org.apache.maven:maven-settings-builder:3.6.3, org.apache.maven.shared:maven-shared-utils:3.2.1, org.apache.maven:maven-artifact:3.6.3, org.apache.maven.resolver:maven-resolver-api:1.4.1, org.apache.maven:maven-plugin-api:3.6.3, org.apache.maven.resolver:maven-resolver-util:1.4.1, org.apache.maven.resolver:maven-resolver-impl:1.4.1, org.apache.maven:maven-repository-metadata:3.6.3, org.apache.maven:maven-resolver-provider:3.6.3, org.codehaus.plexus:plexus-utils:3.2.1, org.eclipse.sisu:org.eclipse.sisu.inject:0.3.4, org.apache.maven:maven-builder-support:3.6.3
org.apache.maven:maven-core:3.6.3 indexed.
org.apache.maven:maven-model:2.0.7 is dependency of org.apache.maven:maven-settings:2.0.7, indexing...
org.apache.maven:maven-model:2.0.7 has dependencies: org.codehaus.plexus:plexus-utils:1.4.1
org.apache.maven:maven-model:2.0.7 indexed.
org.apache.maven:maven-model:2.0.7 is dependency of org.apache.maven:maven-profile:2.0.7, indexing...
org.apache.maven:maven-model:2.0.7 is dependency of org.apache.maven:maven-project:2.0.7, indexing...
org.apache.maven:maven-model:2.0.7 is dependency of org.apache.felix:maven-obr-plugin:1.2.0, indexing...
org.apache.maven:maven-model:3.0 is dependency of org.apache.maven:maven-plugin-api:3.0, indexing...
org.apache.maven:maven-model:3.0 has dependencies: org.codehaus.plexus:plexus-utils:2.0.4
org.apache.maven:maven-model:3.0 indexed.
org.apache.maven:maven-model:3.0 is dependency of org.apache.maven:maven-core:3.0, indexing...
org.apache.maven:maven-model:3.0 is dependency of org.apache.maven:maven-model-builder:3.0, indexing...
org.apache.maven:maven-model:3.5.0 is dependency of org.apache.maven:maven-core:3.5.0, indexing...
org.apache.maven:maven-model:3.5.0 has dependencies: org.apache.commons:commons-lang3:3.5, org.codehaus.plexus:plexus-utils:3.0.24
org.apache.maven:maven-model:3.5.0 indexed.
org.apache.maven:maven-model:3.5.0 is dependency of org.apache.maven:maven-plugin-api:3.5.0, indexing...
org.apache.maven:maven-model:3.5.0 is dependency of org.apache.maven:maven-model-builder:3.5.0, indexing...
org.apache.maven:maven-model:3.5.0 is dependency of org.apache.maven:maven-resolver-provider:3.5.0, indexing...
org.apache.maven:maven-model:3.5.0 is dependency of org.apache.maven:maven-compat:3.5.0, indexing...
org.apache.maven:maven-model:3.6.3 is dependency of org.apache.maven:maven-core:3.6.3, indexing...
org.apache.maven:maven-model:3.6.3 has dependencies: org.codehaus.plexus:plexus-utils:3.2.1
org.apache.maven:maven-model:3.6.3 indexed.
org.apache.maven:maven-model:3.6.3 is dependency of org.apache.maven:maven-model-builder:3.6.3, indexing...
org.apache.maven:maven-model:3.6.3 is dependency of org.apache.maven:maven-plugin-api:3.6.3, indexing...
org.apache.maven:maven-model:3.6.3 is dependency of org.apache.maven:maven-resolver-provider:3.6.3, indexing...
org.apache.maven:maven-model-builder:3.0 is dependency of org.apache.maven:maven-core:3.0, indexing...
org.apache.maven:maven-model-builder:3.0 has dependencies: org.codehaus.plexus:plexus-component-annotations:1.5.5, org.apache.maven:maven-model:3.0, org.codehaus.plexus:plexus-utils:2.0.4, org.codehaus.plexus:plexus-interpolation:1.14
org.apache.maven:maven-model-builder:3.0 indexed.
org.apache.maven:maven-model-builder:3.0 is dependency of org.apache.maven:maven-aether-provider:3.0, indexing...
org.apache.maven:maven-model-builder:3.5.0 is dependency of org.apache.maven:maven-core:3.5.0, indexing...
org.apache.maven:maven-model-builder:3.5.0 has dependencies: org.codehaus.plexus:plexus-utils:3.0.24, org.codehaus.plexus:plexus-interpolation:1.24, org.apache.maven:maven-model:3.5.0, org.codehaus.plexus:plexus-component-annotations:1.7.1, com.google.guava:guava:20.0, org.apache.commons:commons-lang3:3.5, org.apache.maven:maven-builder-support:3.5.0, org.apache.maven:maven-artifact:3.5.0
org.apache.maven:maven-model-builder:3.5.0 indexed.
org.apache.maven:maven-model-builder:3.5.0 is dependency of org.apache.maven:maven-resolver-provider:3.5.0, indexing...
org.apache.maven:maven-model-builder:3.5.0 is dependency of org.apache.maven:maven-compat:3.5.0, indexing...
org.apache.maven:maven-model-builder:3.6.3 is dependency of org.apache.maven:maven-core:3.6.3, indexing...
org.apache.maven:maven-model-builder:3.6.3 has dependencies: org.apache.maven:maven-builder-support:3.6.3, javax.inject:javax.inject:1, org.codehaus.plexus:plexus-utils:3.2.1, org.apache.maven:maven-artifact:3.6.3, org.eclipse.sisu:org.eclipse.sisu.inject:0.3.4, org.codehaus.plexus:plexus-interpolation:1.25, org.apache.maven:maven-model:3.6.3
org.apache.maven:maven-model-builder:3.6.3 indexed.
org.apache.maven:maven-model-builder:3.6.3 is dependency of org.apache.maven:maven-resolver-provider:3.6.3, indexing...
org.apache.maven:maven-plugin-api:2.0 is dependency of org.apache.felix:org.apache.felix.dependencymanager.annotation:3.0.0, indexing...
org.apache.maven:maven-plugin-api:2.0 indexed.
org.apache.maven:maven-plugin-api:2.0 is dependency of org.apache.felix:org.apache.felix.dependencymanager.annotation:3.1.0, indexing...
org.apache.maven:maven-plugin-api:2.0 is dependency of org.apache.felix:org.apache.felix.dependencymanager.annotation:3.2.0, indexing...
org.apache.maven:maven-plugin-api:2.0.7 is dependency of org.apache.felix:maven-obr-plugin:1.0.0, indexing...
org.apache.maven:maven-plugin-api:2.0.7 indexed.
org.apache.maven:maven-plugin-api:2.0.7 is dependency of org.apache.felix:maven-obr-plugin:1.2.0, indexing...
org.apache.maven:maven-plugin-api:2.0.7 is dependency of org.apache.felix:maven-junit4osgi-plugin:1.0.0, indexing...
org.apache.maven:maven-plugin-api:3.0 is dependency of org.apache.maven:maven-core:3.0, indexing...
org.apache.maven:maven-plugin-api:3.0 has dependencies: org.sonatype.sisu:sisu-inject-plexus:1.4.2, org.apache.maven:maven-artifact:3.0, org.apache.maven:maven-model:3.0
org.apache.maven:maven-plugin-api:3.0 indexed.
org.apache.maven:maven-plugin-api:3.5.0 is dependency of org.apache.maven:maven-core:3.5.0, indexing...
org.apache.maven:maven-plugin-api:3.5.0 has dependencies: org.eclipse.sisu:org.eclipse.sisu.plexus:0.3.3, org.apache.maven:maven-model:3.5.0, org.apache.maven:maven-artifact:3.5.0
org.apache.maven:maven-plugin-api:3.5.0 indexed.
org.apache.maven:maven-plugin-api:3.5.0 is dependency of org.apache.felix:osgicheck-maven-plugin:0.1.0, indexing...
org.apache.maven:maven-plugin-api:3.6.3 is dependency of org.apache.maven:maven-core:3.6.3, indexing...
org.apache.maven:maven-plugin-api:3.6.3 has dependencies: org.eclipse.sisu:org.eclipse.sisu.plexus:0.3.4, org.apache.maven:maven-model:3.6.3, org.codehaus.plexus:plexus-utils:3.2.1, org.codehaus.plexus:plexus-classworlds:2.6.0, org.apache.maven:maven-artifact:3.6.3
org.apache.maven:maven-plugin-api:3.6.3 indexed.
org.apache.maven:maven-plugin-api:3.6.3 is dependency of org.apache.felix:atomos-maven-plugin:0.9.0, indexing...
org.apache.maven:maven-plugin-registry:2.0.7 is dependency of org.apache.maven:maven-project:2.0.7, indexing...
org.apache.maven:maven-plugin-registry:2.0.7 has dependencies: org.codehaus.plexus:plexus-utils:1.4.1, org.codehaus.plexus:plexus-container-default:1.0-alpha-9-stable-1
org.apache.maven:maven-plugin-registry:2.0.7 indexed.
org.apache.maven:maven-profile:2.0.7 is dependency of org.apache.maven:maven-project:2.0.7, indexing...
org.apache.maven:maven-profile:2.0.7 has dependencies: org.codehaus.plexus:plexus-utils:1.4.1, org.apache.maven:maven-model:2.0.7, org.codehaus.plexus:plexus-container-default:1.0-alpha-9-stable-1
org.apache.maven:maven-profile:2.0.7 indexed.
org.apache.maven:maven-project:2.0.7 is dependency of org.apache.felix:org.apache.felix.dependencymanager.annotation:3.0.0, indexing...
org.apache.maven:maven-project:2.0.7 has dependencies: org.apache.maven:maven-artifact:2.0.7, org.codehaus.plexus:plexus-container-default:1.0-alpha-9-stable-1, org.apache.maven:maven-plugin-registry:2.0.7, org.apache.maven:maven-settings:2.0.7, org.codehaus.plexus:plexus-utils:1.4.1, org.apache.maven:maven-profile:2.0.7, org.apache.maven:maven-model:2.0.7, org.apache.maven:maven-artifact-manager:2.0.7
org.apache.maven:maven-project:2.0.7 indexed.
org.apache.maven:maven-project:2.0.7 is dependency of org.apache.felix:org.apache.felix.dependencymanager.annotation:3.1.0, indexing...
org.apache.maven:maven-project:2.0.7 is dependency of org.apache.felix:org.apache.felix.dependencymanager.annotation:3.2.0, indexing...
org.apache.maven:maven-project:2.0.7 is dependency of org.apache.felix:maven-obr-plugin:1.0.0, indexing...
org.apache.maven:maven-project:2.0.7 is dependency of org.apache.felix:maven-obr-plugin:1.2.0, indexing...
org.apache.maven:maven-repository-metadata:2.0.7 is dependency of org.apache.maven:maven-artifact-manager:2.0.7, indexing...
org.apache.maven:maven-repository-metadata:2.0.7 has dependencies: org.codehaus.plexus:plexus-utils:1.4.1
org.apache.maven:maven-repository-metadata:2.0.7 indexed.
org.apache.maven:maven-repository-metadata:3.0 is dependency of org.apache.maven:maven-core:3.0, indexing...
org.apache.maven:maven-repository-metadata:3.0 has dependencies: org.codehaus.plexus:plexus-utils:2.0.4
org.apache.maven:maven-repository-metadata:3.0 indexed.
org.apache.maven:maven-repository-metadata:3.0 is dependency of org.apache.maven:maven-aether-provider:3.0, indexing...
org.apache.maven:maven-repository-metadata:3.5.0 is dependency of org.apache.maven:maven-core:3.5.0, indexing...
org.apache.maven:maven-repository-metadata:3.5.0 has dependencies: org.codehaus.plexus:plexus-utils:3.0.24
org.apache.maven:maven-repository-metadata:3.5.0 indexed.
org.apache.maven:maven-repository-metadata:3.5.0 is dependency of org.apache.maven:maven-resolver-provider:3.5.0, indexing...
org.apache.maven:maven-repository-metadata:3.6.3 is dependency of org.apache.maven:maven-core:3.6.3, indexing...
org.apache.maven:maven-repository-metadata:3.6.3 has dependencies: org.codehaus.plexus:plexus-utils:3.2.1
org.apache.maven:maven-repository-metadata:3.6.3 indexed.
org.apache.maven:maven-repository-metadata:3.6.3 is dependency of org.apache.maven:maven-resolver-provider:3.6.3, indexing...
org.apache.maven:maven-resolver-provider:3.5.0 is dependency of org.apache.maven:maven-core:3.5.0, indexing...
org.apache.maven:maven-resolver-provider:3.5.0 has dependencies: org.apache.maven.resolver:maven-resolver-api:1.0.3, org.apache.maven.resolver:maven-resolver-spi:1.0.3, org.apache.maven:maven-model-builder:3.5.0, org.apache.commons:commons-lang3:3.5, org.codehaus.plexus:plexus-component-annotations:1.7.1, org.apache.maven.resolver:maven-resolver-impl:1.0.3, org.apache.maven.resolver:maven-resolver-util:1.0.3, org.apache.maven:maven-model:3.5.0, org.apache.maven:maven-repository-metadata:3.5.0, org.codehaus.plexus:plexus-utils:3.0.24
org.apache.maven:maven-resolver-provider:3.5.0 indexed.
org.apache.maven:maven-resolver-provider:3.5.0 is dependency of org.apache.maven:maven-compat:3.5.0, indexing...
org.apache.maven:maven-resolver-provider:3.6.3 is dependency of org.apache.maven:maven-core:3.6.3, indexing...
org.apache.maven:maven-resolver-provider:3.6.3 has dependencies: org.apache.maven.resolver:maven-resolver-api:1.4.1, org.apache.maven.resolver:maven-resolver-spi:1.4.1, javax.inject:javax.inject:1, org.codehaus.plexus:plexus-utils:3.2.1, org.apache.maven:maven-model:3.6.3, org.apache.maven.resolver:maven-resolver-util:1.4.1, org.apache.maven:maven-repository-metadata:3.6.3, org.apache.maven:maven-model-builder:3.6.3, org.apache.maven.resolver:maven-resolver-impl:1.4.1, org.slf4j:slf4j-api:1.7.29
org.apache.maven:maven-resolver-provider:3.6.3 indexed.
org.apache.maven:maven-settings:2.0.7 is dependency of org.apache.maven:maven-project:2.0.7, indexing...
org.apache.maven:maven-settings:2.0.7 has dependencies: org.apache.maven:maven-model:2.0.7, org.codehaus.plexus:plexus-container-default:1.0-alpha-9-stable-1, org.codehaus.plexus:plexus-utils:1.4.1
org.apache.maven:maven-settings:2.0.7 indexed.
org.apache.maven:maven-settings:2.0.7 is dependency of org.apache.felix:maven-obr-plugin:1.2.0, indexing...
org.apache.maven:maven-settings:3.0 is dependency of org.apache.maven:maven-settings-builder:3.0, indexing...
org.apache.maven:maven-settings:3.0 has dependencies: org.codehaus.plexus:plexus-utils:2.0.4
org.apache.maven:maven-settings:3.0 indexed.
org.apache.maven:maven-settings:3.0 is dependency of org.apache.maven:maven-core:3.0, indexing...
org.apache.maven:maven-settings:3.5.0 is dependency of org.apache.maven:maven-core:3.5.0, indexing...
org.apache.maven:maven-settings:3.5.0 has dependencies: org.codehaus.plexus:plexus-utils:3.0.24
org.apache.maven:maven-settings:3.5.0 indexed.
org.apache.maven:maven-settings:3.5.0 is dependency of org.apache.maven:maven-settings-builder:3.5.0, indexing...
org.apache.maven:maven-settings:3.5.0 is dependency of org.apache.maven:maven-compat:3.5.0, indexing...
org.apache.maven:maven-settings:3.6.3 is dependency of org.apache.maven:maven-core:3.6.3, indexing...
org.apache.maven:maven-settings:3.6.3 has dependencies: org.codehaus.plexus:plexus-utils:3.2.1
org.apache.maven:maven-settings:3.6.3 indexed.
org.apache.maven:maven-settings:3.6.3 is dependency of org.apache.maven:maven-settings-builder:3.6.3, indexing...
org.apache.maven:maven-settings-builder:3.0 is dependency of org.apache.maven:maven-core:3.0, indexing...
org.apache.maven:maven-settings-builder:3.0 has dependencies: org.codehaus.plexus:plexus-interpolation:1.14, org.sonatype.plexus:plexus-sec-dispatcher:1.3, org.apache.maven:maven-settings:3.0, org.codehaus.plexus:plexus-component-annotations:1.5.5, org.codehaus.plexus:plexus-utils:2.0.4
org.apache.maven:maven-settings-builder:3.0 indexed.
org.apache.maven:maven-settings-builder:3.5.0 is dependency of org.apache.maven:maven-core:3.5.0, indexing...
org.apache.maven:maven-settings-builder:3.5.0 has dependencies: org.codehaus.plexus:plexus-interpolation:1.24, org.codehaus.plexus:plexus-component-annotations:1.7.1, org.codehaus.plexus:plexus-utils:3.0.24, org.apache.maven:maven-builder-support:3.5.0, org.apache.maven:maven-settings:3.5.0, org.sonatype.plexus:plexus-sec-dispatcher:1.4, org.apache.commons:commons-lang3:3.5
org.apache.maven:maven-settings-builder:3.5.0 indexed.
org.apache.maven:maven-settings-builder:3.6.3 is dependency of org.apache.maven:maven-core:3.6.3, indexing...
org.apache.maven:maven-settings-builder:3.6.3 has dependencies: org.sonatype.plexus:plexus-sec-dispatcher:1.4, org.codehaus.plexus:plexus-interpolation:1.25, org.apache.maven:maven-builder-support:3.6.3, javax.inject:javax.inject:1, org.apache.maven:maven-settings:3.6.3, org.codehaus.plexus:plexus-utils:3.2.1
org.apache.maven:maven-settings-builder:3.6.3 indexed.
