asm:asm:3.1 is dependency of org.sonatype.sisu.inject:cglib:2.2.1-v20090111, indexing...
asm:asm:3.1 indexed.
asm:asm-all:3.0 is dependency of org.apache.felix:org.apache.felix.ipojo:1.6.2, indexing...
asm:asm-all:3.0 indexed.
asm:asm-all:3.0 is dependency of org.apache.felix:org.apache.felix.ipojo.manipulator:1.0.0, indexing...
asm:asm-all:3.0 is dependency of org.apache.felix:org.apache.felix.ipojo:1.6.4, indexing...
asm:asm-all:3.0 is dependency of org.apache.felix:org.apache.felix.ipojo.manipulator:0.8.0, indexing...
asm:asm-all:3.0 is dependency of org.apache.felix:org.apache.felix.ipojo:1.6.0, indexing...
asm:asm-all:3.0 is dependency of org.apache.felix:org.apache.felix.ipojo.manipulator:1.4.0, indexing...
asm:asm-all:3.0 is dependency of org.apache.felix:org.apache.felix.ipojo.api:1.4.0, indexing...
asm:asm-all:3.0 is dependency of org.apache.felix:org.apache.felix.ipojo.manipulator:1.6.0, indexing...
asm:asm-all:3.0 is dependency of org.apache.felix:org.apache.felix.ipojo.api:1.6.0, indexing...
asm:asm-all:3.0 is dependency of org.apache.felix:org.apache.felix.ipojo.handler.temporal:1.2.0, indexing...
asm:asm-all:3.0 is dependency of org.apache.felix:org.apache.felix.ipojo.handler.temporal:1.4.0, indexing...
asm:asm-all:3.0 is dependency of org.apache.felix:org.apache.felix.ipojo.handler.temporal:1.6.0, indexing...
asm:asm-all:3.0 is dependency of org.apache.felix:org.apache.felix.ipojo.manipulator:1.2.0, indexing...
asm:asm-all:3.0 is dependency of org.apache.felix:org.apache.felix.ipojo.manipulator:1.4.2, indexing...
asm:asm-all:3.0 is dependency of org.apache.felix:org.apache.felix.ipojo.manipulator:1.6.2, indexing...
asm:asm-all:3.0 is dependency of org.apache.felix:org.apache.felix.ipojo.manipulator:1.6.4, indexing...
asm:asm-all:3.0 is dependency of org.apache.felix:org.apache.felix.ipojo.manipulator:1.8.0, indexing...
asm:asm-all:3.0 is dependency of org.apache.felix:org.apache.felix.ipojo:1.6.6, indexing...
asm:asm-all:3.0 is dependency of org.apache.felix:org.apache.felix.ipojo:1.6.8, indexing...
asm:asm-all:3.0 is dependency of org.apache.felix:org.apache.felix.ipojo:1.8.0, indexing...
asm:asm-all:3.0 is dependency of org.apache.felix:org.apache.felix.ipojo.online.manipulator:1.4.0, indexing...
asm:asm-all:3.0 is dependency of org.apache.felix:org.apache.felix.ipojo.online.manipulator:1.4.2, indexing...
asm:asm-all:3.0 is dependency of org.apache.felix:org.apache.felix.ipojo.online.manipulator:1.6.0, indexing...
asm:asm-all:3.3.1 is dependency of org.apache.felix:org.apache.felix.ipojo:1.10.0, indexing...
asm:asm-all:3.3.1 indexed.
asm:asm-all:3.3.1 is dependency of org.apache.felix:org.apache.felix.ipojo.manipulator.online:1.10.0, indexing...
asm:asm-all:3.3.1 is dependency of org.apache.felix:org.apache.felix.ipojo.manipulator:1.10.0, indexing...
asm:asm-all:3.3.1 is dependency of org.apache.felix:org.apache.felix.ipojo.manipulator:1.10.1, indexing...
asm:asm-all:3.3.1 is dependency of org.apache.felix:org.apache.felix.ipojo.manipulator.online:1.10.1, indexing...
asm:asm-all:3.3.1 is dependency of org.apache.felix:org.apache.felix.ipojo.manipulator.online:1.11.0, indexing...
asm:asm-all:3.3.1 is dependency of org.apache.felix:org.apache.felix.ipojo.manipulator:1.11.0, indexing...
asm:asm-all:3.3.1 is dependency of org.apache.felix:org.apache.felix.ipojo.manipulator:1.11.1, indexing...
asm:asm-all:3.3.1 is dependency of org.apache.felix:org.apache.felix.ipojo.manipulator.online:1.11.1, indexing...
asm:asm-all:3.3.1 is dependency of org.apache.felix:org.apache.felix.ipojo.manipulator:1.11.2, indexing...
asm:asm-all:3.3.1 is dependency of org.apache.felix:org.apache.felix.ipojo.manipulator.online:1.11.2, indexing...
asm:asm-all:3.3.1 is dependency of org.apache.felix:org.apache.felix.ipojo.api:1.10.0, indexing...
asm:asm-all:3.3.1 is dependency of org.apache.felix:org.apache.felix.ipojo.api:1.10.1, indexing...
asm:asm-all:3.3.1 is dependency of org.apache.felix:org.apache.felix.ipojo:1.10.1, indexing...
asm:asm-all:3.3.1 is dependency of org.apache.felix:org.apache.felix.ipojo:1.11.0, indexing...
asm:asm-all:3.3.1 is dependency of org.apache.felix:org.apache.felix.ipojo.api:1.11.0, indexing...
asm:asm-all:3.3.1 is dependency of org.apache.felix:org.apache.felix.ipojo:1.11.1, indexing...
asm:asm-all:3.3.1 is dependency of org.apache.felix:org.apache.felix.ipojo.api:1.11.1, indexing...
asm:asm-all:3.3.1 is dependency of org.apache.felix:org.apache.felix.ipojo.api:1.11.2, indexing...
asm:asm-all:3.3.1 is dependency of org.apache.felix:org.apache.felix.ipojo:1.11.2, indexing...
asm:asm-all:3.3.1 is dependency of org.apache.felix:org.apache.felix.ipojo.manipulator:1.8.2, indexing...
asm:asm-all:3.3.1 is dependency of org.apache.felix:org.apache.felix.ipojo.manipulator:1.8.4, indexing...
asm:asm-all:3.3.1 is dependency of org.apache.felix:org.apache.felix.ipojo.manipulator:1.8.6, indexing...
asm:asm-all:3.3.1 is dependency of org.apache.felix:org.apache.felix.ipojo:1.8.2, indexing...
asm:asm-all:3.3.1 is dependency of org.apache.felix:org.apache.felix.ipojo:1.8.4, indexing...
asm:asm-all:3.3.1 is dependency of org.apache.felix:org.apache.felix.ipojo:1.8.6, indexing...
