org.eclipse.jetty.websocket:websocket-api:9.4.15.v20190215 is dependency of org.eclipse.jetty.websocket:websocket-servlet:9.4.15.v20190215, indexing...
org.eclipse.jetty.websocket:websocket-api:9.4.15.v20190215 indexed.
org.eclipse.jetty.websocket:websocket-api:9.4.15.v20190215 is dependency of org.eclipse.jetty.websocket:websocket-common:9.4.15.v20190215, indexing...
org.eclipse.jetty.websocket:websocket-api:9.4.19.v20190610 is dependency of org.eclipse.jetty.websocket:websocket-servlet:9.4.19.v20190610, indexing...
org.eclipse.jetty.websocket:websocket-api:9.4.19.v20190610 indexed.
org.eclipse.jetty.websocket:websocket-api:9.4.19.v20190610 is dependency of org.eclipse.jetty.websocket:websocket-common:9.4.19.v20190610, indexing...
org.eclipse.jetty.websocket:websocket-api:9.4.20.v20190813 is dependency of org.eclipse.jetty.websocket:websocket-servlet:9.4.20.v20190813, indexing...
org.eclipse.jetty.websocket:websocket-api:9.4.20.v20190813 indexed.
org.eclipse.jetty.websocket:websocket-api:9.4.20.v20190813 is dependency of org.eclipse.jetty.websocket:websocket-common:9.4.20.v20190813, indexing...
org.eclipse.jetty.websocket:websocket-api:9.4.26.v20200117 is dependency of org.eclipse.jetty.websocket:websocket-common:9.4.26.v20200117, indexing...
org.eclipse.jetty.websocket:websocket-api:9.4.26.v20200117 indexed.
org.eclipse.jetty.websocket:websocket-api:9.4.26.v20200117 is dependency of org.eclipse.jetty.websocket:websocket-servlet:9.4.26.v20200117, indexing...
org.eclipse.jetty.websocket:websocket-api:9.4.28.v20200408 is dependency of org.eclipse.jetty.websocket:websocket-servlet:9.4.28.v20200408, indexing...
org.eclipse.jetty.websocket:websocket-api:9.4.28.v20200408 indexed.
org.eclipse.jetty.websocket:websocket-api:9.4.28.v20200408 is dependency of org.eclipse.jetty.websocket:websocket-common:9.4.28.v20200408, indexing...
org.eclipse.jetty.websocket:websocket-api:9.4.30.v20200611 is dependency of org.eclipse.jetty.websocket:websocket-servlet:9.4.30.v20200611, indexing...
org.eclipse.jetty.websocket:websocket-api:9.4.30.v20200611 indexed.
org.eclipse.jetty.websocket:websocket-api:9.4.30.v20200611 is dependency of org.eclipse.jetty.websocket:websocket-common:9.4.30.v20200611, indexing...
org.eclipse.jetty.websocket:websocket-api:9.4.31.v20200723 is dependency of org.eclipse.jetty.websocket:websocket-common:9.4.31.v20200723, indexing...
org.eclipse.jetty.websocket:websocket-api:9.4.31.v20200723 indexed.
org.eclipse.jetty.websocket:websocket-api:9.4.31.v20200723 is dependency of org.eclipse.jetty.websocket:websocket-servlet:9.4.31.v20200723, indexing...
org.eclipse.jetty.websocket:websocket-api:9.4.32.v20200930 is dependency of org.eclipse.jetty.websocket:websocket-common:9.4.32.v20200930, indexing...
org.eclipse.jetty.websocket:websocket-api:9.4.32.v20200930 indexed.
org.eclipse.jetty.websocket:websocket-api:9.4.32.v20200930 is dependency of org.eclipse.jetty.websocket:websocket-servlet:9.4.32.v20200930, indexing...
org.eclipse.jetty.websocket:websocket-api:9.4.35.v20201120 is dependency of org.eclipse.jetty.websocket:websocket-servlet:9.4.35.v20201120, indexing...
org.eclipse.jetty.websocket:websocket-api:9.4.35.v20201120 indexed.
org.eclipse.jetty.websocket:websocket-api:9.4.35.v20201120 is dependency of org.eclipse.jetty.websocket:websocket-common:9.4.35.v20201120, indexing...
org.eclipse.jetty.websocket:websocket-api:9.4.38.v20210224 is dependency of org.eclipse.jetty.websocket:websocket-common:9.4.38.v20210224, indexing...
org.eclipse.jetty.websocket:websocket-api:9.4.38.v20210224 indexed.
org.eclipse.jetty.websocket:websocket-api:9.4.38.v20210224 is dependency of org.eclipse.jetty.websocket:websocket-servlet:9.4.38.v20210224, indexing...
org.eclipse.jetty.websocket:websocket-api:9.4.40.v20210413 is dependency of org.eclipse.jetty.websocket:websocket-common:9.4.40.v20210413, indexing...
org.eclipse.jetty.websocket:websocket-api:9.4.40.v20210413 indexed.
org.eclipse.jetty.websocket:websocket-api:9.4.40.v20210413 is dependency of org.eclipse.jetty.websocket:websocket-servlet:9.4.40.v20210413, indexing...
org.eclipse.jetty.websocket:websocket-api:9.4.42.v20210604 is dependency of org.eclipse.jetty.websocket:websocket-servlet:9.4.42.v20210604, indexing...
org.eclipse.jetty.websocket:websocket-api:9.4.42.v20210604 indexed.
org.eclipse.jetty.websocket:websocket-api:9.4.42.v20210604 is dependency of org.eclipse.jetty.websocket:websocket-common:9.4.42.v20210604, indexing...
org.eclipse.jetty.websocket:websocket-api:9.4.43.v20210629 is dependency of org.eclipse.jetty.websocket:websocket-servlet:9.4.43.v20210629, indexing...
org.eclipse.jetty.websocket:websocket-api:9.4.43.v20210629 indexed.
org.eclipse.jetty.websocket:websocket-api:9.4.43.v20210629 is dependency of org.eclipse.jetty.websocket:websocket-common:9.4.43.v20210629, indexing...
org.eclipse.jetty.websocket:websocket-api:9.4.44.v20210927 is dependency of org.eclipse.jetty.websocket:websocket-common:9.4.44.v20210927, indexing...
org.eclipse.jetty.websocket:websocket-api:9.4.44.v20210927 indexed.
org.eclipse.jetty.websocket:websocket-api:9.4.44.v20210927 is dependency of org.eclipse.jetty.websocket:websocket-servlet:9.4.44.v20210927, indexing...
org.eclipse.jetty.websocket:websocket-client:9.4.15.v20190215 is dependency of org.eclipse.jetty.websocket:websocket-server:9.4.15.v20190215, indexing...
org.eclipse.jetty.websocket:websocket-client:9.4.15.v20190215 has dependencies: org.eclipse.jetty:jetty-client:9.4.15.v20190215, org.eclipse.jetty:jetty-xml:9.4.15.v20190215, org.eclipse.jetty:jetty-io:9.4.15.v20190215, org.eclipse.jetty:jetty-util:9.4.15.v20190215, org.eclipse.jetty.websocket:websocket-common:9.4.15.v20190215
org.eclipse.jetty.websocket:websocket-client:9.4.15.v20190215 indexed.
org.eclipse.jetty.websocket:websocket-client:9.4.19.v20190610 is dependency of org.eclipse.jetty.websocket:websocket-server:9.4.19.v20190610, indexing...
org.eclipse.jetty.websocket:websocket-client:9.4.19.v20190610 has dependencies: org.eclipse.jetty:jetty-xml:9.4.19.v20190610, org.eclipse.jetty:jetty-util:9.4.19.v20190610, org.eclipse.jetty.websocket:websocket-common:9.4.19.v20190610, org.eclipse.jetty:jetty-client:9.4.19.v20190610, org.eclipse.jetty:jetty-io:9.4.19.v20190610
org.eclipse.jetty.websocket:websocket-client:9.4.19.v20190610 indexed.
org.eclipse.jetty.websocket:websocket-client:9.4.20.v20190813 is dependency of org.eclipse.jetty.websocket:websocket-server:9.4.20.v20190813, indexing...
org.eclipse.jetty.websocket:websocket-client:9.4.20.v20190813 has dependencies: org.eclipse.jetty.websocket:websocket-common:9.4.20.v20190813, org.eclipse.jetty:jetty-util:9.4.20.v20190813, org.eclipse.jetty:jetty-io:9.4.20.v20190813, org.eclipse.jetty:jetty-client:9.4.20.v20190813, org.eclipse.jetty:jetty-xml:9.4.20.v20190813
org.eclipse.jetty.websocket:websocket-client:9.4.20.v20190813 indexed.
org.eclipse.jetty.websocket:websocket-client:9.4.26.v20200117 is dependency of org.eclipse.jetty.websocket:websocket-server:9.4.26.v20200117, indexing...
org.eclipse.jetty.websocket:websocket-client:9.4.26.v20200117 has dependencies: org.eclipse.jetty:jetty-io:9.4.26.v20200117, org.eclipse.jetty:jetty-util:9.4.26.v20200117, org.eclipse.jetty:jetty-client:9.4.26.v20200117, org.eclipse.jetty:jetty-xml:9.4.26.v20200117, org.eclipse.jetty.websocket:websocket-common:9.4.26.v20200117
org.eclipse.jetty.websocket:websocket-client:9.4.26.v20200117 indexed.
org.eclipse.jetty.websocket:websocket-client:9.4.28.v20200408 is dependency of org.eclipse.jetty.websocket:websocket-server:9.4.28.v20200408, indexing...
org.eclipse.jetty.websocket:websocket-client:9.4.28.v20200408 has dependencies: org.eclipse.jetty:jetty-util:9.4.28.v20200408, org.eclipse.jetty.websocket:websocket-common:9.4.28.v20200408, org.eclipse.jetty:jetty-xml:9.4.28.v20200408, org.eclipse.jetty:jetty-io:9.4.28.v20200408, org.eclipse.jetty:jetty-client:9.4.28.v20200408
org.eclipse.jetty.websocket:websocket-client:9.4.28.v20200408 indexed.
org.eclipse.jetty.websocket:websocket-client:9.4.30.v20200611 is dependency of org.eclipse.jetty.websocket:websocket-server:9.4.30.v20200611, indexing...
org.eclipse.jetty.websocket:websocket-client:9.4.30.v20200611 has dependencies: org.eclipse.jetty:jetty-client:9.4.30.v20200611, org.eclipse.jetty:jetty-util:9.4.30.v20200611, org.eclipse.jetty.websocket:websocket-common:9.4.30.v20200611, org.eclipse.jetty:jetty-xml:9.4.30.v20200611, org.eclipse.jetty:jetty-io:9.4.30.v20200611
org.eclipse.jetty.websocket:websocket-client:9.4.30.v20200611 indexed.
org.eclipse.jetty.websocket:websocket-client:9.4.31.v20200723 is dependency of org.eclipse.jetty.websocket:websocket-server:9.4.31.v20200723, indexing...
org.eclipse.jetty.websocket:websocket-client:9.4.31.v20200723 has dependencies: org.eclipse.jetty.websocket:websocket-common:9.4.31.v20200723, org.eclipse.jetty:jetty-client:9.4.31.v20200723, org.eclipse.jetty:jetty-xml:9.4.31.v20200723, org.eclipse.jetty:jetty-util:9.4.31.v20200723, org.eclipse.jetty:jetty-io:9.4.31.v20200723
org.eclipse.jetty.websocket:websocket-client:9.4.31.v20200723 indexed.
org.eclipse.jetty.websocket:websocket-client:9.4.32.v20200930 is dependency of org.eclipse.jetty.websocket:websocket-server:9.4.32.v20200930, indexing...
org.eclipse.jetty.websocket:websocket-client:9.4.32.v20200930 has dependencies: org.eclipse.jetty:jetty-util:9.4.32.v20200930, org.eclipse.jetty:jetty-xml:9.4.32.v20200930, org.eclipse.jetty:jetty-io:9.4.32.v20200930, org.eclipse.jetty.websocket:websocket-common:9.4.32.v20200930, org.eclipse.jetty:jetty-client:9.4.32.v20200930
org.eclipse.jetty.websocket:websocket-client:9.4.32.v20200930 indexed.
org.eclipse.jetty.websocket:websocket-client:9.4.35.v20201120 is dependency of org.eclipse.jetty.websocket:websocket-server:9.4.35.v20201120, indexing...
org.eclipse.jetty.websocket:websocket-client:9.4.35.v20201120 has dependencies: org.eclipse.jetty:jetty-util:9.4.35.v20201120, org.eclipse.jetty:jetty-client:9.4.35.v20201120, org.eclipse.jetty.websocket:websocket-common:9.4.35.v20201120, org.eclipse.jetty:jetty-io:9.4.35.v20201120
org.eclipse.jetty.websocket:websocket-client:9.4.35.v20201120 indexed.
org.eclipse.jetty.websocket:websocket-client:9.4.38.v20210224 is dependency of org.eclipse.jetty.websocket:websocket-server:9.4.38.v20210224, indexing...
org.eclipse.jetty.websocket:websocket-client:9.4.38.v20210224 has dependencies: org.eclipse.jetty:jetty-io:9.4.38.v20210224, org.eclipse.jetty:jetty-client:9.4.38.v20210224, org.eclipse.jetty:jetty-util:9.4.38.v20210224, org.eclipse.jetty.websocket:websocket-common:9.4.38.v20210224
org.eclipse.jetty.websocket:websocket-client:9.4.38.v20210224 indexed.
org.eclipse.jetty.websocket:websocket-client:9.4.40.v20210413 is dependency of org.eclipse.jetty.websocket:websocket-server:9.4.40.v20210413, indexing...
org.eclipse.jetty.websocket:websocket-client:9.4.40.v20210413 has dependencies: org.eclipse.jetty.websocket:websocket-common:9.4.40.v20210413, org.eclipse.jetty:jetty-client:9.4.40.v20210413, org.eclipse.jetty:jetty-util:9.4.40.v20210413, org.eclipse.jetty:jetty-io:9.4.40.v20210413
org.eclipse.jetty.websocket:websocket-client:9.4.40.v20210413 indexed.
org.eclipse.jetty.websocket:websocket-client:9.4.42.v20210604 is dependency of org.eclipse.jetty.websocket:websocket-server:9.4.42.v20210604, indexing...
org.eclipse.jetty.websocket:websocket-client:9.4.42.v20210604 has dependencies: org.eclipse.jetty:jetty-util:9.4.42.v20210604, org.eclipse.jetty:jetty-client:9.4.42.v20210604, org.eclipse.jetty.websocket:websocket-common:9.4.42.v20210604, org.eclipse.jetty:jetty-io:9.4.42.v20210604
org.eclipse.jetty.websocket:websocket-client:9.4.42.v20210604 indexed.
org.eclipse.jetty.websocket:websocket-client:9.4.43.v20210629 is dependency of org.eclipse.jetty.websocket:websocket-server:9.4.43.v20210629, indexing...
org.eclipse.jetty.websocket:websocket-client:9.4.43.v20210629 has dependencies: org.eclipse.jetty:jetty-io:9.4.43.v20210629, org.eclipse.jetty:jetty-util:9.4.43.v20210629, org.eclipse.jetty.websocket:websocket-common:9.4.43.v20210629, org.eclipse.jetty:jetty-client:9.4.43.v20210629
org.eclipse.jetty.websocket:websocket-client:9.4.43.v20210629 indexed.
org.eclipse.jetty.websocket:websocket-client:9.4.44.v20210927 is dependency of org.eclipse.jetty.websocket:websocket-server:9.4.44.v20210927, indexing...
org.eclipse.jetty.websocket:websocket-client:9.4.44.v20210927 has dependencies: org.eclipse.jetty:jetty-io:9.4.44.v20210927, org.eclipse.jetty.websocket:websocket-common:9.4.44.v20210927, org.eclipse.jetty:jetty-util:9.4.44.v20210927, org.eclipse.jetty:jetty-client:9.4.44.v20210927
org.eclipse.jetty.websocket:websocket-client:9.4.44.v20210927 indexed.
org.eclipse.jetty.websocket:websocket-common:9.4.15.v20190215 is dependency of org.eclipse.jetty.websocket:websocket-client:9.4.15.v20190215, indexing...
org.eclipse.jetty.websocket:websocket-common:9.4.15.v20190215 has dependencies: org.eclipse.jetty.websocket:websocket-api:9.4.15.v20190215, org.eclipse.jetty:jetty-io:9.4.15.v20190215, org.eclipse.jetty:jetty-util:9.4.15.v20190215
org.eclipse.jetty.websocket:websocket-common:9.4.15.v20190215 indexed.
org.eclipse.jetty.websocket:websocket-common:9.4.15.v20190215 is dependency of org.eclipse.jetty.websocket:websocket-server:9.4.15.v20190215, indexing...
org.eclipse.jetty.websocket:websocket-common:9.4.19.v20190610 is dependency of org.eclipse.jetty.websocket:websocket-server:9.4.19.v20190610, indexing...
org.eclipse.jetty.websocket:websocket-common:9.4.19.v20190610 has dependencies: org.eclipse.jetty.websocket:websocket-api:9.4.19.v20190610, org.eclipse.jetty:jetty-io:9.4.19.v20190610, org.eclipse.jetty:jetty-util:9.4.19.v20190610
org.eclipse.jetty.websocket:websocket-common:9.4.19.v20190610 indexed.
org.eclipse.jetty.websocket:websocket-common:9.4.19.v20190610 is dependency of org.eclipse.jetty.websocket:websocket-client:9.4.19.v20190610, indexing...
org.eclipse.jetty.websocket:websocket-common:9.4.20.v20190813 is dependency of org.eclipse.jetty.websocket:websocket-client:9.4.20.v20190813, indexing...
org.eclipse.jetty.websocket:websocket-common:9.4.20.v20190813 has dependencies: org.eclipse.jetty.websocket:websocket-api:9.4.20.v20190813, org.eclipse.jetty:jetty-io:9.4.20.v20190813, org.eclipse.jetty:jetty-util:9.4.20.v20190813
org.eclipse.jetty.websocket:websocket-common:9.4.20.v20190813 indexed.
org.eclipse.jetty.websocket:websocket-common:9.4.20.v20190813 is dependency of org.eclipse.jetty.websocket:websocket-server:9.4.20.v20190813, indexing...
org.eclipse.jetty.websocket:websocket-common:9.4.26.v20200117 is dependency of org.eclipse.jetty.websocket:websocket-server:9.4.26.v20200117, indexing...
org.eclipse.jetty.websocket:websocket-common:9.4.26.v20200117 has dependencies: org.eclipse.jetty.websocket:websocket-api:9.4.26.v20200117, org.eclipse.jetty:jetty-util:9.4.26.v20200117, org.eclipse.jetty:jetty-io:9.4.26.v20200117
org.eclipse.jetty.websocket:websocket-common:9.4.26.v20200117 indexed.
org.eclipse.jetty.websocket:websocket-common:9.4.26.v20200117 is dependency of org.eclipse.jetty.websocket:websocket-client:9.4.26.v20200117, indexing...
org.eclipse.jetty.websocket:websocket-common:9.4.28.v20200408 is dependency of org.eclipse.jetty.websocket:websocket-client:9.4.28.v20200408, indexing...
org.eclipse.jetty.websocket:websocket-common:9.4.28.v20200408 has dependencies: org.eclipse.jetty:jetty-io:9.4.28.v20200408, org.eclipse.jetty:jetty-util:9.4.28.v20200408, org.eclipse.jetty.websocket:websocket-api:9.4.28.v20200408
org.eclipse.jetty.websocket:websocket-common:9.4.28.v20200408 indexed.
org.eclipse.jetty.websocket:websocket-common:9.4.28.v20200408 is dependency of org.eclipse.jetty.websocket:websocket-server:9.4.28.v20200408, indexing...
org.eclipse.jetty.websocket:websocket-common:9.4.30.v20200611 is dependency of org.eclipse.jetty.websocket:websocket-client:9.4.30.v20200611, indexing...
org.eclipse.jetty.websocket:websocket-common:9.4.30.v20200611 has dependencies: org.eclipse.jetty:jetty-util:9.4.30.v20200611, org.eclipse.jetty.websocket:websocket-api:9.4.30.v20200611, org.eclipse.jetty:jetty-io:9.4.30.v20200611
org.eclipse.jetty.websocket:websocket-common:9.4.30.v20200611 indexed.
org.eclipse.jetty.websocket:websocket-common:9.4.30.v20200611 is dependency of org.eclipse.jetty.websocket:websocket-server:9.4.30.v20200611, indexing...
org.eclipse.jetty.websocket:websocket-common:9.4.31.v20200723 is dependency of org.eclipse.jetty.websocket:websocket-client:9.4.31.v20200723, indexing...
org.eclipse.jetty.websocket:websocket-common:9.4.31.v20200723 has dependencies: org.eclipse.jetty.websocket:websocket-api:9.4.31.v20200723, org.eclipse.jetty:jetty-io:9.4.31.v20200723, org.eclipse.jetty:jetty-util:9.4.31.v20200723
org.eclipse.jetty.websocket:websocket-common:9.4.31.v20200723 indexed.
org.eclipse.jetty.websocket:websocket-common:9.4.31.v20200723 is dependency of org.eclipse.jetty.websocket:websocket-server:9.4.31.v20200723, indexing...
org.eclipse.jetty.websocket:websocket-common:9.4.32.v20200930 is dependency of org.eclipse.jetty.websocket:websocket-client:9.4.32.v20200930, indexing...
org.eclipse.jetty.websocket:websocket-common:9.4.32.v20200930 has dependencies: org.eclipse.jetty:jetty-io:9.4.32.v20200930, org.eclipse.jetty:jetty-util:9.4.32.v20200930, org.eclipse.jetty.websocket:websocket-api:9.4.32.v20200930
org.eclipse.jetty.websocket:websocket-common:9.4.32.v20200930 indexed.
org.eclipse.jetty.websocket:websocket-common:9.4.32.v20200930 is dependency of org.eclipse.jetty.websocket:websocket-server:9.4.32.v20200930, indexing...
org.eclipse.jetty.websocket:websocket-common:9.4.35.v20201120 is dependency of org.eclipse.jetty.websocket:websocket-server:9.4.35.v20201120, indexing...
org.eclipse.jetty.websocket:websocket-common:9.4.35.v20201120 has dependencies: org.eclipse.jetty.websocket:websocket-api:9.4.35.v20201120, org.eclipse.jetty:jetty-util:9.4.35.v20201120, org.eclipse.jetty:jetty-io:9.4.35.v20201120
org.eclipse.jetty.websocket:websocket-common:9.4.35.v20201120 indexed.
org.eclipse.jetty.websocket:websocket-common:9.4.35.v20201120 is dependency of org.eclipse.jetty.websocket:websocket-client:9.4.35.v20201120, indexing...
org.eclipse.jetty.websocket:websocket-common:9.4.38.v20210224 is dependency of org.eclipse.jetty.websocket:websocket-client:9.4.38.v20210224, indexing...
org.eclipse.jetty.websocket:websocket-common:9.4.38.v20210224 has dependencies: org.eclipse.jetty:jetty-io:9.4.38.v20210224, org.eclipse.jetty:jetty-util:9.4.38.v20210224, org.eclipse.jetty.websocket:websocket-api:9.4.38.v20210224
org.eclipse.jetty.websocket:websocket-common:9.4.38.v20210224 indexed.
org.eclipse.jetty.websocket:websocket-common:9.4.38.v20210224 is dependency of org.eclipse.jetty.websocket:websocket-server:9.4.38.v20210224, indexing...
org.eclipse.jetty.websocket:websocket-common:9.4.40.v20210413 is dependency of org.eclipse.jetty.websocket:websocket-server:9.4.40.v20210413, indexing...
org.eclipse.jetty.websocket:websocket-common:9.4.40.v20210413 has dependencies: org.eclipse.jetty.websocket:websocket-api:9.4.40.v20210413, org.eclipse.jetty:jetty-io:9.4.40.v20210413, org.eclipse.jetty:jetty-util:9.4.40.v20210413
org.eclipse.jetty.websocket:websocket-common:9.4.40.v20210413 indexed.
org.eclipse.jetty.websocket:websocket-common:9.4.40.v20210413 is dependency of org.eclipse.jetty.websocket:websocket-client:9.4.40.v20210413, indexing...
org.eclipse.jetty.websocket:websocket-common:9.4.42.v20210604 is dependency of org.eclipse.jetty.websocket:websocket-client:9.4.42.v20210604, indexing...
org.eclipse.jetty.websocket:websocket-common:9.4.42.v20210604 has dependencies: org.eclipse.jetty.websocket:websocket-api:9.4.42.v20210604, org.eclipse.jetty:jetty-util:9.4.42.v20210604, org.eclipse.jetty:jetty-io:9.4.42.v20210604
org.eclipse.jetty.websocket:websocket-common:9.4.42.v20210604 indexed.
org.eclipse.jetty.websocket:websocket-common:9.4.42.v20210604 is dependency of org.eclipse.jetty.websocket:websocket-server:9.4.42.v20210604, indexing...
org.eclipse.jetty.websocket:websocket-common:9.4.43.v20210629 is dependency of org.eclipse.jetty.websocket:websocket-server:9.4.43.v20210629, indexing...
org.eclipse.jetty.websocket:websocket-common:9.4.43.v20210629 has dependencies: org.eclipse.jetty:jetty-io:9.4.43.v20210629, org.eclipse.jetty:jetty-util:9.4.43.v20210629, org.eclipse.jetty.websocket:websocket-api:9.4.43.v20210629
org.eclipse.jetty.websocket:websocket-common:9.4.43.v20210629 indexed.
org.eclipse.jetty.websocket:websocket-common:9.4.43.v20210629 is dependency of org.eclipse.jetty.websocket:websocket-client:9.4.43.v20210629, indexing...
org.eclipse.jetty.websocket:websocket-common:9.4.44.v20210927 is dependency of org.eclipse.jetty.websocket:websocket-client:9.4.44.v20210927, indexing...
org.eclipse.jetty.websocket:websocket-common:9.4.44.v20210927 has dependencies: org.eclipse.jetty:jetty-util:9.4.44.v20210927, org.eclipse.jetty.websocket:websocket-api:9.4.44.v20210927, org.eclipse.jetty:jetty-io:9.4.44.v20210927
org.eclipse.jetty.websocket:websocket-common:9.4.44.v20210927 indexed.
org.eclipse.jetty.websocket:websocket-common:9.4.44.v20210927 is dependency of org.eclipse.jetty.websocket:websocket-server:9.4.44.v20210927, indexing...
org.eclipse.jetty.websocket:websocket-server:9.4.15.v20190215 is dependency of org.apache.felix:org.apache.felix.http.jetty:4.0.8, indexing...
org.eclipse.jetty.websocket:websocket-server:9.4.15.v20190215 has dependencies: org.eclipse.jetty.websocket:websocket-client:9.4.15.v20190215, org.eclipse.jetty:jetty-servlet:9.4.15.v20190215, org.eclipse.jetty.websocket:websocket-common:9.4.15.v20190215, org.eclipse.jetty.websocket:websocket-servlet:9.4.15.v20190215, org.eclipse.jetty:jetty-http:9.4.15.v20190215, javax.servlet:javax.servlet-api:3.1.0, org.eclipse.jetty:jetty-server:9.4.15.v20190215
org.eclipse.jetty.websocket:websocket-server:9.4.15.v20190215 indexed.
org.eclipse.jetty.websocket:websocket-server:9.4.19.v20190610 is dependency of org.apache.felix:org.apache.felix.http.jetty:4.0.10, indexing...
org.eclipse.jetty.websocket:websocket-server:9.4.19.v20190610 has dependencies: org.eclipse.jetty:jetty-servlet:9.4.19.v20190610, org.eclipse.jetty.websocket:websocket-common:9.4.19.v20190610, org.eclipse.jetty.websocket:websocket-client:9.4.19.v20190610, org.eclipse.jetty.websocket:websocket-servlet:9.4.19.v20190610, org.eclipse.jetty:jetty-http:9.4.19.v20190610, javax.servlet:javax.servlet-api:3.1.0, org.eclipse.jetty:jetty-server:9.4.19.v20190610
org.eclipse.jetty.websocket:websocket-server:9.4.19.v20190610 indexed.
org.eclipse.jetty.websocket:websocket-server:9.4.20.v20190813 is dependency of org.apache.felix:org.apache.felix.http.jetty:4.0.12, indexing...
org.eclipse.jetty.websocket:websocket-server:9.4.20.v20190813 has dependencies: org.eclipse.jetty.websocket:websocket-client:9.4.20.v20190813, org.eclipse.jetty.websocket:websocket-common:9.4.20.v20190813, org.eclipse.jetty:jetty-http:9.4.20.v20190813, org.eclipse.jetty:jetty-servlet:9.4.20.v20190813, org.eclipse.jetty.websocket:websocket-servlet:9.4.20.v20190813, javax.servlet:javax.servlet-api:3.1.0, org.eclipse.jetty:jetty-server:9.4.20.v20190813
org.eclipse.jetty.websocket:websocket-server:9.4.20.v20190813 indexed.
org.eclipse.jetty.websocket:websocket-server:9.4.20.v20190813 is dependency of org.apache.felix:org.apache.felix.http.jetty:4.0.14, indexing...
org.eclipse.jetty.websocket:websocket-server:9.4.26.v20200117 is dependency of org.apache.felix:org.apache.felix.http.jetty:4.0.16, indexing...
org.eclipse.jetty.websocket:websocket-server:9.4.26.v20200117 has dependencies: org.eclipse.jetty.websocket:websocket-common:9.4.26.v20200117, org.eclipse.jetty.websocket:websocket-servlet:9.4.26.v20200117, org.eclipse.jetty:jetty-http:9.4.26.v20200117, org.eclipse.jetty:jetty-servlet:9.4.26.v20200117, org.eclipse.jetty.websocket:websocket-client:9.4.26.v20200117, javax.servlet:javax.servlet-api:3.1.0, org.eclipse.jetty:jetty-server:9.4.26.v20200117
org.eclipse.jetty.websocket:websocket-server:9.4.26.v20200117 indexed.
org.eclipse.jetty.websocket:websocket-server:9.4.28.v20200408 is dependency of org.apache.felix:org.apache.felix.http.jetty:4.0.18, indexing...
org.eclipse.jetty.websocket:websocket-server:9.4.28.v20200408 has dependencies: org.eclipse.jetty.websocket:websocket-servlet:9.4.28.v20200408, org.eclipse.jetty:jetty-http:9.4.28.v20200408, org.eclipse.jetty:jetty-servlet:9.4.28.v20200408, org.eclipse.jetty.websocket:websocket-client:9.4.28.v20200408, org.eclipse.jetty.websocket:websocket-common:9.4.28.v20200408, org.eclipse.jetty:jetty-server:9.4.28.v20200408, javax.servlet:javax.servlet-api:3.1.0
org.eclipse.jetty.websocket:websocket-server:9.4.28.v20200408 indexed.
org.eclipse.jetty.websocket:websocket-server:9.4.30.v20200611 is dependency of org.apache.felix:org.apache.felix.http.jetty:4.0.20, indexing...
org.eclipse.jetty.websocket:websocket-server:9.4.30.v20200611 has dependencies: org.eclipse.jetty.websocket:websocket-client:9.4.30.v20200611, org.eclipse.jetty:jetty-servlet:9.4.30.v20200611, org.eclipse.jetty.websocket:websocket-servlet:9.4.30.v20200611, org.eclipse.jetty.websocket:websocket-common:9.4.30.v20200611, org.eclipse.jetty:jetty-http:9.4.30.v20200611, javax.servlet:javax.servlet-api:3.1.0, org.eclipse.jetty:jetty-server:9.4.30.v20200611
org.eclipse.jetty.websocket:websocket-server:9.4.30.v20200611 indexed.
org.eclipse.jetty.websocket:websocket-server:9.4.31.v20200723 is dependency of org.apache.felix:org.apache.felix.http.jetty:4.1.0, indexing...
org.eclipse.jetty.websocket:websocket-server:9.4.31.v20200723 has dependencies: org.eclipse.jetty.websocket:websocket-client:9.4.31.v20200723, org.eclipse.jetty:jetty-http:9.4.31.v20200723, org.eclipse.jetty:jetty-servlet:9.4.31.v20200723, org.eclipse.jetty.websocket:websocket-servlet:9.4.31.v20200723, org.eclipse.jetty.websocket:websocket-common:9.4.31.v20200723, org.eclipse.jetty:jetty-server:9.4.31.v20200723, javax.servlet:javax.servlet-api:3.1.0
org.eclipse.jetty.websocket:websocket-server:9.4.31.v20200723 indexed.
org.eclipse.jetty.websocket:websocket-server:9.4.32.v20200930 is dependency of org.apache.felix:org.apache.felix.http.jetty:4.1.2, indexing...
org.eclipse.jetty.websocket:websocket-server:9.4.32.v20200930 has dependencies: org.eclipse.jetty.websocket:websocket-client:9.4.32.v20200930, org.eclipse.jetty:jetty-http:9.4.32.v20200930, org.eclipse.jetty.websocket:websocket-common:9.4.32.v20200930, org.eclipse.jetty:jetty-servlet:9.4.32.v20200930, org.eclipse.jetty.websocket:websocket-servlet:9.4.32.v20200930, javax.servlet:javax.servlet-api:3.1.0, org.eclipse.jetty:jetty-server:9.4.32.v20200930
org.eclipse.jetty.websocket:websocket-server:9.4.32.v20200930 indexed.
org.eclipse.jetty.websocket:websocket-server:9.4.35.v20201120 is dependency of org.apache.felix:org.apache.felix.http.jetty:4.1.4, indexing...
org.eclipse.jetty.websocket:websocket-server:9.4.35.v20201120 has dependencies: org.eclipse.jetty.websocket:websocket-servlet:9.4.35.v20201120, org.eclipse.jetty:jetty-servlet:9.4.35.v20201120, org.eclipse.jetty.websocket:websocket-common:9.4.35.v20201120, org.eclipse.jetty:jetty-http:9.4.35.v20201120, org.eclipse.jetty.websocket:websocket-client:9.4.35.v20201120, javax.servlet:javax.servlet-api:3.1.0, org.eclipse.jetty:jetty-server:9.4.35.v20201120
org.eclipse.jetty.websocket:websocket-server:9.4.35.v20201120 indexed.
org.eclipse.jetty.websocket:websocket-server:9.4.38.v20210224 is dependency of org.apache.felix:org.apache.felix.http.jetty:4.1.6, indexing...
org.eclipse.jetty.websocket:websocket-server:9.4.38.v20210224 has dependencies: org.eclipse.jetty:jetty-http:9.4.38.v20210224, org.eclipse.jetty:jetty-servlet:9.4.38.v20210224, org.eclipse.jetty.websocket:websocket-client:9.4.38.v20210224, org.eclipse.jetty.websocket:websocket-servlet:9.4.38.v20210224, org.eclipse.jetty.websocket:websocket-common:9.4.38.v20210224, javax.servlet:javax.servlet-api:3.1.0, org.eclipse.jetty:jetty-server:9.4.38.v20210224
org.eclipse.jetty.websocket:websocket-server:9.4.38.v20210224 indexed.
org.eclipse.jetty.websocket:websocket-server:9.4.40.v20210413 is dependency of org.apache.felix:org.apache.felix.http.jetty:4.1.8, indexing...
org.eclipse.jetty.websocket:websocket-server:9.4.40.v20210413 has dependencies: org.eclipse.jetty.websocket:websocket-common:9.4.40.v20210413, org.eclipse.jetty.websocket:websocket-servlet:9.4.40.v20210413, org.eclipse.jetty:jetty-servlet:9.4.40.v20210413, org.eclipse.jetty.websocket:websocket-client:9.4.40.v20210413, org.eclipse.jetty:jetty-http:9.4.40.v20210413, javax.servlet:javax.servlet-api:3.1.0, org.eclipse.jetty:jetty-server:9.4.40.v20210413
org.eclipse.jetty.websocket:websocket-server:9.4.40.v20210413 indexed.
org.eclipse.jetty.websocket:websocket-server:9.4.42.v20210604 is dependency of org.apache.felix:org.apache.felix.http.jetty:4.1.10, indexing...
org.eclipse.jetty.websocket:websocket-server:9.4.42.v20210604 has dependencies: org.eclipse.jetty.websocket:websocket-servlet:9.4.42.v20210604, org.eclipse.jetty:jetty-servlet:9.4.42.v20210604, org.eclipse.jetty.websocket:websocket-client:9.4.42.v20210604, org.eclipse.jetty:jetty-http:9.4.42.v20210604, org.eclipse.jetty.websocket:websocket-common:9.4.42.v20210604, javax.servlet:javax.servlet-api:3.1.0, org.eclipse.jetty:jetty-server:9.4.42.v20210604
org.eclipse.jetty.websocket:websocket-server:9.4.42.v20210604 indexed.
org.eclipse.jetty.websocket:websocket-server:9.4.43.v20210629 is dependency of org.apache.felix:org.apache.felix.http.jetty:4.1.12, indexing...
org.eclipse.jetty.websocket:websocket-server:9.4.43.v20210629 has dependencies: org.eclipse.jetty.websocket:websocket-servlet:9.4.43.v20210629, org.eclipse.jetty.websocket:websocket-common:9.4.43.v20210629, org.eclipse.jetty:jetty-http:9.4.43.v20210629, org.eclipse.jetty:jetty-servlet:9.4.43.v20210629, org.eclipse.jetty.websocket:websocket-client:9.4.43.v20210629, org.eclipse.jetty:jetty-server:9.4.43.v20210629, javax.servlet:javax.servlet-api:3.1.0
org.eclipse.jetty.websocket:websocket-server:9.4.43.v20210629 indexed.
org.eclipse.jetty.websocket:websocket-server:9.4.44.v20210927 is dependency of org.apache.felix:org.apache.felix.http.jetty:4.1.14, indexing...
org.eclipse.jetty.websocket:websocket-server:9.4.44.v20210927 has dependencies: org.eclipse.jetty.websocket:websocket-client:9.4.44.v20210927, org.eclipse.jetty.websocket:websocket-common:9.4.44.v20210927, org.eclipse.jetty:jetty-servlet:9.4.44.v20210927, org.eclipse.jetty.websocket:websocket-servlet:9.4.44.v20210927, org.eclipse.jetty:jetty-http:9.4.44.v20210927, org.eclipse.jetty:jetty-server:9.4.44.v20210927, javax.servlet:javax.servlet-api:3.1.0
org.eclipse.jetty.websocket:websocket-server:9.4.44.v20210927 indexed.
org.eclipse.jetty.websocket:websocket-servlet:9.4.15.v20190215 is dependency of org.apache.felix:org.apache.felix.http.jetty:4.0.8, indexing...
org.eclipse.jetty.websocket:websocket-servlet:9.4.15.v20190215 has dependencies: javax.servlet:javax.servlet-api:3.1.0, org.eclipse.jetty.websocket:websocket-api:9.4.15.v20190215
org.eclipse.jetty.websocket:websocket-servlet:9.4.15.v20190215 indexed.
org.eclipse.jetty.websocket:websocket-servlet:9.4.15.v20190215 is dependency of org.eclipse.jetty.websocket:websocket-server:9.4.15.v20190215, indexing...
org.eclipse.jetty.websocket:websocket-servlet:9.4.19.v20190610 is dependency of org.apache.felix:org.apache.felix.http.jetty:4.0.10, indexing...
org.eclipse.jetty.websocket:websocket-servlet:9.4.19.v20190610 has dependencies: javax.servlet:javax.servlet-api:3.1.0, org.eclipse.jetty.websocket:websocket-api:9.4.19.v20190610
org.eclipse.jetty.websocket:websocket-servlet:9.4.19.v20190610 indexed.
org.eclipse.jetty.websocket:websocket-servlet:9.4.19.v20190610 is dependency of org.eclipse.jetty.websocket:websocket-server:9.4.19.v20190610, indexing...
org.eclipse.jetty.websocket:websocket-servlet:9.4.20.v20190813 is dependency of org.apache.felix:org.apache.felix.http.jetty:4.0.12, indexing...
org.eclipse.jetty.websocket:websocket-servlet:9.4.20.v20190813 has dependencies: javax.servlet:javax.servlet-api:3.1.0, org.eclipse.jetty.websocket:websocket-api:9.4.20.v20190813
org.eclipse.jetty.websocket:websocket-servlet:9.4.20.v20190813 indexed.
org.eclipse.jetty.websocket:websocket-servlet:9.4.20.v20190813 is dependency of org.eclipse.jetty.websocket:websocket-server:9.4.20.v20190813, indexing...
org.eclipse.jetty.websocket:websocket-servlet:9.4.20.v20190813 is dependency of org.apache.felix:org.apache.felix.http.jetty:4.0.14, indexing...
org.eclipse.jetty.websocket:websocket-servlet:9.4.26.v20200117 is dependency of org.eclipse.jetty.websocket:websocket-server:9.4.26.v20200117, indexing...
org.eclipse.jetty.websocket:websocket-servlet:9.4.26.v20200117 has dependencies: org.eclipse.jetty.websocket:websocket-api:9.4.26.v20200117, javax.servlet:javax.servlet-api:3.1.0
org.eclipse.jetty.websocket:websocket-servlet:9.4.26.v20200117 indexed.
org.eclipse.jetty.websocket:websocket-servlet:9.4.26.v20200117 is dependency of org.apache.felix:org.apache.felix.http.jetty:4.0.16, indexing...
org.eclipse.jetty.websocket:websocket-servlet:9.4.28.v20200408 is dependency of org.eclipse.jetty.websocket:websocket-server:9.4.28.v20200408, indexing...
org.eclipse.jetty.websocket:websocket-servlet:9.4.28.v20200408 has dependencies: org.eclipse.jetty.websocket:websocket-api:9.4.28.v20200408, javax.servlet:javax.servlet-api:3.1.0
org.eclipse.jetty.websocket:websocket-servlet:9.4.28.v20200408 indexed.
org.eclipse.jetty.websocket:websocket-servlet:9.4.28.v20200408 is dependency of org.apache.felix:org.apache.felix.http.jetty:4.0.18, indexing...
org.eclipse.jetty.websocket:websocket-servlet:9.4.30.v20200611 is dependency of org.apache.felix:org.apache.felix.http.jetty:4.0.20, indexing...
org.eclipse.jetty.websocket:websocket-servlet:9.4.30.v20200611 has dependencies: javax.servlet:javax.servlet-api:3.1.0, org.eclipse.jetty.websocket:websocket-api:9.4.30.v20200611
org.eclipse.jetty.websocket:websocket-servlet:9.4.30.v20200611 indexed.
org.eclipse.jetty.websocket:websocket-servlet:9.4.30.v20200611 is dependency of org.eclipse.jetty.websocket:websocket-server:9.4.30.v20200611, indexing...
org.eclipse.jetty.websocket:websocket-servlet:9.4.31.v20200723 is dependency of org.eclipse.jetty.websocket:websocket-server:9.4.31.v20200723, indexing...
org.eclipse.jetty.websocket:websocket-servlet:9.4.31.v20200723 has dependencies: javax.servlet:javax.servlet-api:3.1.0, org.eclipse.jetty.websocket:websocket-api:9.4.31.v20200723
org.eclipse.jetty.websocket:websocket-servlet:9.4.31.v20200723 indexed.
org.eclipse.jetty.websocket:websocket-servlet:9.4.31.v20200723 is dependency of org.apache.felix:org.apache.felix.http.jetty:4.1.0, indexing...
org.eclipse.jetty.websocket:websocket-servlet:9.4.32.v20200930 is dependency of org.eclipse.jetty.websocket:websocket-server:9.4.32.v20200930, indexing...
org.eclipse.jetty.websocket:websocket-servlet:9.4.32.v20200930 has dependencies: javax.servlet:javax.servlet-api:3.1.0, org.eclipse.jetty.websocket:websocket-api:9.4.32.v20200930
org.eclipse.jetty.websocket:websocket-servlet:9.4.32.v20200930 indexed.
org.eclipse.jetty.websocket:websocket-servlet:9.4.32.v20200930 is dependency of org.apache.felix:org.apache.felix.http.jetty:4.1.2, indexing...
org.eclipse.jetty.websocket:websocket-servlet:9.4.35.v20201120 is dependency of org.eclipse.jetty.websocket:websocket-server:9.4.35.v20201120, indexing...
org.eclipse.jetty.websocket:websocket-servlet:9.4.35.v20201120 has dependencies: org.eclipse.jetty.websocket:websocket-api:9.4.35.v20201120, javax.servlet:javax.servlet-api:3.1.0
org.eclipse.jetty.websocket:websocket-servlet:9.4.35.v20201120 indexed.
org.eclipse.jetty.websocket:websocket-servlet:9.4.35.v20201120 is dependency of org.apache.felix:org.apache.felix.http.jetty:4.1.4, indexing...
org.eclipse.jetty.websocket:websocket-servlet:9.4.38.v20210224 is dependency of org.eclipse.jetty.websocket:websocket-server:9.4.38.v20210224, indexing...
org.eclipse.jetty.websocket:websocket-servlet:9.4.38.v20210224 has dependencies: org.eclipse.jetty.websocket:websocket-api:9.4.38.v20210224, javax.servlet:javax.servlet-api:3.1.0
org.eclipse.jetty.websocket:websocket-servlet:9.4.38.v20210224 indexed.
org.eclipse.jetty.websocket:websocket-servlet:9.4.38.v20210224 is dependency of org.apache.felix:org.apache.felix.http.jetty:4.1.6, indexing...
org.eclipse.jetty.websocket:websocket-servlet:9.4.40.v20210413 is dependency of org.eclipse.jetty.websocket:websocket-server:9.4.40.v20210413, indexing...
org.eclipse.jetty.websocket:websocket-servlet:9.4.40.v20210413 has dependencies: javax.servlet:javax.servlet-api:3.1.0, org.eclipse.jetty.websocket:websocket-api:9.4.40.v20210413
org.eclipse.jetty.websocket:websocket-servlet:9.4.40.v20210413 indexed.
org.eclipse.jetty.websocket:websocket-servlet:9.4.40.v20210413 is dependency of org.apache.felix:org.apache.felix.http.jetty:4.1.8, indexing...
org.eclipse.jetty.websocket:websocket-servlet:9.4.42.v20210604 is dependency of org.apache.felix:org.apache.felix.http.jetty:4.1.10, indexing...
org.eclipse.jetty.websocket:websocket-servlet:9.4.42.v20210604 has dependencies: org.eclipse.jetty.websocket:websocket-api:9.4.42.v20210604, javax.servlet:javax.servlet-api:3.1.0
org.eclipse.jetty.websocket:websocket-servlet:9.4.42.v20210604 indexed.
org.eclipse.jetty.websocket:websocket-servlet:9.4.42.v20210604 is dependency of org.eclipse.jetty.websocket:websocket-server:9.4.42.v20210604, indexing...
org.eclipse.jetty.websocket:websocket-servlet:9.4.43.v20210629 is dependency of org.eclipse.jetty.websocket:websocket-server:9.4.43.v20210629, indexing...
org.eclipse.jetty.websocket:websocket-servlet:9.4.43.v20210629 has dependencies: javax.servlet:javax.servlet-api:3.1.0, org.eclipse.jetty.websocket:websocket-api:9.4.43.v20210629
org.eclipse.jetty.websocket:websocket-servlet:9.4.43.v20210629 indexed.
org.eclipse.jetty.websocket:websocket-servlet:9.4.43.v20210629 is dependency of org.apache.felix:org.apache.felix.http.jetty:4.1.12, indexing...
org.eclipse.jetty.websocket:websocket-servlet:9.4.44.v20210927 is dependency of org.eclipse.jetty.websocket:websocket-server:9.4.44.v20210927, indexing...
org.eclipse.jetty.websocket:websocket-servlet:9.4.44.v20210927 has dependencies: javax.servlet:javax.servlet-api:3.1.0, org.eclipse.jetty.websocket:websocket-api:9.4.44.v20210927
org.eclipse.jetty.websocket:websocket-servlet:9.4.44.v20210927 indexed.
org.eclipse.jetty.websocket:websocket-servlet:9.4.44.v20210927 is dependency of org.apache.felix:org.apache.felix.http.jetty:4.1.14, indexing...
