biz.aQute.bnd:biz.aQute.bnd.annotation:3.1.0 is dependency of org.apache.felix:org.apache.felix.scr.ext.anno:1.0.0, indexing...
biz.aQute.bnd:biz.aQute.bnd.annotation:3.1.0 indexed.
biz.aQute.bnd:biz.aQute.bnd.annotation:5.0.1 is dependency of org.apache.felix.atomos.utils:org.apache.felix.atomos.utils.substrate.impl:0.9.0, indexing...
biz.aQute.bnd:biz.aQute.bnd.annotation:5.0.1 has dependencies: org.osgi:osgi.annotation:7.0.0
biz.aQute.bnd:biz.aQute.bnd.annotation:5.0.1 indexed.
biz.aQute.bnd:biz.aQute.bnd.annotation:5.2.0 is dependency of org.apache.felix.atomos.utils:org.apache.felix.atomos.utils.substrate.api:0.9.0, indexing...
biz.aQute.bnd:biz.aQute.bnd.annotation:5.2.0 has dependencies: org.osgi:org.osgi.resource:1.0.0, org.osgi:osgi.annotation:7.0.0, org.osgi:org.osgi.namespace.extender:1.0.1, org.osgi:org.osgi.service.serviceloader:1.0.0, org.osgi:org.osgi.namespace.service:1.0.0
biz.aQute.bnd:biz.aQute.bnd.annotation:5.2.0 indexed.
biz.aQute.bnd:bnd:2.1.0 is dependency of org.apache.felix:org.apache.felix.jaas:0.0.2, indexing...
biz.aQute.bnd:bnd:2.1.0 has dependencies: org.osgi:org.osgi.core:4.2.0
biz.aQute.bnd:bnd:2.1.0 indexed.
biz.aQute.bnd:bnd:2.1.0 is dependency of org.apache.felix:org.apache.felix.jaas:0.0.4, indexing...
biz.aQute.bnd:bnd:2.1.0 is dependency of org.apache.felix:org.apache.felix.jaas:1.0.0, indexing...
biz.aQute.bnd:bnd:2.1.0 is dependency of org.apache.felix:org.apache.felix.jaas:1.0.2, indexing...
biz.aQute.bnd:bndlib:2.1.0 is dependency of org.apache.felix:org.apache.felix.scr.bnd:1.3.0, indexing...
biz.aQute.bnd:bndlib:2.1.0 has dependencies: org.osgi:org.osgi.core:4.2.0
biz.aQute.bnd:bndlib:2.1.0 indexed.
biz.aQute.bnd:bndlib:2.1.0 is dependency of org.apache.felix:org.apache.felix.scr.bnd:1.4.0, indexing...
biz.aQute.bnd:bndlib:2.1.0 is dependency of org.apache.felix:org.apache.felix.scr.bnd:1.5.0, indexing...
biz.aQute.bnd:bndlib:2.1.0 is dependency of org.apache.felix:org.apache.felix.scr.bnd:1.6.0, indexing...
biz.aQute.bnd:bndlib:2.1.0 is dependency of org.apache.felix:org.apache.felix.scr.bnd:1.7.0, indexing...
biz.aQute.bnd:bndlib:2.1.0 is dependency of org.apache.felix:org.apache.felix.scr.bnd:1.7.2, indexing...
biz.aQute.bnd:bndlib:2.1.0 is dependency of org.apache.felix:org.apache.felix.scr.bnd:1.8.0, indexing...
biz.aQute.bnd:bndlib:2.1.0 is dependency of org.apache.felix:org.apache.felix.scr.bnd:1.9.0, indexing...
biz.aQute.bnd:bndlib:2.1.0 is dependency of org.apache.felix:org.apache.felix.scr.bnd:1.9.2, indexing...
biz.aQute.bnd:bndlib:2.1.0 is dependency of org.apache.felix:org.apache.felix.scr.bnd:1.9.4, indexing...
biz.aQute.bnd:bndlib:2.1.0 is dependency of org.apache.felix:org.apache.felix.scr.bnd:1.9.6, indexing...
biz.aQute.bnd:bndlib:2.1.0 is dependency of org.apache.felix:bnd-ipojo-plugin:1.11.0, indexing...
biz.aQute.bnd:bndlib:2.1.0 is dependency of org.apache.felix:bnd-ipojo-plugin:1.11.1, indexing...
biz.aQute.bnd:bndlib:2.1.0 is dependency of org.apache.felix:bnd-ipojo-plugin:1.11.2, indexing...
biz.aQute.bnd:bndlib:2.1.0 is dependency of org.apache.felix:bnd-ipojo-plugin:1.12.0, indexing...
biz.aQute.bnd:bndlib:2.1.0 is dependency of org.apache.felix:bnd-ipojo-plugin:1.12.1, indexing...
biz.aQute.bnd:bndlib:2.3.0 is dependency of org.apache.felix:org.apache.felix.dependencymanager.annotation:3.2.0, indexing...
biz.aQute.bnd:bndlib:2.3.0 has dependencies: org.osgi:org.osgi.core:4.3.1
biz.aQute.bnd:bndlib:2.3.0 indexed.
biz.aQute.bnd:bndlib:2.4.0 is dependency of org.apache.felix:org.apache.felix.dependencymanager.annotation:4.0.1, indexing...
biz.aQute.bnd:bndlib:2.4.0 has dependencies: org.osgi:org.osgi.core:4.3.1
biz.aQute.bnd:bndlib:2.4.0 indexed.
biz.aQute.bnd:bndlib:2.4.0 is dependency of org.apache.felix:org.apache.felix.dependencymanager.annotation:4.0.2, indexing...
biz.aQute.bnd:bndlib:2.4.0 is dependency of org.apache.felix:org.apache.felix.dependencymanager.annotation:4.0.3, indexing...
biz.aQute.bnd:bndlib:2.4.0 is dependency of org.apache.felix:org.apache.felix.dependencymanager.annotation:4.1.0, indexing...
