javax.servlet:javax.servlet-api:3.0.1 is dependency of org.apache.felix:org.apache.felix.http.samples.whiteboard:2.3.0, indexing...
javax.servlet:javax.servlet-api:3.0.1 indexed.
javax.servlet:javax.servlet-api:3.0.1 is dependency of org.apache.felix:org.apache.felix.http.samples.whiteboard:2.3.2, indexing...
javax.servlet:javax.servlet-api:3.0.1 is dependency of org.apache.felix:org.apache.felix.http.samples.bridge:2.3.0, indexing...
javax.servlet:javax.servlet-api:3.0.1 is dependency of org.apache.felix:org.apache.felix.http.samples.bridge:2.3.2, indexing...
javax.servlet:javax.servlet-api:3.0.1 is dependency of org.apache.felix:org.apache.felix.http.base:2.3.0, indexing...
javax.servlet:javax.servlet-api:3.0.1 is dependency of org.apache.felix:org.apache.felix.http.base:2.3.2, indexing...
javax.servlet:javax.servlet-api:3.0.1 is dependency of org.apache.felix:org.apache.felix.http.whiteboard:2.3.0, indexing...
javax.servlet:javax.servlet-api:3.0.1 is dependency of org.apache.felix:org.apache.felix.http.whiteboard:2.3.2, indexing...
javax.servlet:javax.servlet-api:3.0.1 is dependency of org.apache.felix:org.apache.felix.http.proxy:2.3.0, indexing...
javax.servlet:javax.servlet-api:3.0.1 is dependency of org.apache.felix:org.apache.felix.http.proxy:2.3.2, indexing...
javax.servlet:javax.servlet-api:3.0.1 is dependency of org.apache.felix:org.apache.felix.http.bundle:2.3.0, indexing...
javax.servlet:javax.servlet-api:3.0.1 is dependency of org.apache.felix:org.apache.felix.http.bridge:2.3.0, indexing...
javax.servlet:javax.servlet-api:3.0.1 is dependency of org.apache.felix:org.apache.felix.http.cometd:2.3.0, indexing...
javax.servlet:javax.servlet-api:3.0.1 is dependency of org.apache.felix:org.apache.felix.http.bundle:2.3.2, indexing...
javax.servlet:javax.servlet-api:3.0.1 is dependency of org.apache.felix:org.apache.felix.http.bridge:2.3.2, indexing...
javax.servlet:javax.servlet-api:3.0.1 is dependency of org.apache.felix:org.apache.felix.http.cometd:2.3.2, indexing...
javax.servlet:javax.servlet-api:3.0.1 is dependency of org.apache.felix:org.apache.felix.http.samples.cometd:2.3.0, indexing...
javax.servlet:javax.servlet-api:3.0.1 is dependency of org.apache.felix:org.apache.felix.http.samples.cometd:2.3.2, indexing...
javax.servlet:javax.servlet-api:3.0.1 is dependency of org.apache.felix:org.apache.felix.http.sslfilter:0.1.0, indexing...
javax.servlet:javax.servlet-api:3.0.1 is dependency of org.apache.felix:org.apache.felix.http.samples.filter:2.3.0, indexing...
javax.servlet:javax.servlet-api:3.0.1 is dependency of org.apache.felix:org.apache.felix.http.samples.filter:2.3.2, indexing...
javax.servlet:javax.servlet-api:3.0.1 is dependency of org.apache.felix:org.apache.felix.http.itest:0.0.1, indexing...
javax.servlet:javax.servlet-api:3.0.1 is dependency of org.apache.felix:org.apache.felix.http.itest:0.0.2, indexing...
javax.servlet:javax.servlet-api:3.1.0 is dependency of org.eclipse.jetty:jetty-util:9.4.15.v20190215, indexing...
javax.servlet:javax.servlet-api:3.1.0 indexed.
javax.servlet:javax.servlet-api:3.1.0 is dependency of org.eclipse.jetty.websocket:websocket-servlet:9.4.15.v20190215, indexing...
javax.servlet:javax.servlet-api:3.1.0 is dependency of org.eclipse.jetty:jetty-http:9.4.15.v20190215, indexing...
javax.servlet:javax.servlet-api:3.1.0 is dependency of org.eclipse.jetty:jetty-server:9.4.15.v20190215, indexing...
javax.servlet:javax.servlet-api:3.1.0 is dependency of org.eclipse.jetty.websocket:websocket-server:9.4.15.v20190215, indexing...
javax.servlet:javax.servlet-api:3.1.0 is dependency of org.apache.felix:org.apache.felix.http.base:4.0.6, indexing...
javax.servlet:javax.servlet-api:3.1.0 is dependency of org.apache.felix:org.apache.felix.http.jetty:4.0.8, indexing...
javax.servlet:javax.servlet-api:3.1.0 is dependency of org.eclipse.jetty.websocket:websocket-servlet:9.4.19.v20190610, indexing...
javax.servlet:javax.servlet-api:3.1.0 is dependency of org.eclipse.jetty:jetty-util:9.4.19.v20190610, indexing...
javax.servlet:javax.servlet-api:3.1.0 is dependency of org.eclipse.jetty:jetty-http:9.4.19.v20190610, indexing...
javax.servlet:javax.servlet-api:3.1.0 is dependency of org.eclipse.jetty:jetty-server:9.4.19.v20190610, indexing...
javax.servlet:javax.servlet-api:3.1.0 is dependency of org.eclipse.jetty.websocket:websocket-server:9.4.19.v20190610, indexing...
javax.servlet:javax.servlet-api:3.1.0 is dependency of org.apache.felix:org.apache.felix.http.jetty:4.0.10, indexing...
javax.servlet:javax.servlet-api:3.1.0 is dependency of org.eclipse.jetty:jetty-util:9.4.20.v20190813, indexing...
javax.servlet:javax.servlet-api:3.1.0 is dependency of org.eclipse.jetty:jetty-server:9.4.20.v20190813, indexing...
javax.servlet:javax.servlet-api:3.1.0 is dependency of org.eclipse.jetty:jetty-http:9.4.20.v20190813, indexing...
javax.servlet:javax.servlet-api:3.1.0 is dependency of org.eclipse.jetty.websocket:websocket-servlet:9.4.20.v20190813, indexing...
javax.servlet:javax.servlet-api:3.1.0 is dependency of org.apache.felix:org.apache.felix.http.base:4.0.8, indexing...
javax.servlet:javax.servlet-api:3.1.0 is dependency of org.eclipse.jetty.websocket:websocket-server:9.4.20.v20190813, indexing...
javax.servlet:javax.servlet-api:3.1.0 is dependency of org.apache.felix:org.apache.felix.http.jetty:4.0.12, indexing...
javax.servlet:javax.servlet-api:3.1.0 is dependency of org.apache.felix:org.apache.felix.http.jetty:4.0.14, indexing...
javax.servlet:javax.servlet-api:3.1.0 is dependency of org.eclipse.jetty:jetty-util:9.4.26.v20200117, indexing...
javax.servlet:javax.servlet-api:3.1.0 is dependency of org.eclipse.jetty:jetty-http:9.4.26.v20200117, indexing...
javax.servlet:javax.servlet-api:3.1.0 is dependency of org.eclipse.jetty:jetty-server:9.4.26.v20200117, indexing...
javax.servlet:javax.servlet-api:3.1.0 is dependency of org.eclipse.jetty.websocket:websocket-servlet:9.4.26.v20200117, indexing...
javax.servlet:javax.servlet-api:3.1.0 is dependency of org.eclipse.jetty.websocket:websocket-server:9.4.26.v20200117, indexing...
javax.servlet:javax.servlet-api:3.1.0 is dependency of org.apache.felix:org.apache.felix.http.jetty:4.0.16, indexing...
javax.servlet:javax.servlet-api:3.1.0 is dependency of org.eclipse.jetty:jetty-server:9.4.28.v20200408, indexing...
javax.servlet:javax.servlet-api:3.1.0 is dependency of org.eclipse.jetty:jetty-util:9.4.28.v20200408, indexing...
javax.servlet:javax.servlet-api:3.1.0 is dependency of org.eclipse.jetty:jetty-http:9.4.28.v20200408, indexing...
javax.servlet:javax.servlet-api:3.1.0 is dependency of org.eclipse.jetty.websocket:websocket-servlet:9.4.28.v20200408, indexing...
javax.servlet:javax.servlet-api:3.1.0 is dependency of org.eclipse.jetty.websocket:websocket-server:9.4.28.v20200408, indexing...
javax.servlet:javax.servlet-api:3.1.0 is dependency of org.apache.felix:org.apache.felix.http.base:4.0.10, indexing...
javax.servlet:javax.servlet-api:3.1.0 is dependency of org.apache.felix:org.apache.felix.http.jetty:4.0.18, indexing...
javax.servlet:javax.servlet-api:3.1.0 is dependency of org.eclipse.jetty:jetty-util:9.4.30.v20200611, indexing...
javax.servlet:javax.servlet-api:3.1.0 is dependency of org.eclipse.jetty:jetty-server:9.4.30.v20200611, indexing...
javax.servlet:javax.servlet-api:3.1.0 is dependency of org.eclipse.jetty:jetty-http:9.4.30.v20200611, indexing...
javax.servlet:javax.servlet-api:3.1.0 is dependency of org.eclipse.jetty.websocket:websocket-servlet:9.4.30.v20200611, indexing...
javax.servlet:javax.servlet-api:3.1.0 is dependency of org.eclipse.jetty.websocket:websocket-server:9.4.30.v20200611, indexing...
javax.servlet:javax.servlet-api:3.1.0 is dependency of org.apache.felix:org.apache.felix.http.jetty:4.0.20, indexing...
javax.servlet:javax.servlet-api:3.1.0 is dependency of org.eclipse.jetty:jetty-util:9.4.31.v20200723, indexing...
javax.servlet:javax.servlet-api:3.1.0 is dependency of org.eclipse.jetty:jetty-http:9.4.31.v20200723, indexing...
javax.servlet:javax.servlet-api:3.1.0 is dependency of org.eclipse.jetty:jetty-server:9.4.31.v20200723, indexing...
javax.servlet:javax.servlet-api:3.1.0 is dependency of org.eclipse.jetty.websocket:websocket-servlet:9.4.31.v20200723, indexing...
javax.servlet:javax.servlet-api:3.1.0 is dependency of org.eclipse.jetty.websocket:websocket-server:9.4.31.v20200723, indexing...
javax.servlet:javax.servlet-api:3.1.0 is dependency of org.apache.felix:org.apache.felix.http.base:4.1.0, indexing...
javax.servlet:javax.servlet-api:3.1.0 is dependency of org.apache.felix:org.apache.felix.http.api:3.0.0, indexing...
javax.servlet:javax.servlet-api:3.1.0 is dependency of org.apache.felix:org.apache.felix.http.jetty:4.1.0, indexing...
javax.servlet:javax.servlet-api:3.1.0 is dependency of org.eclipse.jetty:jetty-util:9.4.32.v20200930, indexing...
javax.servlet:javax.servlet-api:3.1.0 is dependency of org.eclipse.jetty:jetty-http:9.4.32.v20200930, indexing...
javax.servlet:javax.servlet-api:3.1.0 is dependency of org.eclipse.jetty:jetty-server:9.4.32.v20200930, indexing...
javax.servlet:javax.servlet-api:3.1.0 is dependency of org.apache.felix:org.apache.felix.http.base:4.1.2, indexing...
javax.servlet:javax.servlet-api:3.1.0 is dependency of org.apache.felix:org.apache.felix.http.base:2.4.0, indexing...
javax.servlet:javax.servlet-api:3.1.0 is dependency of org.eclipse.jetty.websocket:websocket-servlet:9.4.32.v20200930, indexing...
javax.servlet:javax.servlet-api:3.1.0 is dependency of org.eclipse.jetty.websocket:websocket-server:9.4.32.v20200930, indexing...
javax.servlet:javax.servlet-api:3.1.0 is dependency of org.apache.felix:org.apache.felix.http.jetty:4.1.2, indexing...
javax.servlet:javax.servlet-api:3.1.0 is dependency of org.apache.felix:org.apache.felix.http.base:3.0.0, indexing...
javax.servlet:javax.servlet-api:3.1.0 is dependency of org.apache.felix:org.apache.felix.http.base:3.0.2, indexing...
javax.servlet:javax.servlet-api:3.1.0 is dependency of org.apache.felix:org.apache.felix.http.base:3.0.4, indexing...
javax.servlet:javax.servlet-api:3.1.0 is dependency of org.apache.felix:org.apache.felix.http.base:3.0.6, indexing...
javax.servlet:javax.servlet-api:3.1.0 is dependency of org.apache.felix:org.apache.felix.http.base:3.0.8, indexing...
javax.servlet:javax.servlet-api:3.1.0 is dependency of org.eclipse.jetty:jetty-util:9.4.35.v20201120, indexing...
javax.servlet:javax.servlet-api:3.1.0 is dependency of org.eclipse.jetty:jetty-http:9.4.35.v20201120, indexing...
javax.servlet:javax.servlet-api:3.1.0 is dependency of org.eclipse.jetty:jetty-server:9.4.35.v20201120, indexing...
javax.servlet:javax.servlet-api:3.1.0 is dependency of org.apache.felix:org.apache.felix.http.base:3.0.10, indexing...
javax.servlet:javax.servlet-api:3.1.0 is dependency of org.eclipse.jetty.websocket:websocket-servlet:9.4.35.v20201120, indexing...
javax.servlet:javax.servlet-api:3.1.0 is dependency of org.apache.felix:org.apache.felix.http.base:3.0.12, indexing...
javax.servlet:javax.servlet-api:3.1.0 is dependency of org.apache.felix:org.apache.felix.http.base:3.0.16, indexing...
javax.servlet:javax.servlet-api:3.1.0 is dependency of org.apache.felix:org.apache.felix.http.base:3.0.18, indexing...
javax.servlet:javax.servlet-api:3.1.0 is dependency of org.apache.felix:org.apache.felix.http.base:4.0.0, indexing...
javax.servlet:javax.servlet-api:3.1.0 is dependency of org.apache.felix:org.apache.felix.http.base:4.0.2, indexing...
javax.servlet:javax.servlet-api:3.1.0 is dependency of org.apache.felix:org.apache.felix.http.base:4.0.4, indexing...
javax.servlet:javax.servlet-api:3.1.0 is dependency of org.apache.felix:org.apache.felix.http.base:4.1.4, indexing...
javax.servlet:javax.servlet-api:3.1.0 is dependency of org.apache.felix:org.apache.felix.http.base:4.1.6, indexing...
javax.servlet:javax.servlet-api:3.1.0 is dependency of org.eclipse.jetty:jetty-util-ajax:9.4.35.v20201120, indexing...
javax.servlet:javax.servlet-api:3.1.0 is dependency of org.eclipse.jetty.websocket:websocket-server:9.4.35.v20201120, indexing...
javax.servlet:javax.servlet-api:3.1.0 is dependency of org.apache.felix:org.apache.felix.http.jetty:4.1.4, indexing...
javax.servlet:javax.servlet-api:3.1.0 is dependency of org.apache.felix:org.apache.felix.http.whiteboard:3.0.0, indexing...
javax.servlet:javax.servlet-api:3.1.0 is dependency of org.eclipse.jetty:jetty-util:9.4.38.v20210224, indexing...
javax.servlet:javax.servlet-api:3.1.0 is dependency of org.apache.felix:org.apache.felix.http.whiteboard:4.0.0, indexing...
javax.servlet:javax.servlet-api:3.1.0 is dependency of org.eclipse.jetty:jetty-http:9.4.38.v20210224, indexing...
javax.servlet:javax.servlet-api:3.1.0 is dependency of org.eclipse.jetty:jetty-server:9.4.38.v20210224, indexing...
javax.servlet:javax.servlet-api:3.1.0 is dependency of org.eclipse.jetty:jetty-util-ajax:9.4.38.v20210224, indexing...
javax.servlet:javax.servlet-api:3.1.0 is dependency of org.eclipse.jetty.websocket:websocket-servlet:9.4.38.v20210224, indexing...
javax.servlet:javax.servlet-api:3.1.0 is dependency of org.eclipse.jetty.websocket:websocket-server:9.4.38.v20210224, indexing...
javax.servlet:javax.servlet-api:3.1.0 is dependency of org.apache.felix:org.apache.felix.http.jetty:4.1.6, indexing...
javax.servlet:javax.servlet-api:3.1.0 is dependency of org.eclipse.jetty:jetty-util:9.4.40.v20210413, indexing...
javax.servlet:javax.servlet-api:3.1.0 is dependency of org.eclipse.jetty:jetty-http:9.4.40.v20210413, indexing...
javax.servlet:javax.servlet-api:3.1.0 is dependency of org.eclipse.jetty:jetty-server:9.4.40.v20210413, indexing...
javax.servlet:javax.servlet-api:3.1.0 is dependency of org.eclipse.jetty:jetty-util-ajax:9.4.40.v20210413, indexing...
javax.servlet:javax.servlet-api:3.1.0 is dependency of org.eclipse.jetty.websocket:websocket-servlet:9.4.40.v20210413, indexing...
javax.servlet:javax.servlet-api:3.1.0 is dependency of org.eclipse.jetty.websocket:websocket-server:9.4.40.v20210413, indexing...
javax.servlet:javax.servlet-api:3.1.0 is dependency of org.apache.felix:org.apache.felix.http.jetty:4.1.8, indexing...
javax.servlet:javax.servlet-api:3.1.0 is dependency of org.eclipse.jetty:jetty-util:9.4.42.v20210604, indexing...
javax.servlet:javax.servlet-api:3.1.0 is dependency of org.eclipse.jetty.websocket:websocket-servlet:9.4.42.v20210604, indexing...
javax.servlet:javax.servlet-api:3.1.0 is dependency of org.eclipse.jetty:jetty-http:9.4.42.v20210604, indexing...
javax.servlet:javax.servlet-api:3.1.0 is dependency of org.eclipse.jetty:jetty-server:9.4.42.v20210604, indexing...
javax.servlet:javax.servlet-api:3.1.0 is dependency of org.eclipse.jetty:jetty-util-ajax:9.4.42.v20210604, indexing...
javax.servlet:javax.servlet-api:3.1.0 is dependency of org.eclipse.jetty.websocket:websocket-server:9.4.42.v20210604, indexing...
javax.servlet:javax.servlet-api:3.1.0 is dependency of org.apache.felix:org.apache.felix.http.jetty:4.1.10, indexing...
javax.servlet:javax.servlet-api:3.1.0 is dependency of org.eclipse.jetty.websocket:websocket-servlet:9.4.43.v20210629, indexing...
javax.servlet:javax.servlet-api:3.1.0 is dependency of org.eclipse.jetty:jetty-util:9.4.43.v20210629, indexing...
javax.servlet:javax.servlet-api:3.1.0 is dependency of org.eclipse.jetty:jetty-http:9.4.43.v20210629, indexing...
javax.servlet:javax.servlet-api:3.1.0 is dependency of org.eclipse.jetty:jetty-util-ajax:9.4.43.v20210629, indexing...
javax.servlet:javax.servlet-api:3.1.0 is dependency of org.eclipse.jetty:jetty-server:9.4.43.v20210629, indexing...
javax.servlet:javax.servlet-api:3.1.0 is dependency of org.eclipse.jetty.websocket:websocket-server:9.4.43.v20210629, indexing...
javax.servlet:javax.servlet-api:3.1.0 is dependency of org.apache.felix:org.apache.felix.http.jetty:4.1.12, indexing...
javax.servlet:javax.servlet-api:3.1.0 is dependency of org.eclipse.jetty:jetty-util:9.4.44.v20210927, indexing...
javax.servlet:javax.servlet-api:3.1.0 is dependency of org.eclipse.jetty:jetty-http:9.4.44.v20210927, indexing...
javax.servlet:javax.servlet-api:3.1.0 is dependency of org.eclipse.jetty:jetty-server:9.4.44.v20210927, indexing...
javax.servlet:javax.servlet-api:3.1.0 is dependency of org.eclipse.jetty:jetty-util-ajax:9.4.44.v20210927, indexing...
javax.servlet:javax.servlet-api:3.1.0 is dependency of org.eclipse.jetty.websocket:websocket-servlet:9.4.44.v20210927, indexing...
javax.servlet:javax.servlet-api:3.1.0 is dependency of org.eclipse.jetty.websocket:websocket-server:9.4.44.v20210927, indexing...
javax.servlet:javax.servlet-api:3.1.0 is dependency of org.apache.felix:org.apache.felix.http.jetty:4.1.14, indexing...
javax.servlet:javax.servlet-api:3.1.0 is dependency of org.apache.felix:org.apache.felix.http.proxy:3.0.0, indexing...
javax.servlet:javax.servlet-api:3.1.0 is dependency of org.apache.felix:org.apache.felix.http.proxy:3.0.2, indexing...
javax.servlet:javax.servlet-api:3.1.0 is dependency of org.apache.felix:org.apache.felix.http.proxy:3.0.4, indexing...
javax.servlet:javax.servlet-api:3.1.0 is dependency of org.apache.felix:org.apache.felix.http.bundle:3.0.0, indexing...
javax.servlet:javax.servlet-api:3.1.0 is dependency of org.apache.felix:org.apache.felix.http.bridge:3.0.0, indexing...
javax.servlet:javax.servlet-api:3.1.0 is dependency of org.apache.felix:org.apache.felix.http.bridge:3.0.2, indexing...
javax.servlet:javax.servlet-api:3.1.0 is dependency of org.apache.felix:org.apache.felix.http.bridge:3.0.4, indexing...
javax.servlet:javax.servlet-api:3.1.0 is dependency of org.apache.felix:org.apache.felix.http.bridge:3.0.6, indexing...
javax.servlet:javax.servlet-api:3.1.0 is dependency of org.apache.felix:org.apache.felix.http.bridge:3.0.8, indexing...
javax.servlet:javax.servlet-api:3.1.0 is dependency of org.apache.felix:org.apache.felix.http.bridge:3.0.10, indexing...
javax.servlet:javax.servlet-api:3.1.0 is dependency of org.apache.felix:org.apache.felix.http.bridge:3.0.12, indexing...
javax.servlet:javax.servlet-api:3.1.0 is dependency of org.apache.felix:org.apache.felix.http.bridge:3.0.16, indexing...
javax.servlet:javax.servlet-api:3.1.0 is dependency of org.apache.felix:org.apache.felix.http.bridge:3.0.18, indexing...
javax.servlet:javax.servlet-api:3.1.0 is dependency of org.apache.felix:org.apache.felix.http.bridge:4.0.0, indexing...
javax.servlet:javax.servlet-api:3.1.0 is dependency of org.apache.felix:org.apache.felix.http.bridge:4.0.2, indexing...
javax.servlet:javax.servlet-api:3.1.0 is dependency of org.apache.felix:org.apache.felix.http.bridge:4.0.4, indexing...
javax.servlet:javax.servlet-api:3.1.0 is dependency of org.apache.felix:org.apache.felix.http.bridge:4.0.6, indexing...
javax.servlet:javax.servlet-api:3.1.0 is dependency of org.apache.felix:org.apache.felix.http.bridge:4.0.8, indexing...
javax.servlet:javax.servlet-api:3.1.0 is dependency of org.apache.felix:org.apache.felix.http.bridge:4.0.10, indexing...
javax.servlet:javax.servlet-api:3.1.0 is dependency of org.apache.felix:org.apache.felix.http.bridge:4.0.12, indexing...
javax.servlet:javax.servlet-api:3.1.0 is dependency of org.apache.felix:org.apache.felix.http.bridge:4.1.0, indexing...
javax.servlet:javax.servlet-api:3.1.0 is dependency of org.apache.felix:org.apache.felix.http.bridge:4.1.2, indexing...
javax.servlet:javax.servlet-api:3.1.0 is dependency of org.apache.felix:org.apache.felix.http.bridge:4.1.4, indexing...
javax.servlet:javax.servlet-api:3.1.0 is dependency of org.apache.felix:org.apache.felix.http.bridge:4.1.6, indexing...
javax.servlet:javax.servlet-api:3.1.0 is dependency of org.apache.felix:org.apache.felix.healthcheck.core:0.1.1, indexing...
javax.servlet:javax.servlet-api:3.1.0 is dependency of org.apache.felix:org.apache.felix.healthcheck.core:2.0.0, indexing...
javax.servlet:javax.servlet-api:3.1.0 is dependency of org.apache.felix:org.apache.felix.healthcheck.core:2.0.2, indexing...
javax.servlet:javax.servlet-api:3.1.0 is dependency of org.apache.felix:org.apache.felix.healthcheck.core:2.0.4, indexing...
javax.servlet:javax.servlet-api:3.1.0 is dependency of org.apache.felix:org.apache.felix.healthcheck.core:2.0.6, indexing...
javax.servlet:javax.servlet-api:4.0.1 is dependency of org.apache.felix:org.apache.felix.http.proxy:3.0.6, indexing...
javax.servlet:javax.servlet-api:4.0.1 indexed.
javax.servlet:servlet-api:2.3 is dependency of org.apache.felix:org.apache.felix.webconsole.plugins.memoryusage:1.0.10, indexing...
javax.servlet:servlet-api:2.3 indexed.
javax.servlet:servlet-api:2.3 is dependency of org.apache.felix:org.apache.felix.http.api:2.3.0, indexing...
javax.servlet:servlet-api:2.3 is dependency of org.apache.felix:org.apache.felix.http.api:2.3.2, indexing...
javax.servlet:servlet-api:2.3 is dependency of org.apache.felix:org.apache.felix.http.sslfilter:0.0.1, indexing...
javax.servlet:servlet-api:2.3 is dependency of org.apache.felix:org.apache.felix.ipojo.webconsole:1.7.0, indexing...
javax.servlet:servlet-api:2.3 is dependency of org.apache.felix:org.apache.felix.webconsole.plugins.packageadmin:1.0.0, indexing...
javax.servlet:servlet-api:2.3 is dependency of org.apache.felix:org.apache.felix.webconsole.plugins.packageadmin:1.0.2, indexing...
javax.servlet:servlet-api:2.3 is dependency of org.apache.felix:org.apache.felix.webconsole.plugins.packageadmin:1.0.4, indexing...
javax.servlet:servlet-api:2.4 is dependency of commons-fileupload:commons-fileupload:1.3.3, indexing...
javax.servlet:servlet-api:2.4 indexed.
javax.servlet:servlet-api:2.4 is dependency of org.apache.felix:org.apache.felix.webconsole.plugins.upnp:1.0.0, indexing...
javax.servlet:servlet-api:2.4 is dependency of org.apache.felix:org.apache.felix.webconsole.plugins.upnp:1.0.2, indexing...
javax.servlet:servlet-api:2.4 is dependency of org.apache.felix:org.apache.felix.webconsole:3.1.0, indexing...
javax.servlet:servlet-api:2.4 is dependency of org.apache.felix:org.apache.felix.webconsole.plugins.upnp:1.0.4, indexing...
javax.servlet:servlet-api:2.4 is dependency of org.apache.felix:org.apache.felix.webconsole.plugins.upnp:1.0.6, indexing...
javax.servlet:servlet-api:2.4 is dependency of org.apache.felix:org.apache.felix.webconsole:3.1.8, indexing...
javax.servlet:servlet-api:2.4 is dependency of org.apache.felix:org.apache.felix.inventory:1.0.0, indexing...
javax.servlet:servlet-api:2.4 is dependency of org.apache.felix:org.apache.felix.webconsole:4.2.0, indexing...
javax.servlet:servlet-api:2.4 is dependency of commons-fileupload:commons-fileupload:1.2.1, indexing...
javax.servlet:servlet-api:2.4 is dependency of org.apache.felix:org.apache.felix.healthcheck.webconsoleplugin:0.1.1, indexing...
javax.servlet:servlet-api:2.4 is dependency of org.apache.felix:org.apache.felix.healthcheck.webconsoleplugin:2.0.0, indexing...
javax.servlet:servlet-api:2.4 is dependency of org.apache.felix:org.apache.felix.healthcheck.webconsoleplugin:2.0.2, indexing...
javax.servlet:servlet-api:2.4 is dependency of org.apache.felix:org.apache.felix.webconsole.plugins.event:0.9.0, indexing...
javax.servlet:servlet-api:2.4 is dependency of org.apache.felix:org.apache.felix.webconsole.plugins.event:1.0.2, indexing...
javax.servlet:servlet-api:2.4 is dependency of org.apache.felix:org.apache.felix.webconsole.plugins.event:1.1.0, indexing...
javax.servlet:servlet-api:2.4 is dependency of org.apache.felix:org.apache.felix.webconsole.plugins.event:1.1.2, indexing...
javax.servlet:servlet-api:2.4 is dependency of org.apache.felix:org.apache.felix.webconsole.plugins.event:1.1.4, indexing...
javax.servlet:servlet-api:2.4 is dependency of org.apache.felix:org.apache.felix.webconsole.plugins.event:1.1.6, indexing...
javax.servlet:servlet-api:2.4 is dependency of org.apache.felix:org.apache.felix.webconsole.plugins.event:1.1.8, indexing...
javax.servlet:servlet-api:2.4 is dependency of org.apache.felix:org.apache.felix.webconsole.plugins.useradmin:1.0.0, indexing...
javax.servlet:servlet-api:2.4 is dependency of org.apache.felix:org.apache.felix.webconsole.plugins.useradmin:1.0.2, indexing...
javax.servlet:servlet-api:2.4 is dependency of org.apache.felix:org.apache.felix.httplite:0.1.2, indexing...
javax.servlet:servlet-api:2.4 is dependency of org.apache.felix:org.apache.felix.inventory:1.0.2, indexing...
javax.servlet:servlet-api:2.4 is dependency of org.apache.felix:org.apache.felix.inventory:1.0.4, indexing...
javax.servlet:servlet-api:2.4 is dependency of org.apache.felix:org.apache.felix.inventory:1.0.6, indexing...
javax.servlet:servlet-api:2.4 is dependency of org.apache.felix:org.apache.felix.inventory:1.1.0, indexing...
javax.servlet:servlet-api:2.4 is dependency of org.apache.felix:org.apache.felix.webconsole.plugins.subsystems:0.1.0, indexing...
javax.servlet:servlet-api:2.4 is dependency of org.apache.felix:org.apache.felix.webconsole:1.2.10, indexing...
javax.servlet:servlet-api:2.4 is dependency of org.apache.felix:org.apache.felix.webconsole:3.1.6, indexing...
javax.servlet:servlet-api:2.4 is dependency of org.apache.felix:org.apache.felix.webconsole:4.0.0, indexing...
javax.servlet:servlet-api:2.4 is dependency of org.apache.felix:org.apache.felix.httplite.core:0.1.4, indexing...
javax.servlet:servlet-api:2.4 is dependency of org.apache.felix:org.apache.felix.httplite.complete:0.1.4, indexing...
javax.servlet:servlet-api:2.4 is dependency of org.apache.felix:org.apache.felix.httplite.core:0.1.5, indexing...
javax.servlet:servlet-api:2.4 is dependency of org.apache.felix:org.apache.felix.httplite.complete:0.1.5, indexing...
javax.servlet:servlet-api:2.4 is dependency of org.apache.felix:org.apache.felix.httplite.core:0.1.6, indexing...
javax.servlet:servlet-api:2.4 is dependency of org.apache.felix:org.apache.felix.httplite.complete:0.1.6, indexing...
javax.servlet:servlet-api:2.4 is dependency of org.apache.felix:org.apache.felix.webconsole.plugins.obr:1.0.0, indexing...
javax.servlet:servlet-api:2.4 is dependency of org.apache.felix:org.apache.felix.webconsole.plugins.obr:1.0.2, indexing...
javax.servlet:servlet-api:2.4 is dependency of org.apache.felix:org.apache.felix.webconsole.plugins.obr:1.0.4, indexing...
javax.servlet:servlet-api:2.4 is dependency of org.apache.felix:org.apache.felix.webconsole:1.0.0, indexing...
javax.servlet:servlet-api:2.4 is dependency of org.apache.felix:org.apache.felix.webconsole:1.2.0, indexing...
javax.servlet:servlet-api:2.4 is dependency of org.apache.felix:org.apache.felix.webconsole:1.2.2, indexing...
javax.servlet:servlet-api:2.4 is dependency of org.apache.felix:org.apache.felix.webconsole:1.2.8, indexing...
javax.servlet:servlet-api:2.4 is dependency of org.apache.felix:org.apache.felix.webconsole.plugins.ds:1.0.0, indexing...
javax.servlet:servlet-api:2.4 is dependency of org.apache.felix:org.apache.felix.webconsole.plugins.ds:2.0.0, indexing...
javax.servlet:servlet-api:2.4 is dependency of org.apache.felix:org.apache.felix.webconsole.plugins.ds:2.0.2, indexing...
javax.servlet:servlet-api:2.4 is dependency of org.apache.felix:org.apache.felix.webconsole:2.0.0, indexing...
javax.servlet:servlet-api:2.4 is dependency of org.apache.felix:org.apache.felix.webconsole.plugins.ds:2.0.4, indexing...
javax.servlet:servlet-api:2.4 is dependency of org.apache.felix:org.apache.felix.webconsole.plugins.ds:2.0.6, indexing...
javax.servlet:servlet-api:2.4 is dependency of org.apache.felix:org.apache.felix.webconsole.plugins.ds:2.0.8, indexing...
javax.servlet:servlet-api:2.4 is dependency of org.apache.felix:org.apache.felix.webconsole:2.0.2, indexing...
javax.servlet:servlet-api:2.4 is dependency of org.apache.felix:org.apache.felix.webconsole.plugins.ds:2.1.0, indexing...
javax.servlet:servlet-api:2.4 is dependency of org.apache.felix:org.apache.felix.webconsole:2.0.4, indexing...
javax.servlet:servlet-api:2.4 is dependency of org.apache.felix:org.apache.felix.webconsole:2.0.6, indexing...
javax.servlet:servlet-api:2.4 is dependency of org.apache.felix:org.apache.felix.webconsole:3.1.2, indexing...
javax.servlet:servlet-api:2.4 is dependency of org.apache.felix:org.apache.felix.webconsole:4.2.2, indexing...
javax.servlet:servlet-api:2.4 is dependency of org.apache.felix:org.apache.felix.webconsole:4.2.4, indexing...
javax.servlet:servlet-api:2.4 is dependency of org.apache.felix:org.apache.felix.webconsole.plugins.scriptconsole:1.0.0, indexing...
javax.servlet:servlet-api:2.4 is dependency of org.apache.felix:org.apache.felix.webconsole:4.2.6, indexing...
javax.servlet:servlet-api:2.4 is dependency of org.apache.felix:org.apache.felix.webconsole:4.2.8, indexing...
javax.servlet:servlet-api:2.4 is dependency of org.apache.felix:org.apache.felix.webconsole:4.2.10, indexing...
javax.servlet:servlet-api:2.4 is dependency of org.apache.felix:org.apache.felix.webconsole:4.2.12, indexing...
javax.servlet:servlet-api:2.4 is dependency of org.apache.felix:org.apache.felix.webconsole.plugins.scriptconsole:1.0.2, indexing...
javax.servlet:servlet-api:2.4 is dependency of org.apache.felix:org.apache.felix.webconsole:4.2.14, indexing...
javax.servlet:servlet-api:2.4 is dependency of org.apache.felix:org.apache.felix.webconsole:4.2.16, indexing...
javax.servlet:servlet-api:2.4 is dependency of org.apache.felix:org.apache.felix.webconsole:4.2.18, indexing...
javax.servlet:servlet-api:2.4 is dependency of org.apache.felix:org.apache.felix.webconsole:4.3.0, indexing...
javax.servlet:servlet-api:2.4 is dependency of org.apache.felix:org.apache.felix.webconsole:4.3.2, indexing...
javax.servlet:servlet-api:2.4 is dependency of org.apache.felix:org.apache.felix.webconsole:4.3.4, indexing...
javax.servlet:servlet-api:2.4 is dependency of org.apache.felix:org.apache.felix.webconsole:4.3.8, indexing...
javax.servlet:servlet-api:2.4 is dependency of org.apache.felix:org.apache.felix.webconsole:4.3.10, indexing...
javax.servlet:servlet-api:2.4 is dependency of org.apache.felix:org.apache.felix.webconsole:4.3.12, indexing...
javax.servlet:servlet-api:2.4 is dependency of org.apache.felix:org.apache.felix.webconsole:4.3.14, indexing...
javax.servlet:servlet-api:2.4 is dependency of org.apache.felix:org.apache.felix.webconsole:4.3.16, indexing...
javax.servlet:servlet-api:2.4 is dependency of org.apache.felix:org.apache.felix.webconsole:4.4.0, indexing...
javax.servlet:servlet-api:2.4 is dependency of commons-fileupload:commons-fileupload:1.4, indexing...
javax.servlet:servlet-api:2.4 is dependency of org.apache.felix:org.apache.felix.webconsole:4.5.0, indexing...
javax.servlet:servlet-api:2.4 is dependency of org.apache.felix:org.apache.felix.webconsole:4.5.2, indexing...
javax.servlet:servlet-api:2.4 is dependency of org.apache.felix:org.apache.felix.webconsole:4.5.4, indexing...
javax.servlet:servlet-api:2.4 is dependency of org.apache.felix:org.apache.felix.webconsole:4.6.0, indexing...
javax.servlet:servlet-api:2.4 is dependency of org.apache.felix:org.apache.felix.webconsole:4.6.2, indexing...
javax.servlet:servlet-api:2.4 is dependency of org.apache.felix:org.apache.felix.webconsole:4.6.4, indexing...
javax.servlet:servlet-api:2.4 is dependency of org.apache.felix:org.apache.felix.webconsole:4.7.0, indexing...
javax.servlet:servlet-api:2.4 is dependency of org.apache.felix:org.apache.felix.webconsole:4.7.2, indexing...
javax.servlet:servlet-api:2.5 is dependency of org.apache.felix:org.apache.felix.http.samples.whiteboard:2.0.2, indexing...
javax.servlet:servlet-api:2.5 indexed.
javax.servlet:servlet-api:2.5 is dependency of org.apache.felix:org.apache.felix.http.samples.whiteboard:2.0.4, indexing...
javax.servlet:servlet-api:2.5 is dependency of org.apache.felix:org.apache.felix.http.samples.whiteboard:2.2.0, indexing...
javax.servlet:servlet-api:2.5 is dependency of org.apache.felix:org.apache.felix.http.samples.whiteboard:2.2.1, indexing...
javax.servlet:servlet-api:2.5 is dependency of org.apache.felix:org.apache.felix.http.samples.whiteboard:2.2.2, indexing...
javax.servlet:servlet-api:2.5 is dependency of org.apache.felix:org.apache.felix.http.samples.bridge:2.0.2, indexing...
javax.servlet:servlet-api:2.5 is dependency of org.apache.felix:org.apache.felix.http.samples.bridge:2.0.4, indexing...
javax.servlet:servlet-api:2.5 is dependency of org.apache.felix:org.apache.felix.http.samples.bridge:2.2.0, indexing...
javax.servlet:servlet-api:2.5 is dependency of org.apache.felix:org.apache.felix.http.samples.bridge:2.2.1, indexing...
javax.servlet:servlet-api:2.5 is dependency of org.apache.felix:org.apache.felix.http.samples.bridge:2.2.2, indexing...
javax.servlet:servlet-api:2.5 is dependency of org.apache.felix:org.apache.felix.http.api:2.0.2, indexing...
javax.servlet:servlet-api:2.5 is dependency of org.apache.felix:org.apache.felix.http.api:2.0.4, indexing...
javax.servlet:servlet-api:2.5 is dependency of org.apache.felix:org.apache.felix.http.api:2.2.0, indexing...
javax.servlet:servlet-api:2.5 is dependency of org.apache.felix:org.apache.felix.http.api:2.2.1, indexing...
javax.servlet:servlet-api:2.5 is dependency of org.apache.felix:org.apache.felix.http.api:2.2.2, indexing...
javax.servlet:servlet-api:2.5 is dependency of org.apache.felix:org.apache.felix.http.base:2.0.2, indexing...
javax.servlet:servlet-api:2.5 is dependency of org.apache.felix:org.apache.felix.http.base:2.0.4, indexing...
javax.servlet:servlet-api:2.5 is dependency of org.apache.felix:org.apache.felix.http.base:2.2.0, indexing...
javax.servlet:servlet-api:2.5 is dependency of org.apache.felix:org.apache.felix.http.base:2.2.1, indexing...
javax.servlet:servlet-api:2.5 is dependency of org.apache.felix:org.apache.felix.http.base:2.2.2, indexing...
javax.servlet:servlet-api:2.5 is dependency of org.apache.felix:org.apache.felix.http.whiteboard:2.0.2, indexing...
javax.servlet:servlet-api:2.5 is dependency of org.apache.felix:org.apache.felix.http.whiteboard:2.0.4, indexing...
javax.servlet:servlet-api:2.5 is dependency of org.apache.felix:org.apache.felix.http.whiteboard:2.2.0, indexing...
javax.servlet:servlet-api:2.5 is dependency of org.apache.felix:org.apache.felix.http.whiteboard:2.2.1, indexing...
javax.servlet:servlet-api:2.5 is dependency of org.apache.felix:org.apache.felix.http.whiteboard:2.2.2, indexing...
javax.servlet:servlet-api:2.5 is dependency of org.apache.felix:org.apache.felix.http.proxy:2.0.2, indexing...
javax.servlet:servlet-api:2.5 is dependency of org.apache.felix:org.apache.felix.http.proxy:2.0.4, indexing...
javax.servlet:servlet-api:2.5 is dependency of org.apache.felix:org.apache.felix.http.proxy:2.2.0, indexing...
javax.servlet:servlet-api:2.5 is dependency of org.apache.felix:org.apache.felix.http.proxy:2.2.1, indexing...
javax.servlet:servlet-api:2.5 is dependency of org.apache.felix:org.apache.felix.http.proxy:2.2.2, indexing...
javax.servlet:servlet-api:2.5 is dependency of org.apache.felix:org.apache.felix.http.bundle:2.0.2, indexing...
javax.servlet:servlet-api:2.5 is dependency of org.apache.felix:org.apache.felix.http.bridge:2.0.2, indexing...
javax.servlet:servlet-api:2.5 is dependency of org.apache.felix:org.apache.felix.http.bundle:2.0.4, indexing...
javax.servlet:servlet-api:2.5 is dependency of org.apache.felix:org.apache.felix.http.bridge:2.0.4, indexing...
javax.servlet:servlet-api:2.5 is dependency of org.apache.felix:org.apache.felix.http.bundle:2.2.0, indexing...
javax.servlet:servlet-api:2.5 is dependency of org.apache.felix:org.apache.felix.http.bridge:2.2.0, indexing...
javax.servlet:servlet-api:2.5 is dependency of org.apache.felix:org.apache.felix.http.bundle:2.2.1, indexing...
javax.servlet:servlet-api:2.5 is dependency of org.apache.felix:org.apache.felix.http.bridge:2.2.1, indexing...
javax.servlet:servlet-api:2.5 is dependency of org.cometd.java:cometd-java-server:2.4.2, indexing...
javax.servlet:servlet-api:2.5 is dependency of org.apache.felix:org.apache.felix.http.cometd:2.2.1, indexing...
javax.servlet:servlet-api:2.5 is dependency of org.apache.felix:org.apache.felix.http.bundle:2.2.2, indexing...
javax.servlet:servlet-api:2.5 is dependency of org.apache.felix:org.apache.felix.http.bridge:2.2.2, indexing...
javax.servlet:servlet-api:2.5 is dependency of org.cometd.java:cometd-java-server:2.7.0, indexing...
javax.servlet:servlet-api:2.5 is dependency of org.apache.felix:org.apache.felix.http.cometd:2.2.2, indexing...
javax.servlet:servlet-api:2.5 is dependency of org.cometd.java:cometd-java-server:2.8.0, indexing...
javax.servlet:servlet-api:2.5 is dependency of org.apache.felix:org.apache.felix.http.samples.cometd:2.2.1, indexing...
javax.servlet:servlet-api:2.5 is dependency of org.apache.felix:org.apache.felix.http.samples.cometd:2.2.2, indexing...
javax.servlet:servlet-api:2.5 is dependency of org.apache.felix:org.apache.felix.http.sslfilter:0.0.2, indexing...
javax.servlet:servlet-api:2.5 is dependency of org.apache.felix:org.apache.felix.http.samples.filter:2.0.2, indexing...
javax.servlet:servlet-api:2.5 is dependency of org.apache.felix:org.apache.felix.http.samples.filter:2.0.4, indexing...
javax.servlet:servlet-api:2.5 is dependency of org.apache.felix:org.apache.felix.http.samples.filter:2.2.0, indexing...
javax.servlet:servlet-api:2.5 is dependency of org.apache.felix:org.apache.felix.http.samples.filter:2.2.1, indexing...
javax.servlet:servlet-api:2.5 is dependency of org.apache.felix:org.apache.felix.http.samples.filter:2.2.2, indexing...
