com.google.code.findbugs:jsr305:3.0.0 is dependency of org.apache.felix:org.apache.felix.http.base:3.0.0, indexing...
com.google.code.findbugs:jsr305:3.0.0 indexed.
com.google.code.findbugs:jsr305:3.0.0 is dependency of org.apache.felix:org.apache.felix.http.base:3.0.2, indexing...
com.google.code.findbugs:jsr305:3.0.0 is dependency of org.apache.felix:org.apache.felix.http.base:3.0.4, indexing...
com.google.code.findbugs:jsr305:3.0.0 is dependency of org.apache.felix:org.apache.felix.http.base:3.0.6, indexing...
com.google.code.findbugs:jsr305:3.0.0 is dependency of org.apache.felix:org.apache.felix.http.base:3.0.8, indexing...
com.google.code.findbugs:jsr305:3.0.0 is dependency of org.apache.felix:org.apache.felix.http.base:3.0.10, indexing...
com.google.code.findbugs:jsr305:3.0.0 is dependency of org.apache.felix:org.apache.felix.http.base:3.0.12, indexing...
com.google.code.findbugs:jsr305:3.0.0 is dependency of org.apache.felix:org.apache.felix.http.base:3.0.16, indexing...
com.google.code.findbugs:jsr305:3.0.0 is dependency of org.apache.felix:org.apache.felix.http.base:3.0.18, indexing...
com.google.code.findbugs:jsr305:3.0.0 is dependency of org.apache.felix:org.apache.felix.http.base:4.0.0, indexing...
com.google.code.findbugs:jsr305:3.0.0 is dependency of org.apache.felix:org.apache.felix.http.whiteboard:4.0.0, indexing...
com.google.code.findbugs:jsr305:3.0.0 is dependency of org.apache.maven.shared:maven-shared-utils:3.1.0, indexing...
com.google.code.findbugs:jsr305:3.0.0 is dependency of org.apache.maven.shared:maven-shared-utils:3.2.1, indexing...
com.google.code.findbugs:jsr305:3.0.0 is dependency of org.apache.felix:org.apache.felix.http.bridge:4.0.0, indexing...
com.google.code.findbugs:jsr305:3.0.0 is dependency of org.apache.felix:org.apache.felix.http.parent:10, indexing...
com.google.code.findbugs:jsr305:3.0.0 is dependency of org.apache.maven.shared:maven-filtering:3.1.1, indexing...
com.google.code.findbugs:jsr305:3.0.2 is dependency of com.google.guava:guava:25.1-android, indexing...
com.google.code.findbugs:jsr305:3.0.2 indexed.
com.google.code.findbugs:jsr305:3.0.2 is dependency of org.codehaus.plexus:plexus-io:3.0.0, indexing...
com.google.code.findbugs:jsr305:3.0.2 is dependency of org.codehaus.plexus:plexus-archiver:3.5, indexing...
