org.apache.commons:commons-compress:1.14 is dependency of org.codehaus.plexus:plexus-archiver:3.5, indexing...
org.apache.commons:commons-compress:1.14 indexed.
org.apache.commons:commons-lang3:3.4 is dependency of org.apache.felix:org.apache.felix.healthcheck.webconsoleplugin:0.1.1, indexing...
org.apache.commons:commons-lang3:3.4 indexed.
org.apache.commons:commons-lang3:3.4 is dependency of org.apache.felix:org.apache.felix.healthcheck.webconsoleplugin:2.0.0, indexing...
org.apache.commons:commons-lang3:3.4 is dependency of org.apache.felix:org.apache.felix.healthcheck.core:0.1.1, indexing...
org.apache.commons:commons-lang3:3.4 is dependency of org.apache.felix:org.apache.felix.healthcheck.core:2.0.0, indexing...
org.apache.commons:commons-lang3:3.4 is dependency of org.apache.felix:org.apache.felix.healthcheck.core:2.0.2, indexing...
org.apache.commons:commons-lang3:3.4 is dependency of org.apache.felix:org.apache.felix.healthcheck.core:2.0.4, indexing...
org.apache.commons:commons-lang3:3.4 is dependency of org.apache.felix:org.apache.felix.healthcheck.core:2.0.6, indexing...
org.apache.commons:commons-lang3:3.4 is dependency of org.apache.felix:org.apache.felix.healthcheck.generalchecks:2.0.0, indexing...
org.apache.commons:commons-lang3:3.4 is dependency of org.apache.felix:org.apache.felix.healthcheck.generalchecks:2.0.2, indexing...
org.apache.commons:commons-lang3:3.4 is dependency of org.apache.felix:org.apache.felix.healthcheck.generalchecks:2.0.4, indexing...
org.apache.commons:commons-lang3:3.5 is dependency of org.apache.maven:maven-model:3.5.0, indexing...
org.apache.commons:commons-lang3:3.5 indexed.
org.apache.commons:commons-lang3:3.5 is dependency of org.apache.maven:maven-artifact:3.5.0, indexing...
org.apache.commons:commons-lang3:3.5 is dependency of org.apache.maven:maven-builder-support:3.5.0, indexing...
org.apache.commons:commons-lang3:3.5 is dependency of org.apache.maven:maven-settings-builder:3.5.0, indexing...
org.apache.commons:commons-lang3:3.5 is dependency of org.apache.maven:maven-model-builder:3.5.0, indexing...
org.apache.commons:commons-lang3:3.5 is dependency of org.apache.maven:maven-core:3.5.0, indexing...
org.apache.commons:commons-lang3:3.5 is dependency of org.apache.maven:maven-resolver-provider:3.5.0, indexing...
org.apache.commons:commons-lang3:3.8.1 is dependency of org.apache.maven:maven-core:3.6.3, indexing...
org.apache.commons:commons-lang3:3.8.1 indexed.
org.apache.commons:commons-lang3:3.8.1 is dependency of org.apache.maven:maven-artifact:3.6.3, indexing...
