org.jetbrains:annotations:16.0.2 is dependency of org.apache.felix:org.apache.felix.http.base:4.0.6, indexing...
org.jetbrains:annotations:16.0.2 indexed.
org.jetbrains:annotations:16.0.2 is dependency of org.apache.felix:org.apache.felix.http.jetty:4.0.8, indexing...
org.jetbrains:annotations:16.0.2 is dependency of org.apache.felix:org.apache.felix.http.jetty:4.0.10, indexing...
org.jetbrains:annotations:16.0.2 is dependency of org.apache.felix:org.apache.felix.http.base:4.0.8, indexing...
org.jetbrains:annotations:16.0.2 is dependency of org.apache.felix:org.apache.felix.http.jetty:4.0.12, indexing...
org.jetbrains:annotations:16.0.2 is dependency of org.apache.felix:org.apache.felix.http.jetty:4.0.14, indexing...
org.jetbrains:annotations:16.0.2 is dependency of org.apache.felix:org.apache.felix.http.jetty:4.0.16, indexing...
org.jetbrains:annotations:16.0.2 is dependency of org.apache.felix:org.apache.felix.http.base:4.0.10, indexing...
org.jetbrains:annotations:16.0.2 is dependency of org.apache.felix:org.apache.felix.http.jetty:4.0.18, indexing...
org.jetbrains:annotations:16.0.2 is dependency of org.apache.felix:org.apache.felix.http.jetty:4.0.20, indexing...
org.jetbrains:annotations:16.0.2 is dependency of org.apache.felix:org.apache.felix.http.servlet-api:1.1.4, indexing...
org.jetbrains:annotations:16.0.2 is dependency of org.apache.felix:org.apache.felix.http.base:4.1.0, indexing...
org.jetbrains:annotations:16.0.2 is dependency of org.apache.felix:org.apache.felix.http.jetty:4.1.0, indexing...
org.jetbrains:annotations:16.0.2 is dependency of org.apache.felix:org.apache.felix.http.base:4.1.2, indexing...
org.jetbrains:annotations:16.0.2 is dependency of org.apache.felix:org.apache.felix.http.jetty:4.1.2, indexing...
org.jetbrains:annotations:16.0.2 is dependency of org.apache.felix:org.apache.felix.http.base:4.0.2, indexing...
org.jetbrains:annotations:16.0.2 is dependency of org.apache.felix:org.apache.felix.http.base:4.0.4, indexing...
org.jetbrains:annotations:16.0.2 is dependency of org.apache.felix:org.apache.felix.http.base:4.1.4, indexing...
org.jetbrains:annotations:16.0.2 is dependency of org.apache.felix:org.apache.felix.http.base:4.1.6, indexing...
org.jetbrains:annotations:16.0.2 is dependency of org.apache.felix:org.apache.felix.http.jetty:4.1.4, indexing...
org.jetbrains:annotations:16.0.2 is dependency of org.apache.felix:org.apache.felix.http.jetty:4.1.6, indexing...
org.jetbrains:annotations:16.0.2 is dependency of org.apache.felix:org.apache.felix.http.jetty:4.1.8, indexing...
org.jetbrains:annotations:16.0.2 is dependency of org.apache.felix:org.apache.felix.http.jetty:4.1.10, indexing...
org.jetbrains:annotations:16.0.2 is dependency of org.apache.felix:org.apache.felix.http.jetty:4.1.12, indexing...
org.jetbrains:annotations:16.0.2 is dependency of org.apache.felix:org.apache.felix.http.jetty:4.1.14, indexing...
org.jetbrains:annotations:16.0.2 is dependency of org.apache.felix:org.apache.felix.http.proxy:3.0.4, indexing...
org.jetbrains:annotations:16.0.2 is dependency of org.apache.felix:org.apache.felix.http.proxy:3.0.6, indexing...
org.jetbrains:annotations:16.0.2 is dependency of org.apache.felix:org.apache.felix.http.bridge:4.0.2, indexing...
org.jetbrains:annotations:16.0.2 is dependency of org.apache.felix:org.apache.felix.http.bridge:4.0.4, indexing...
org.jetbrains:annotations:16.0.2 is dependency of org.apache.felix:org.apache.felix.http.bridge:4.0.6, indexing...
org.jetbrains:annotations:16.0.2 is dependency of org.apache.felix:org.apache.felix.http.bridge:4.0.8, indexing...
org.jetbrains:annotations:16.0.2 is dependency of org.apache.felix:org.apache.felix.http.bridge:4.0.10, indexing...
org.jetbrains:annotations:16.0.2 is dependency of org.apache.felix:org.apache.felix.http.bridge:4.0.12, indexing...
org.jetbrains:annotations:16.0.2 is dependency of org.apache.felix:org.apache.felix.http.bridge:4.1.0, indexing...
org.jetbrains:annotations:16.0.2 is dependency of org.apache.felix:org.apache.felix.http.bridge:4.1.2, indexing...
org.jetbrains:annotations:16.0.2 is dependency of org.apache.felix:org.apache.felix.http.bridge:4.1.4, indexing...
org.jetbrains:annotations:16.0.2 is dependency of org.apache.felix:org.apache.felix.http.bridge:4.1.6, indexing...
org.jetbrains:annotations:16.0.2 is dependency of org.apache.felix:org.apache.felix.http.parent:11, indexing...
org.jetbrains:annotations:16.0.2 is dependency of org.apache.felix:org.apache.felix.http.parent:12, indexing...
org.jetbrains:annotations:16.0.2 is dependency of org.apache.felix:org.apache.felix.http.parent:13, indexing...
org.jetbrains:annotations:16.0.2 is dependency of org.apache.felix:org.apache.felix.http.sslfilter:1.2.6, indexing...
