junit:junit:3.8.1 is dependency of org.codehaus.plexus:plexus-container-default:1.0-alpha-9-stable-1, indexing...
junit:junit:3.8.1 indexed.
junit:junit:3.8.1 is dependency of org.codehaus.plexus:plexus-classworlds:1.2-alpha-7, indexing...
junit:junit:3.8.1 is dependency of org.codehaus.plexus:plexus-component-api:1.0-alpha-16, indexing...
junit:junit:3.8.1 is dependency of org.codehaus.plexus:plexus-classworlds:1.2-alpha-9, indexing...
junit:junit:3.8.1 is dependency of org.codehaus.plexus:plexus-container-default:1.0-alpha-30, indexing...
junit:junit:3.8.1 is dependency of org.codehaus.plexus:plexus-container-default:1.0-alpha-9, indexing...
junit:junit:3.8.1 is dependency of org.apache.felix:org.apache.felix.ipojo.junit4osgi:1.0.0, indexing...
junit:junit:3.8.1 is dependency of org.apache.felix:org.apache.felix.ipojo.junit4osgi.swing-gui:1.0.0, indexing...
junit:junit:3.8.1 is dependency of org.apache.felix:org.apache.felix.ipojo.junit4osgi:1.0.0, indexing...
junit:junit:3.8.1 is dependency of org.apache.felix:org.apache.felix.ipojo.junit4osgi.felix-command:1.0.0, indexing...
junit:junit:3.8.1 is dependency of jmock:jmock:1.1.0, indexing...
junit:junit:3.8.1 is dependency of org.apache.felix:maven-junit4osgi-plugin:1.0.0, indexing...
junit:junit:3.8.2 is dependency of org.codehaus.plexus:plexus-container-default:1.5.5, indexing...
junit:junit:3.8.2 indexed.
junit:junit:4.0 is dependency of org.hamcrest:hamcrest-core:1.1, indexing...
junit:junit:4.0 indexed.
junit:junit:4.10 is dependency of org.apache.felix:org.apache.felix.eventadmin:1.4.0, indexing...
junit:junit:4.10 has dependencies: org.hamcrest:hamcrest-core:1.1
junit:junit:4.10 indexed.
junit:junit:4.10 is dependency of org.apache.felix:org.apache.felix.eventadmin:1.4.2, indexing...
junit:junit:4.10 is dependency of org.apache.felix:org.apache.felix.eventadmin:1.4.4, indexing...
junit:junit:4.10 is dependency of org.apache.felix:org.apache.felix.eventadmin:1.4.6, indexing...
junit:junit:4.10 is dependency of org.apache.felix:org.apache.felix.eventadmin:1.4.8, indexing...
junit:junit:4.10 is dependency of org.apache.felix:org.apache.felix.eventadmin:1.4.10, indexing...
junit:junit:4.11 is dependency of org.codehaus.plexus:plexus-container-default:1.7.1, indexing...
junit:junit:4.11 has dependencies: org.hamcrest:hamcrest-core:1.3
junit:junit:4.11 indexed.
junit:junit:4.12 is dependency of org.apache.felix:org.apache.felix.prefs:1.1.0, indexing...
junit:junit:4.12 has dependencies: org.hamcrest:hamcrest-core:1.3
junit:junit:4.12 indexed.
junit:junit:4.12 is dependency of org.apache.felix:org.apache.felix.inventory:1.0.6, indexing...
