org.eclipse.jetty.http2:http2-common:9.4.31.v20200723 is dependency of org.apache.felix:org.apache.felix.http.jetty:4.1.0, indexing...
org.eclipse.jetty.http2:http2-common:9.4.31.v20200723 has dependencies: org.eclipse.jetty.http2:http2-hpack:9.4.31.v20200723
org.eclipse.jetty.http2:http2-common:9.4.31.v20200723 indexed.
org.eclipse.jetty.http2:http2-common:9.4.31.v20200723 is dependency of org.eclipse.jetty.http2:http2-server:9.4.31.v20200723, indexing...
org.eclipse.jetty.http2:http2-common:9.4.32.v20200930 is dependency of org.eclipse.jetty.http2:http2-server:9.4.32.v20200930, indexing...
org.eclipse.jetty.http2:http2-common:9.4.32.v20200930 has dependencies: org.eclipse.jetty.http2:http2-hpack:9.4.32.v20200930
org.eclipse.jetty.http2:http2-common:9.4.32.v20200930 indexed.
org.eclipse.jetty.http2:http2-common:9.4.32.v20200930 is dependency of org.apache.felix:org.apache.felix.http.jetty:4.1.2, indexing...
org.eclipse.jetty.http2:http2-common:9.4.35.v20201120 is dependency of org.eclipse.jetty.http2:http2-server:9.4.35.v20201120, indexing...
org.eclipse.jetty.http2:http2-common:9.4.35.v20201120 has dependencies: org.eclipse.jetty.http2:http2-hpack:9.4.35.v20201120
org.eclipse.jetty.http2:http2-common:9.4.35.v20201120 indexed.
org.eclipse.jetty.http2:http2-common:9.4.35.v20201120 is dependency of org.apache.felix:org.apache.felix.http.jetty:4.1.4, indexing...
org.eclipse.jetty.http2:http2-common:9.4.38.v20210224 is dependency of org.apache.felix:org.apache.felix.http.jetty:4.1.6, indexing...
org.eclipse.jetty.http2:http2-common:9.4.38.v20210224 has dependencies: org.eclipse.jetty.http2:http2-hpack:9.4.38.v20210224
org.eclipse.jetty.http2:http2-common:9.4.38.v20210224 indexed.
org.eclipse.jetty.http2:http2-common:9.4.38.v20210224 is dependency of org.eclipse.jetty.http2:http2-server:9.4.38.v20210224, indexing...
org.eclipse.jetty.http2:http2-common:9.4.40.v20210413 is dependency of org.apache.felix:org.apache.felix.http.jetty:4.1.8, indexing...
org.eclipse.jetty.http2:http2-common:9.4.40.v20210413 has dependencies: org.eclipse.jetty.http2:http2-hpack:9.4.40.v20210413
org.eclipse.jetty.http2:http2-common:9.4.40.v20210413 indexed.
org.eclipse.jetty.http2:http2-common:9.4.40.v20210413 is dependency of org.eclipse.jetty.http2:http2-server:9.4.40.v20210413, indexing...
org.eclipse.jetty.http2:http2-common:9.4.42.v20210604 is dependency of org.apache.felix:org.apache.felix.http.jetty:4.1.10, indexing...
org.eclipse.jetty.http2:http2-common:9.4.42.v20210604 has dependencies: org.eclipse.jetty.http2:http2-hpack:9.4.42.v20210604
org.eclipse.jetty.http2:http2-common:9.4.42.v20210604 indexed.
org.eclipse.jetty.http2:http2-common:9.4.42.v20210604 is dependency of org.eclipse.jetty.http2:http2-server:9.4.42.v20210604, indexing...
org.eclipse.jetty.http2:http2-common:9.4.43.v20210629 is dependency of org.eclipse.jetty.http2:http2-server:9.4.43.v20210629, indexing...
org.eclipse.jetty.http2:http2-common:9.4.43.v20210629 has dependencies: org.eclipse.jetty.http2:http2-hpack:9.4.43.v20210629
org.eclipse.jetty.http2:http2-common:9.4.43.v20210629 indexed.
org.eclipse.jetty.http2:http2-common:9.4.43.v20210629 is dependency of org.apache.felix:org.apache.felix.http.jetty:4.1.12, indexing...
org.eclipse.jetty.http2:http2-common:9.4.44.v20210927 is dependency of org.eclipse.jetty.http2:http2-server:9.4.44.v20210927, indexing...
org.eclipse.jetty.http2:http2-common:9.4.44.v20210927 has dependencies: org.eclipse.jetty.http2:http2-hpack:9.4.44.v20210927
org.eclipse.jetty.http2:http2-common:9.4.44.v20210927 indexed.
org.eclipse.jetty.http2:http2-common:9.4.44.v20210927 is dependency of org.apache.felix:org.apache.felix.http.jetty:4.1.14, indexing...
org.eclipse.jetty.http2:http2-hpack:9.4.31.v20200723 is dependency of org.apache.felix:org.apache.felix.http.jetty:4.1.0, indexing...
org.eclipse.jetty.http2:http2-hpack:9.4.31.v20200723 has dependencies: org.eclipse.jetty:jetty-http:9.4.31.v20200723, org.eclipse.jetty:jetty-io:9.4.31.v20200723, org.eclipse.jetty:jetty-util:9.4.31.v20200723
org.eclipse.jetty.http2:http2-hpack:9.4.31.v20200723 indexed.
org.eclipse.jetty.http2:http2-hpack:9.4.31.v20200723 is dependency of org.eclipse.jetty.http2:http2-common:9.4.31.v20200723, indexing...
org.eclipse.jetty.http2:http2-hpack:9.4.32.v20200930 is dependency of org.apache.felix:org.apache.felix.http.jetty:4.1.2, indexing...
org.eclipse.jetty.http2:http2-hpack:9.4.32.v20200930 has dependencies: org.eclipse.jetty:jetty-http:9.4.32.v20200930, org.eclipse.jetty:jetty-io:9.4.32.v20200930, org.eclipse.jetty:jetty-util:9.4.32.v20200930
org.eclipse.jetty.http2:http2-hpack:9.4.32.v20200930 indexed.
org.eclipse.jetty.http2:http2-hpack:9.4.32.v20200930 is dependency of org.eclipse.jetty.http2:http2-common:9.4.32.v20200930, indexing...
org.eclipse.jetty.http2:http2-hpack:9.4.35.v20201120 is dependency of org.eclipse.jetty.http2:http2-common:9.4.35.v20201120, indexing...
org.eclipse.jetty.http2:http2-hpack:9.4.35.v20201120 has dependencies: org.eclipse.jetty:jetty-util:9.4.35.v20201120, org.eclipse.jetty:jetty-http:9.4.35.v20201120, org.eclipse.jetty:jetty-io:9.4.35.v20201120
org.eclipse.jetty.http2:http2-hpack:9.4.35.v20201120 indexed.
org.eclipse.jetty.http2:http2-hpack:9.4.35.v20201120 is dependency of org.apache.felix:org.apache.felix.http.jetty:4.1.4, indexing...
org.eclipse.jetty.http2:http2-hpack:9.4.38.v20210224 is dependency of org.apache.felix:org.apache.felix.http.jetty:4.1.6, indexing...
org.eclipse.jetty.http2:http2-hpack:9.4.38.v20210224 has dependencies: org.eclipse.jetty:jetty-io:9.4.38.v20210224, org.eclipse.jetty:jetty-http:9.4.38.v20210224, org.eclipse.jetty:jetty-util:9.4.38.v20210224
org.eclipse.jetty.http2:http2-hpack:9.4.38.v20210224 indexed.
org.eclipse.jetty.http2:http2-hpack:9.4.38.v20210224 is dependency of org.eclipse.jetty.http2:http2-common:9.4.38.v20210224, indexing...
org.eclipse.jetty.http2:http2-hpack:9.4.40.v20210413 is dependency of org.apache.felix:org.apache.felix.http.jetty:4.1.8, indexing...
org.eclipse.jetty.http2:http2-hpack:9.4.40.v20210413 has dependencies: org.eclipse.jetty:jetty-io:9.4.40.v20210413, org.eclipse.jetty:jetty-util:9.4.40.v20210413, org.eclipse.jetty:jetty-http:9.4.40.v20210413
org.eclipse.jetty.http2:http2-hpack:9.4.40.v20210413 indexed.
org.eclipse.jetty.http2:http2-hpack:9.4.40.v20210413 is dependency of org.eclipse.jetty.http2:http2-common:9.4.40.v20210413, indexing...
org.eclipse.jetty.http2:http2-hpack:9.4.42.v20210604 is dependency of org.eclipse.jetty.http2:http2-common:9.4.42.v20210604, indexing...
org.eclipse.jetty.http2:http2-hpack:9.4.42.v20210604 has dependencies: org.eclipse.jetty:jetty-http:9.4.42.v20210604, org.eclipse.jetty:jetty-util:9.4.42.v20210604, org.eclipse.jetty:jetty-io:9.4.42.v20210604
org.eclipse.jetty.http2:http2-hpack:9.4.42.v20210604 indexed.
org.eclipse.jetty.http2:http2-hpack:9.4.42.v20210604 is dependency of org.apache.felix:org.apache.felix.http.jetty:4.1.10, indexing...
org.eclipse.jetty.http2:http2-hpack:9.4.43.v20210629 is dependency of org.eclipse.jetty.http2:http2-common:9.4.43.v20210629, indexing...
org.eclipse.jetty.http2:http2-hpack:9.4.43.v20210629 has dependencies: org.eclipse.jetty:jetty-util:9.4.43.v20210629, org.eclipse.jetty:jetty-http:9.4.43.v20210629, org.eclipse.jetty:jetty-io:9.4.43.v20210629
org.eclipse.jetty.http2:http2-hpack:9.4.43.v20210629 indexed.
org.eclipse.jetty.http2:http2-hpack:9.4.43.v20210629 is dependency of org.apache.felix:org.apache.felix.http.jetty:4.1.12, indexing...
org.eclipse.jetty.http2:http2-hpack:9.4.44.v20210927 is dependency of org.eclipse.jetty.http2:http2-common:9.4.44.v20210927, indexing...
org.eclipse.jetty.http2:http2-hpack:9.4.44.v20210927 has dependencies: org.eclipse.jetty:jetty-http:9.4.44.v20210927, org.eclipse.jetty:jetty-util:9.4.44.v20210927, org.eclipse.jetty:jetty-io:9.4.44.v20210927
org.eclipse.jetty.http2:http2-hpack:9.4.44.v20210927 indexed.
org.eclipse.jetty.http2:http2-hpack:9.4.44.v20210927 is dependency of org.apache.felix:org.apache.felix.http.jetty:4.1.14, indexing...
org.eclipse.jetty.http2:http2-server:9.4.31.v20200723 is dependency of org.apache.felix:org.apache.felix.http.jetty:4.1.0, indexing...
org.eclipse.jetty.http2:http2-server:9.4.31.v20200723 has dependencies: org.eclipse.jetty.http2:http2-common:9.4.31.v20200723, org.eclipse.jetty:jetty-server:9.4.31.v20200723, org.eclipse.jetty.alpn:alpn-api:1.1.3.v20160715
org.eclipse.jetty.http2:http2-server:9.4.31.v20200723 indexed.
org.eclipse.jetty.http2:http2-server:9.4.32.v20200930 is dependency of org.apache.felix:org.apache.felix.http.jetty:4.1.2, indexing...
org.eclipse.jetty.http2:http2-server:9.4.32.v20200930 has dependencies: org.eclipse.jetty:jetty-server:9.4.32.v20200930, org.eclipse.jetty.http2:http2-common:9.4.32.v20200930, org.eclipse.jetty.alpn:alpn-api:1.1.3.v20160715
org.eclipse.jetty.http2:http2-server:9.4.32.v20200930 indexed.
org.eclipse.jetty.http2:http2-server:9.4.35.v20201120 is dependency of org.apache.felix:org.apache.felix.http.jetty:4.1.4, indexing...
org.eclipse.jetty.http2:http2-server:9.4.35.v20201120 has dependencies: org.eclipse.jetty:jetty-server:9.4.35.v20201120, org.eclipse.jetty.http2:http2-common:9.4.35.v20201120, org.eclipse.jetty.alpn:alpn-api:1.1.3.v20160715
org.eclipse.jetty.http2:http2-server:9.4.35.v20201120 indexed.
org.eclipse.jetty.http2:http2-server:9.4.38.v20210224 is dependency of org.apache.felix:org.apache.felix.http.jetty:4.1.6, indexing...
org.eclipse.jetty.http2:http2-server:9.4.38.v20210224 has dependencies: org.eclipse.jetty.http2:http2-common:9.4.38.v20210224, org.eclipse.jetty:jetty-server:9.4.38.v20210224, org.eclipse.jetty.alpn:alpn-api:1.1.3.v20160715
org.eclipse.jetty.http2:http2-server:9.4.38.v20210224 indexed.
org.eclipse.jetty.http2:http2-server:9.4.40.v20210413 is dependency of org.apache.felix:org.apache.felix.http.jetty:4.1.8, indexing...
org.eclipse.jetty.http2:http2-server:9.4.40.v20210413 has dependencies: org.eclipse.jetty.http2:http2-common:9.4.40.v20210413, org.eclipse.jetty:jetty-server:9.4.40.v20210413, org.eclipse.jetty.alpn:alpn-api:1.1.3.v20160715
org.eclipse.jetty.http2:http2-server:9.4.40.v20210413 indexed.
org.eclipse.jetty.http2:http2-server:9.4.42.v20210604 is dependency of org.apache.felix:org.apache.felix.http.jetty:4.1.10, indexing...
org.eclipse.jetty.http2:http2-server:9.4.42.v20210604 has dependencies: org.eclipse.jetty:jetty-server:9.4.42.v20210604, org.eclipse.jetty.http2:http2-common:9.4.42.v20210604, org.eclipse.jetty.alpn:alpn-api:1.1.3.v20160715
org.eclipse.jetty.http2:http2-server:9.4.42.v20210604 indexed.
org.eclipse.jetty.http2:http2-server:9.4.43.v20210629 is dependency of org.apache.felix:org.apache.felix.http.jetty:4.1.12, indexing...
org.eclipse.jetty.http2:http2-server:9.4.43.v20210629 has dependencies: org.eclipse.jetty:jetty-server:9.4.43.v20210629, org.eclipse.jetty.http2:http2-common:9.4.43.v20210629, org.eclipse.jetty.alpn:alpn-api:1.1.3.v20160715
org.eclipse.jetty.http2:http2-server:9.4.43.v20210629 indexed.
org.eclipse.jetty.http2:http2-server:9.4.44.v20210927 is dependency of org.apache.felix:org.apache.felix.http.jetty:4.1.14, indexing...
org.eclipse.jetty.http2:http2-server:9.4.44.v20210927 has dependencies: org.eclipse.jetty.http2:http2-common:9.4.44.v20210927, org.eclipse.jetty:jetty-server:9.4.44.v20210927, org.eclipse.jetty.alpn:alpn-api:1.1.3.v20160715
org.eclipse.jetty.http2:http2-server:9.4.44.v20210927 indexed.
