org.jline:jline:3.0.0 is dependency of org.apache.felix:org.apache.felix.gogo.jline:1.0.0, indexing...
org.jline:jline:3.0.0 indexed.
org.jline:jline:3.0.0 is dependency of org.apache.felix:org.apache.felix.gogo.jline:1.0.2, indexing...
org.jline:jline:3.0.0 is dependency of org.apache.felix:org.apache.felix.gogo.jline:1.0.4, indexing...
org.jline:jline:3.2.0 is dependency of org.apache.felix:org.apache.felix.gogo.jline:1.0.6, indexing...
org.jline:jline:3.2.0 indexed.
org.jline:jline:3.2.0 is dependency of org.apache.felix:org.apache.felix.gogo.jline:1.0.8, indexing...
org.jline:jline:3.2.0 is dependency of org.apache.felix:org.apache.felix.gogo.jline:1.0.10, indexing...
org.jline:jline:3.2.0 is dependency of org.apache.felix:org.apache.felix.gogo.jline:1.0.12, indexing...
org.jline:jline:3.7.0 is dependency of org.apache.felix:org.apache.felix.gogo.jline:1.1.0, indexing...
org.jline:jline:3.7.0 indexed.
org.jline:jline:3.7.0 is dependency of org.apache.felix:org.apache.felix.gogo.jline:1.1.2, indexing...
org.jline:jline:3.7.0 is dependency of org.apache.felix:org.apache.felix.gogo.jline:1.1.4, indexing...
org.jline:jline:3.13.2 is dependency of org.apache.felix:org.apache.felix.gogo.jline:1.1.6, indexing...
org.jline:jline:3.13.2 has dependencies: org.jline:jline-builtins:3.13.2, org.jline:jline-terminal-jansi:3.13.2, org.jline:jline-terminal-jna:3.13.2, org.jline:jline-remote-telnet:3.13.2, org.jline:jline-style:3.13.2, org.jline:jline-remote-ssh:3.13.2, org.jline:jline-terminal:3.13.2, org.jline:jline-reader:3.13.2
org.jline:jline:3.13.2 indexed.
org.jline:jline:3.13.2 is dependency of org.apache.felix:org.apache.felix.gogo.jline:1.1.8, indexing...
org.jline:jline-builtins:3.13.2 is dependency of org.jline:jline:3.13.2, indexing...
org.jline:jline-builtins:3.13.2 has dependencies: org.jline:jline-reader:3.13.2, org.jline:jline-style:3.13.2
org.jline:jline-builtins:3.13.2 indexed.
org.jline:jline-builtins:3.13.2 is dependency of org.jline:jline-remote-telnet:3.13.2, indexing...
org.jline:jline-builtins:3.13.2 is dependency of org.jline:jline-remote-ssh:3.13.2, indexing...
org.jline:jline-reader:3.13.2 is dependency of org.jline:jline-builtins:3.13.2, indexing...
org.jline:jline-reader:3.13.2 has dependencies: org.jline:jline-terminal:3.13.2
org.jline:jline-reader:3.13.2 indexed.
org.jline:jline-reader:3.13.2 is dependency of org.jline:jline:3.13.2, indexing...
org.jline:jline-remote-ssh:3.13.2 is dependency of org.jline:jline:3.13.2, indexing...
org.jline:jline-remote-ssh:3.13.2 has dependencies: org.jline:jline-builtins:3.13.2
org.jline:jline-remote-ssh:3.13.2 indexed.
org.jline:jline-remote-telnet:3.13.2 is dependency of org.jline:jline:3.13.2, indexing...
org.jline:jline-remote-telnet:3.13.2 has dependencies: org.jline:jline-builtins:3.13.2
org.jline:jline-remote-telnet:3.13.2 indexed.
org.jline:jline-style:3.13.2 is dependency of org.jline:jline-builtins:3.13.2, indexing...
org.jline:jline-style:3.13.2 has dependencies: org.jline:jline-terminal:3.13.2
org.jline:jline-style:3.13.2 indexed.
org.jline:jline-style:3.13.2 is dependency of org.jline:jline:3.13.2, indexing...
org.jline:jline-terminal:3.13.2 is dependency of org.jline:jline-reader:3.13.2, indexing...
org.jline:jline-terminal:3.13.2 indexed.
org.jline:jline-terminal:3.13.2 is dependency of org.jline:jline-style:3.13.2, indexing...
org.jline:jline-terminal:3.13.2 is dependency of org.jline:jline-terminal-jansi:3.13.2, indexing...
org.jline:jline-terminal:3.13.2 is dependency of org.jline:jline-terminal-jna:3.13.2, indexing...
org.jline:jline-terminal:3.13.2 is dependency of org.jline:jline:3.13.2, indexing...
org.jline:jline-terminal-jansi:3.13.2 is dependency of org.jline:jline:3.13.2, indexing...
org.jline:jline-terminal-jansi:3.13.2 has dependencies: org.fusesource.jansi:jansi:1.18, org.jline:jline-terminal:3.13.2
org.jline:jline-terminal-jansi:3.13.2 indexed.
org.jline:jline-terminal-jna:3.13.2 is dependency of org.jline:jline:3.13.2, indexing...
org.jline:jline-terminal-jna:3.13.2 has dependencies: org.jline:jline-terminal:3.13.2, net.java.dev.jna:jna:5.3.1
org.jline:jline-terminal-jna:3.13.2 indexed.
