org.slf4j:jcl-over-slf4j:1.6.6 is dependency of org.ops4j.pax.url:pax-url-aether:2.5.4, indexing...
org.slf4j:jcl-over-slf4j:1.6.6 has dependencies: org.slf4j:slf4j-api:1.6.6
org.slf4j:jcl-over-slf4j:1.6.6 indexed.
org.slf4j:jul-to-slf4j:1.7.22 is dependency of org.apache.felix:org.apache.felix.logback:1.0.2, indexing...
org.slf4j:jul-to-slf4j:1.7.22 has dependencies: org.slf4j:slf4j-api:1.7.22
org.slf4j:jul-to-slf4j:1.7.22 indexed.
org.slf4j:jul-to-slf4j:1.7.32 is dependency of org.apache.felix:org.apache.felix.logback:1.0.4, indexing...
org.slf4j:jul-to-slf4j:1.7.32 has dependencies: org.slf4j:slf4j-api:1.7.32
org.slf4j:jul-to-slf4j:1.7.32 indexed.
org.slf4j:jul-to-slf4j:1.7.32 is dependency of org.apache.felix:org.apache.felix.logback:1.0.6, indexing...
org.slf4j:slf4j-api:1.6.1 is dependency of org.jboss.logging:jboss-logging:3.1.4.GA, indexing...
org.slf4j:slf4j-api:1.6.1 indexed.
org.slf4j:slf4j-api:1.6.1 is dependency of org.sonatype.aether:aether-impl:1.7, indexing...
org.slf4j:slf4j-api:1.6.4 is dependency of org.cometd.java:cometd-java-server:2.4.2, indexing...
org.slf4j:slf4j-api:1.6.4 indexed.
org.slf4j:slf4j-api:1.6.4 is dependency of org.cometd.java:cometd-java-common:2.4.2, indexing...
org.slf4j:slf4j-api:1.6.4 is dependency of org.cometd.java:cometd-java-client:2.4.2, indexing...
org.slf4j:slf4j-api:1.6.6 is dependency of org.slf4j:jcl-over-slf4j:1.6.6, indexing...
org.slf4j:slf4j-api:1.6.6 indexed.
org.slf4j:slf4j-api:1.6.6 is dependency of org.ops4j.pax.url:pax-url-aether:2.5.4, indexing...
org.slf4j:slf4j-api:1.7.5 is dependency of org.cometd.java:cometd-java-common:2.7.0, indexing...
org.slf4j:slf4j-api:1.7.5 indexed.
org.slf4j:slf4j-api:1.7.5 is dependency of org.cometd.java:cometd-java-client:2.7.0, indexing...
org.slf4j:slf4j-api:1.7.5 is dependency of org.cometd.java:cometd-java-server:2.7.0, indexing...
org.slf4j:slf4j-api:1.7.6 is dependency of org.apache.felix:org.apache.felix.healthcheck.api:0.1.1, indexing...
org.slf4j:slf4j-api:1.7.6 indexed.
org.slf4j:slf4j-api:1.7.6 is dependency of org.apache.felix:org.apache.felix.healthcheck.api:2.0.0, indexing...
org.slf4j:slf4j-api:1.7.6 is dependency of org.apache.felix:org.apache.felix.healthcheck.api:2.0.2, indexing...
org.slf4j:slf4j-api:1.7.6 is dependency of org.apache.felix:org.apache.felix.healthcheck.api:2.0.4, indexing...
org.slf4j:slf4j-api:1.7.6 is dependency of org.apache.felix:org.apache.felix.healthcheck.annotation:0.1.1, indexing...
org.slf4j:slf4j-api:1.7.6 is dependency of org.apache.felix:org.apache.felix.healthcheck.annotation:2.0.0, indexing...
org.slf4j:slf4j-api:1.7.6 is dependency of org.apache.felix:org.apache.felix.systemready:0.2.0, indexing...
org.slf4j:slf4j-api:1.7.6 is dependency of org.apache.felix:org.apache.felix.systemready:0.4.0, indexing...
org.slf4j:slf4j-api:1.7.6 is dependency of org.apache.felix:org.apache.felix.rootcause:0.1.0, indexing...
org.slf4j:slf4j-api:1.7.6 is dependency of org.apache.felix:org.apache.felix.systemready:0.4.2, indexing...
org.slf4j:slf4j-api:1.7.6 is dependency of org.apache.felix:org.apache.felix.systemready:0.5.0, indexing...
org.slf4j:slf4j-api:1.7.6 is dependency of org.apache.felix:org.apache.felix.systemready:0.6.0, indexing...
org.slf4j:slf4j-api:1.7.6 is dependency of org.cometd.java:cometd-java-common:2.8.0, indexing...
org.slf4j:slf4j-api:1.7.6 is dependency of org.cometd.java:cometd-java-client:2.8.0, indexing...
org.slf4j:slf4j-api:1.7.6 is dependency of org.cometd.java:cometd-java-server:2.8.0, indexing...
org.slf4j:slf4j-api:1.7.6 is dependency of org.apache.felix:org.apache.felix.healthcheck.webconsoleplugin:0.1.1, indexing...
org.slf4j:slf4j-api:1.7.6 is dependency of org.apache.felix:org.apache.felix.healthcheck.webconsoleplugin:2.0.0, indexing...
org.slf4j:slf4j-api:1.7.6 is dependency of org.apache.felix:org.apache.felix.healthcheck.webconsoleplugin:2.0.2, indexing...
org.slf4j:slf4j-api:1.7.6 is dependency of org.apache.felix:org.apache.felix.healthcheck.core:0.1.1, indexing...
org.slf4j:slf4j-api:1.7.6 is dependency of org.apache.felix:org.apache.felix.healthcheck.core:2.0.0, indexing...
org.slf4j:slf4j-api:1.7.6 is dependency of org.apache.felix:org.apache.felix.healthcheck.core:2.0.2, indexing...
org.slf4j:slf4j-api:1.7.6 is dependency of org.apache.felix:org.apache.felix.healthcheck.core:2.0.4, indexing...
org.slf4j:slf4j-api:1.7.6 is dependency of org.apache.felix:org.apache.felix.healthcheck.core:2.0.6, indexing...
org.slf4j:slf4j-api:1.7.6 is dependency of org.apache.felix:org.apache.felix.healthcheck.core:2.0.8, indexing...
org.slf4j:slf4j-api:1.7.6 is dependency of org.apache.felix:org.apache.felix.healthcheck.core:2.0.10, indexing...
org.slf4j:slf4j-api:1.7.6 is dependency of org.apache.felix:org.apache.felix.healthcheck.core:2.0.12, indexing...
org.slf4j:slf4j-api:1.7.6 is dependency of org.apache.felix:org.apache.felix.healthcheck.generalchecks:2.0.0, indexing...
org.slf4j:slf4j-api:1.7.6 is dependency of org.apache.felix:org.apache.felix.healthcheck.generalchecks:2.0.2, indexing...
org.slf4j:slf4j-api:1.7.6 is dependency of org.apache.felix:org.apache.felix.healthcheck.generalchecks:2.0.4, indexing...
org.slf4j:slf4j-api:1.7.6 is dependency of org.apache.felix:org.apache.felix.healthcheck.generalchecks:2.0.6, indexing...
org.slf4j:slf4j-api:1.7.6 is dependency of org.apache.felix:org.apache.felix.rootcause:0.2.0, indexing...
org.slf4j:slf4j-api:1.7.6 is dependency of org.apache.felix:org.apache.felix.healthcheck.generalchecks:2.0.8, indexing...
org.slf4j:slf4j-api:1.7.6 is dependency of org.apache.felix:org.apache.felix.healthcheck.generalchecks:2.0.10, indexing...
org.slf4j:slf4j-api:1.7.6 is dependency of org.apache.felix:org.apache.felix.healthcheck.generalchecks:2.0.12, indexing...
org.slf4j:slf4j-api:1.7.6 is dependency of org.apache.felix:org.apache.felix.healthcheck.generalchecks:2.0.14, indexing...
org.slf4j:slf4j-api:1.7.6 is dependency of org.apache.felix:org.apache.felix.healthcheck.generalchecks:3.0.0, indexing...
org.slf4j:slf4j-api:1.7.22 is dependency of ch.qos.logback:logback-classic:1.2.0, indexing...
org.slf4j:slf4j-api:1.7.22 indexed.
org.slf4j:slf4j-api:1.7.22 is dependency of org.slf4j:jul-to-slf4j:1.7.22, indexing...
org.slf4j:slf4j-api:1.7.25 is dependency of org.apache.maven.resolver:maven-resolver-impl:1.4.1, indexing...
org.slf4j:slf4j-api:1.7.25 indexed.
org.slf4j:slf4j-api:1.7.26 is dependency of org.apache.felix:org.apache.felix.configadmin.plugin.interpolation:0.0.2, indexing...
org.slf4j:slf4j-api:1.7.26 indexed.
org.slf4j:slf4j-api:1.7.26 is dependency of org.apache.felix:org.apache.felix.configadmin.plugin.interpolation:0.0.4, indexing...
org.slf4j:slf4j-api:1.7.26 is dependency of org.apache.felix:org.apache.felix.configadmin.plugin.interpolation:1.0.0, indexing...
org.slf4j:slf4j-api:1.7.26 is dependency of org.apache.felix:org.apache.felix.configadmin.plugin.interpolation:1.1.0, indexing...
org.slf4j:slf4j-api:1.7.26 is dependency of org.apache.felix:org.apache.felix.configadmin.plugin.interpolation:1.1.2, indexing...
org.slf4j:slf4j-api:1.7.26 is dependency of org.apache.felix:org.apache.felix.configadmin.plugin.interpolation:1.1.4, indexing...
org.slf4j:slf4j-api:1.7.26 is dependency of org.apache.felix:org.apache.felix.configadmin.plugin.interpolation:1.2.0, indexing...
org.slf4j:slf4j-api:1.7.26 is dependency of org.apache.felix:org.apache.felix.configadmin.plugin.interpolation:1.2.2, indexing...
org.slf4j:slf4j-api:1.7.29 is dependency of org.apache.maven:maven-resolver-provider:3.6.3, indexing...
org.slf4j:slf4j-api:1.7.29 indexed.
org.slf4j:slf4j-api:1.7.32 is dependency of ch.qos.logback:logback-classic:1.2.7, indexing...
org.slf4j:slf4j-api:1.7.32 indexed.
org.slf4j:slf4j-api:1.7.32 is dependency of org.apache.felix:org.apache.felix.logback:1.0.4, indexing...
org.slf4j:slf4j-api:1.7.32 is dependency of org.slf4j:jul-to-slf4j:1.7.32, indexing...
org.slf4j:slf4j-api:1.7.32 is dependency of ch.qos.logback:logback-classic:1.2.8, indexing...
org.slf4j:slf4j-api:1.7.32 is dependency of org.apache.felix:org.apache.felix.logback:1.0.6, indexing...
org.slf4j:slf4j-api:1.8.0-beta4 is dependency of de.mnl.osgi:de.mnl.osgi.slf4j2osgi:2.1.4, indexing...
org.slf4j:slf4j-api:1.8.0-beta4 indexed.
org.slf4j:slf4j-api:1.8.0-beta4 is dependency of de.mnl.osgi:de.mnl.osgi.slf4j2osgi:2.1.5, indexing...
org.slf4j:slf4j-api:1.8.0-beta4 is dependency of de.mnl.osgi:de.mnl.osgi.slf4j2osgi:2.1.6, indexing...
