de.mnl.osgi:de.mnl.osgi.coreutils:1.0.0 in list, indexing...
de.mnl.osgi:de.mnl.osgi.coreutils:1.0.0 is excluded by rule.
de.mnl.osgi:de.mnl.osgi.coreutils:1.0.1 in list, indexing...
de.mnl.osgi:de.mnl.osgi.coreutils:1.0.1 indexed.
de.mnl.osgi:de.mnl.osgi.coreutils:1.0.2 in list, indexing...
de.mnl.osgi:de.mnl.osgi.coreutils:1.0.2 indexed.
de.mnl.osgi:de.mnl.osgi.coreutils:1.0.2 is dependency of de.mnl.osgi:de.mnl.osgi.lf4osgi:2.1.1, indexing...
de.mnl.osgi:de.mnl.osgi.coreutils:1.0.2 is dependency of de.mnl.osgi:de.mnl.osgi.jul2osgi:1.4.1, indexing...
de.mnl.osgi:de.mnl.osgi.coreutils:1.0.2 is dependency of de.mnl.osgi:de.mnl.osgi.jul2osgi:1.4.2, indexing...
de.mnl.osgi:de.mnl.osgi.coreutils:1.0.2 is dependency of de.mnl.osgi:de.mnl.osgi.osgi2jul:1.1.3, indexing...
de.mnl.osgi:de.mnl.osgi.coreutils:1.0.2 is dependency of de.mnl.osgi:de.mnl.osgi.log4j2osgi:1.0.1, indexing...
de.mnl.osgi:de.mnl.osgi.coreutils:1.0.3 in list, indexing...
de.mnl.osgi:de.mnl.osgi.coreutils:1.0.3 indexed.
de.mnl.osgi:de.mnl.osgi.coreutils:1.0.3 is dependency of de.mnl.osgi:de.mnl.osgi.lf4osgi:2.1.3, indexing...
de.mnl.osgi:de.mnl.osgi.coreutils:1.0.3 is dependency of de.mnl.osgi:de.mnl.osgi.lf4osgi:2.1.2, indexing...
de.mnl.osgi:de.mnl.osgi.coreutils:1.0.3 is dependency of de.mnl.osgi:de.mnl.osgi.slf4j2osgi:2.1.4, indexing...
de.mnl.osgi:de.mnl.osgi.coreutils:1.0.3 is dependency of de.mnl.osgi:de.mnl.osgi.jul2osgi:1.4.3, indexing...
de.mnl.osgi:de.mnl.osgi.coreutils:1.0.3 is dependency of de.mnl.osgi:de.mnl.osgi.log4j2osgi:1.0.2, indexing...
de.mnl.osgi:de.mnl.osgi.coreutils:1.0.3 is dependency of de.mnl.osgi:de.mnl.osgi.log4j2osgi:1.0.3, indexing...
de.mnl.osgi:de.mnl.osgi.coreutils:1.0.4 in list, indexing...
de.mnl.osgi:de.mnl.osgi.coreutils:1.0.4 indexed.
de.mnl.osgi:de.mnl.osgi.coreutils:1.0.4 is dependency of de.mnl.osgi:de.mnl.osgi.lf4osgi:2.1.4, indexing...
de.mnl.osgi:de.mnl.osgi.coreutils:1.0.4 is dependency of de.mnl.osgi:de.mnl.osgi.slf4j2osgi:2.1.5, indexing...
de.mnl.osgi:de.mnl.osgi.coreutils:1.0.4 is dependency of de.mnl.osgi:de.mnl.osgi.jul2osgi:1.5.0, indexing...
de.mnl.osgi:de.mnl.osgi.coreutils:1.0.4 is dependency of de.mnl.osgi:de.mnl.osgi.osgi2jul:1.1.5, indexing...
de.mnl.osgi:de.mnl.osgi.coreutils:1.0.4 is dependency of de.mnl.osgi:de.mnl.osgi.log4j2osgi:1.1.1, indexing...
de.mnl.osgi:de.mnl.osgi.coreutils:1.0.4 is dependency of de.mnl.osgi:de.mnl.osgi.log4j2osgi:1.1.2, indexing...
de.mnl.osgi:de.mnl.osgi.coreutils:2.0.0 in list, indexing...
de.mnl.osgi:de.mnl.osgi.coreutils:2.0.0 indexed.
de.mnl.osgi:de.mnl.osgi.coreutils:2.0.0 is dependency of de.mnl.osgi:de.mnl.osgi.lf4osgi:2.1.5, indexing...
de.mnl.osgi:de.mnl.osgi.coreutils:2.0.0 is dependency of de.mnl.osgi:de.mnl.osgi.slf4j2osgi:2.1.6, indexing...
de.mnl.osgi:de.mnl.osgi.coreutils:2.0.0 is dependency of de.mnl.osgi:de.mnl.osgi.jul2osgi:1.5.1, indexing...
de.mnl.osgi:de.mnl.osgi.coreutils:2.0.0 is dependency of de.mnl.osgi:de.mnl.osgi.osgi2jul:1.1.6, indexing...
de.mnl.osgi:de.mnl.osgi.coreutils:2.0.0 is dependency of de.mnl.osgi:de.mnl.osgi.log4j2osgi:1.1.3, indexing...
de.mnl.osgi:de.mnl.osgi.jul2osgi:1.1.0 in list, indexing...
de.mnl.osgi:de.mnl.osgi.jul2osgi:1.1.0 is excluded by rule.
de.mnl.osgi:de.mnl.osgi.jul2osgi:1.2.0 in list, indexing...
de.mnl.osgi:de.mnl.osgi.jul2osgi:1.2.0 is excluded by rule.
de.mnl.osgi:de.mnl.osgi.jul2osgi:1.3.0 in list, indexing...
de.mnl.osgi:de.mnl.osgi.jul2osgi:1.3.0 is excluded by rule.
de.mnl.osgi:de.mnl.osgi.jul2osgi:1.3.1 in list, indexing...
de.mnl.osgi:de.mnl.osgi.jul2osgi:1.3.1 is excluded by rule.
de.mnl.osgi:de.mnl.osgi.jul2osgi:1.4.0 in list, indexing...
de.mnl.osgi:de.mnl.osgi.jul2osgi:1.4.0 indexed.
de.mnl.osgi:de.mnl.osgi.jul2osgi:1.4.1 in list, indexing...
de.mnl.osgi:de.mnl.osgi.jul2osgi:1.4.1 has dependencies: org.osgi:org.osgi.service.log:1.4.0, de.mnl.osgi:de.mnl.osgi.coreutils:1.0.2.ga, de.mnl.osgi:de.mnl.osgi.jul2osgi.lib:1.4.1.-201903251913-SNAPSHOT
de.mnl.osgi:de.mnl.osgi.jul2osgi:1.4.1 indexed.
de.mnl.osgi:de.mnl.osgi.jul2osgi:1.4.2 in list, indexing...
de.mnl.osgi:de.mnl.osgi.jul2osgi:1.4.2 has dependencies: de.mnl.osgi:de.mnl.osgi.jul2osgi.lib:1.4.1.-201903261207-SNAPSHOT, de.mnl.osgi:de.mnl.osgi.coreutils:1.0.2.ga, org.osgi:org.osgi.service.log:1.4.0
de.mnl.osgi:de.mnl.osgi.jul2osgi:1.4.2 indexed.
de.mnl.osgi:de.mnl.osgi.jul2osgi:1.4.3 in list, indexing...
de.mnl.osgi:de.mnl.osgi.jul2osgi:1.4.3 has dependencies: de.mnl.osgi:de.mnl.osgi.coreutils:1.0.3, de.mnl.osgi:de.mnl.osgi.jul2osgi.lib:1.4.2, org.osgi:org.osgi.service.log:1.4.0
de.mnl.osgi:de.mnl.osgi.jul2osgi:1.4.3 indexed.
de.mnl.osgi:de.mnl.osgi.jul2osgi:1.5.0 in list, indexing...
de.mnl.osgi:de.mnl.osgi.jul2osgi:1.5.0 has dependencies: org.osgi:org.osgi.service.log:1.4.0, de.mnl.osgi:de.mnl.osgi.jul2osgi.lib:1.5.0, de.mnl.osgi:de.mnl.osgi.coreutils:1.0.4
de.mnl.osgi:de.mnl.osgi.jul2osgi:1.5.0 indexed.
de.mnl.osgi:de.mnl.osgi.jul2osgi:1.5.1 in list, indexing...
de.mnl.osgi:de.mnl.osgi.jul2osgi:1.5.1 has dependencies: de.mnl.osgi:de.mnl.osgi.jul2osgi.lib:1.5.0, org.osgi:org.osgi.service.log:1.4.0, de.mnl.osgi:de.mnl.osgi.coreutils:2.0.0
de.mnl.osgi:de.mnl.osgi.jul2osgi:1.5.1 indexed.
de.mnl.osgi:de.mnl.osgi.jul2osgi.lib:1.1.0 in list, indexing...
de.mnl.osgi:de.mnl.osgi.jul2osgi.lib:1.1.0 is excluded by rule.
de.mnl.osgi:de.mnl.osgi.jul2osgi.lib:1.2.0 in list, indexing...
de.mnl.osgi:de.mnl.osgi.jul2osgi.lib:1.2.0 is excluded by rule.
de.mnl.osgi:de.mnl.osgi.jul2osgi.lib:1.3.0 in list, indexing...
de.mnl.osgi:de.mnl.osgi.jul2osgi.lib:1.3.0 is excluded by rule.
de.mnl.osgi:de.mnl.osgi.jul2osgi.lib:1.3.1 in list, indexing...
de.mnl.osgi:de.mnl.osgi.jul2osgi.lib:1.3.1 is excluded by rule.
de.mnl.osgi:de.mnl.osgi.jul2osgi.lib:1.4.0 in list, indexing...
de.mnl.osgi:de.mnl.osgi.jul2osgi.lib:1.4.0 indexed.
de.mnl.osgi:de.mnl.osgi.jul2osgi.lib:1.4.2 is dependency of de.mnl.osgi:de.mnl.osgi.jul2osgi:1.4.3, indexing...
de.mnl.osgi:de.mnl.osgi.jul2osgi.lib:1.4.2 indexed.
de.mnl.osgi:de.mnl.osgi.jul2osgi.lib:1.4.2 in list (already handled as dependency).
de.mnl.osgi:de.mnl.osgi.jul2osgi.lib:1.5.0 is dependency of de.mnl.osgi:de.mnl.osgi.jul2osgi:1.5.0, indexing...
de.mnl.osgi:de.mnl.osgi.jul2osgi.lib:1.5.0 indexed.
de.mnl.osgi:de.mnl.osgi.jul2osgi.lib:1.5.0 is dependency of de.mnl.osgi:de.mnl.osgi.jul2osgi:1.5.1, indexing...
de.mnl.osgi:de.mnl.osgi.jul2osgi.lib:1.5.0 in list (already handled as dependency).
de.mnl.osgi:de.mnl.osgi.lf4osgi:1.0.0 in list, indexing...
de.mnl.osgi:de.mnl.osgi.lf4osgi:1.0.0 is excluded by rule.
de.mnl.osgi:de.mnl.osgi.lf4osgi:1.1.0 in list, indexing...
de.mnl.osgi:de.mnl.osgi.lf4osgi:1.1.0 is excluded by rule.
de.mnl.osgi:de.mnl.osgi.lf4osgi:2.0.0 in list, indexing...
de.mnl.osgi:de.mnl.osgi.lf4osgi:2.0.0 is excluded by rule.
de.mnl.osgi:de.mnl.osgi.lf4osgi:2.0.1 in list, indexing...
de.mnl.osgi:de.mnl.osgi.lf4osgi:2.0.1 is excluded by rule.
de.mnl.osgi:de.mnl.osgi.lf4osgi:2.1.0 in list, indexing...
de.mnl.osgi:de.mnl.osgi.lf4osgi:2.1.0 indexed.
de.mnl.osgi:de.mnl.osgi.lf4osgi:2.1.1 in list, indexing...
de.mnl.osgi:de.mnl.osgi.lf4osgi:2.1.1 has dependencies: org.osgi:org.osgi.service.log:1.4.0, de.mnl.osgi:de.mnl.osgi.coreutils:1.0.2.ga
de.mnl.osgi:de.mnl.osgi.lf4osgi:2.1.1 indexed.
de.mnl.osgi:de.mnl.osgi.lf4osgi:2.1.1 is dependency of de.mnl.osgi:de.mnl.osgi.log4j2osgi:1.0.1, indexing...
de.mnl.osgi:de.mnl.osgi.lf4osgi:2.1.2 in list, indexing...
de.mnl.osgi:de.mnl.osgi.lf4osgi:2.1.2 has dependencies: de.mnl.osgi:de.mnl.osgi.coreutils:1.0.3, org.osgi:org.osgi.service.log:1.4.0
de.mnl.osgi:de.mnl.osgi.lf4osgi:2.1.2 indexed.
de.mnl.osgi:de.mnl.osgi.lf4osgi:2.1.2 is dependency of de.mnl.osgi:de.mnl.osgi.log4j2osgi:1.0.2, indexing...
de.mnl.osgi:de.mnl.osgi.lf4osgi:2.1.3 is dependency of de.mnl.osgi:de.mnl.osgi.slf4j2osgi:2.1.4, indexing...
de.mnl.osgi:de.mnl.osgi.lf4osgi:2.1.3 has dependencies: de.mnl.osgi:de.mnl.osgi.coreutils:1.0.3, org.osgi:org.osgi.service.log:1.4.0
de.mnl.osgi:de.mnl.osgi.lf4osgi:2.1.3 indexed.
de.mnl.osgi:de.mnl.osgi.lf4osgi:2.1.3 in list (already handled as dependency).
de.mnl.osgi:de.mnl.osgi.lf4osgi:2.1.3 is dependency of de.mnl.osgi:de.mnl.osgi.log4j2osgi:1.0.3, indexing...
de.mnl.osgi:de.mnl.osgi.lf4osgi:2.1.4 in list, indexing...
de.mnl.osgi:de.mnl.osgi.lf4osgi:2.1.4 has dependencies: de.mnl.osgi:de.mnl.osgi.coreutils:1.0.4, org.osgi:org.osgi.service.log:1.4.0
de.mnl.osgi:de.mnl.osgi.lf4osgi:2.1.4 indexed.
de.mnl.osgi:de.mnl.osgi.lf4osgi:2.1.4 is dependency of de.mnl.osgi:de.mnl.osgi.slf4j2osgi:2.1.5, indexing...
de.mnl.osgi:de.mnl.osgi.lf4osgi:2.1.4 is dependency of de.mnl.osgi:de.mnl.osgi.log4j2osgi:1.1.1, indexing...
de.mnl.osgi:de.mnl.osgi.lf4osgi:2.1.4 is dependency of de.mnl.osgi:de.mnl.osgi.log4j2osgi:1.1.2, indexing...
de.mnl.osgi:de.mnl.osgi.lf4osgi:2.1.5 in list, indexing...
de.mnl.osgi:de.mnl.osgi.lf4osgi:2.1.5 has dependencies: org.osgi:org.osgi.service.log:1.4.0, de.mnl.osgi:de.mnl.osgi.coreutils:2.0.0
de.mnl.osgi:de.mnl.osgi.lf4osgi:2.1.5 indexed.
de.mnl.osgi:de.mnl.osgi.lf4osgi:2.1.5 is dependency of de.mnl.osgi:de.mnl.osgi.slf4j2osgi:2.1.6, indexing...
de.mnl.osgi:de.mnl.osgi.lf4osgi:2.1.5 is dependency of de.mnl.osgi:de.mnl.osgi.log4j2osgi:1.1.3, indexing...
de.mnl.osgi:de.mnl.osgi.log4j2osgi:1.0.0 in list, indexing...
de.mnl.osgi:de.mnl.osgi.log4j2osgi:1.0.0 indexed.
de.mnl.osgi:de.mnl.osgi.log4j2osgi:1.0.1 in list, indexing...
de.mnl.osgi:de.mnl.osgi.log4j2osgi:1.0.1 has dependencies: org.osgi:org.osgi.service.log:1.4.0, org.apache.logging.log4j:log4j-api:2.11.2, de.mnl.osgi:de.mnl.osgi.lf4osgi:2.1.1.ga, de.mnl.osgi:de.mnl.osgi.coreutils:1.0.2.ga
de.mnl.osgi:de.mnl.osgi.log4j2osgi:1.0.1 indexed.
de.mnl.osgi:de.mnl.osgi.log4j2osgi:1.0.2 in list, indexing...
de.mnl.osgi:de.mnl.osgi.log4j2osgi:1.0.2 has dependencies: de.mnl.osgi:de.mnl.osgi.coreutils:1.0.3, de.mnl.osgi:de.mnl.osgi.lf4osgi:2.1.2, org.apache.logging.log4j:log4j-api:2.11.2, org.osgi:org.osgi.service.log:1.4.0
de.mnl.osgi:de.mnl.osgi.log4j2osgi:1.0.2 indexed.
de.mnl.osgi:de.mnl.osgi.log4j2osgi:1.0.3 in list, indexing...
de.mnl.osgi:de.mnl.osgi.log4j2osgi:1.0.3 has dependencies: de.mnl.osgi:de.mnl.osgi.coreutils:1.0.3, org.apache.logging.log4j:log4j-api:2.11.2, org.osgi:org.osgi.service.log:1.4.0, de.mnl.osgi:de.mnl.osgi.lf4osgi:2.1.3
de.mnl.osgi:de.mnl.osgi.log4j2osgi:1.0.3 indexed.
de.mnl.osgi:de.mnl.osgi.log4j2osgi:1.1.0 in list, indexing...
de.mnl.osgi:de.mnl.osgi.log4j2osgi:1.1.0 has dependencies: de.mnl.osgi:de.mnl.osgi.lf4osgi:2.1.4-SNAPSHOT, org.osgi:org.osgi.service.log:1.4.0, org.apache.logging.log4j:log4j-api:2.9.0, de.mnl.osgi:de.mnl.osgi.coreutils:1.0.4-SNAPSHOT
de.mnl.osgi:de.mnl.osgi.log4j2osgi:1.1.0 indexed.
de.mnl.osgi:de.mnl.osgi.log4j2osgi:1.1.1 in list, indexing...
de.mnl.osgi:de.mnl.osgi.log4j2osgi:1.1.1 has dependencies: org.osgi:org.osgi.service.log:1.4.0, de.mnl.osgi:de.mnl.osgi.lf4osgi:2.1.4, org.apache.logging.log4j:log4j-api:2.9.0, de.mnl.osgi:de.mnl.osgi.coreutils:1.0.4
de.mnl.osgi:de.mnl.osgi.log4j2osgi:1.1.1 indexed.
de.mnl.osgi:de.mnl.osgi.log4j2osgi:1.1.2 in list, indexing...
de.mnl.osgi:de.mnl.osgi.log4j2osgi:1.1.2 has dependencies: org.osgi:org.osgi.service.log:1.4.0, org.apache.logging.log4j:log4j-api:2.16.0, de.mnl.osgi:de.mnl.osgi.coreutils:1.0.4, de.mnl.osgi:de.mnl.osgi.lf4osgi:2.1.4
de.mnl.osgi:de.mnl.osgi.log4j2osgi:1.1.2 indexed.
de.mnl.osgi:de.mnl.osgi.log4j2osgi:1.1.3 in list, indexing...
de.mnl.osgi:de.mnl.osgi.log4j2osgi:1.1.3 has dependencies: org.apache.logging.log4j:log4j-api:2.16.0, de.mnl.osgi:de.mnl.osgi.coreutils:2.0.0, org.osgi:org.osgi.service.log:1.4.0, de.mnl.osgi:de.mnl.osgi.lf4osgi:2.1.5
de.mnl.osgi:de.mnl.osgi.log4j2osgi:1.1.3 indexed.
de.mnl.osgi:de.mnl.osgi.osgi2jul:1.0.0 in list, indexing...
de.mnl.osgi:de.mnl.osgi.osgi2jul:1.0.0 is excluded by rule.
de.mnl.osgi:de.mnl.osgi.osgi2jul:1.0.1 in list, indexing...
de.mnl.osgi:de.mnl.osgi.osgi2jul:1.0.1 is excluded by rule.
de.mnl.osgi:de.mnl.osgi.osgi2jul:1.1.0 in list, indexing...
de.mnl.osgi:de.mnl.osgi.osgi2jul:1.1.0 is excluded by rule.
de.mnl.osgi:de.mnl.osgi.osgi2jul:1.1.2 in list, indexing...
de.mnl.osgi:de.mnl.osgi.osgi2jul:1.1.2 indexed.
de.mnl.osgi:de.mnl.osgi.osgi2jul:1.1.3 in list, indexing...
de.mnl.osgi:de.mnl.osgi.osgi2jul:1.1.3 has dependencies: org.osgi:org.osgi.service.log:1.4.0, de.mnl.osgi:de.mnl.osgi.coreutils:1.0.2.ga
de.mnl.osgi:de.mnl.osgi.osgi2jul:1.1.3 indexed.
de.mnl.osgi:de.mnl.osgi.osgi2jul:1.1.5 in list, indexing...
de.mnl.osgi:de.mnl.osgi.osgi2jul:1.1.5 has dependencies: org.osgi:org.osgi.service.log:1.4.0, de.mnl.osgi:de.mnl.osgi.coreutils:1.0.4
de.mnl.osgi:de.mnl.osgi.osgi2jul:1.1.5 indexed.
de.mnl.osgi:de.mnl.osgi.osgi2jul:1.1.6 in list, indexing...
de.mnl.osgi:de.mnl.osgi.osgi2jul:1.1.6 has dependencies: org.osgi:org.osgi.service.log:1.4.0, de.mnl.osgi:de.mnl.osgi.coreutils:2.0.0
de.mnl.osgi:de.mnl.osgi.osgi2jul:1.1.6 indexed.
de.mnl.osgi:de.mnl.osgi.slf4j2osgi:1.0.0 in list, indexing...
de.mnl.osgi:de.mnl.osgi.slf4j2osgi:1.0.0 is excluded by rule.
de.mnl.osgi:de.mnl.osgi.slf4j2osgi:1.1.0 in list, indexing...
de.mnl.osgi:de.mnl.osgi.slf4j2osgi:1.1.0 is excluded by rule.
de.mnl.osgi:de.mnl.osgi.slf4j2osgi:2.0.0 in list, indexing...
de.mnl.osgi:de.mnl.osgi.slf4j2osgi:2.0.0 is excluded by rule.
de.mnl.osgi:de.mnl.osgi.slf4j2osgi:2.1.0 in list, indexing...
de.mnl.osgi:de.mnl.osgi.slf4j2osgi:2.1.0 is excluded by rule.
de.mnl.osgi:de.mnl.osgi.slf4j2osgi:2.1.1 in list, indexing...
de.mnl.osgi:de.mnl.osgi.slf4j2osgi:2.1.1 is excluded by rule.
de.mnl.osgi:de.mnl.osgi.slf4j2osgi:2.1.2 in list, indexing...
de.mnl.osgi:de.mnl.osgi.slf4j2osgi:2.1.2 is excluded by rule.
de.mnl.osgi:de.mnl.osgi.slf4j2osgi:2.1.3 in list, indexing...
de.mnl.osgi:de.mnl.osgi.slf4j2osgi:2.1.3 is excluded by rule.
de.mnl.osgi:de.mnl.osgi.slf4j2osgi:2.1.4 in list, indexing...
de.mnl.osgi:de.mnl.osgi.slf4j2osgi:2.1.4 has dependencies: de.mnl.osgi:de.mnl.osgi.lf4osgi:2.1.3, org.slf4j:slf4j-api:[1.7.0,1.8.0), de.mnl.osgi:de.mnl.osgi.coreutils:1.0.3, org.osgi:org.osgi.service.log:1.4.0
de.mnl.osgi:de.mnl.osgi.slf4j2osgi:2.1.4 indexed.
de.mnl.osgi:de.mnl.osgi.slf4j2osgi:2.1.5 in list, indexing...
de.mnl.osgi:de.mnl.osgi.slf4j2osgi:2.1.5 has dependencies: org.slf4j:slf4j-api:[1.7.0,1.8.0), de.mnl.osgi:de.mnl.osgi.lf4osgi:2.1.4, de.mnl.osgi:de.mnl.osgi.coreutils:1.0.4, org.osgi:org.osgi.service.log:1.4.0
de.mnl.osgi:de.mnl.osgi.slf4j2osgi:2.1.5 indexed.
de.mnl.osgi:de.mnl.osgi.slf4j2osgi:2.1.6 in list, indexing...
de.mnl.osgi:de.mnl.osgi.slf4j2osgi:2.1.6 has dependencies: de.mnl.osgi:de.mnl.osgi.coreutils:2.0.0, org.slf4j:slf4j-api:[1.7.0,1.8.0), org.osgi:org.osgi.service.log:1.4.0, de.mnl.osgi:de.mnl.osgi.lf4osgi:2.1.5
de.mnl.osgi:de.mnl.osgi.slf4j2osgi:2.1.6 indexed.
